Assuming unrestricted shared filesystem usage.
host: SGBGA-D142237S
Building DAG of jobs...
Using shell: /usr/bin/bash
Provided cores: 35
Rules claiming more threads will be scaled down.
Job stats:
job      count
-----  -------
all          1
pgls       296
total      297

Select jobs to execute...
Execute 35 jobs...
[Mon Jun  8 10:12:19 2026]
localrule pgls:
    input: ../03_tf_research/05_aggregate/02_totalscore/totalscore_MA2222.1.tsv, updated_dataset.xlsx, abbreviative_name_rooted_Leptsp_tree.txt
    output: 00_results/MA2222.1/pgls1_parasitism.csv, 00_results/MA2222.1/pgls2_larval.csv, 00_results/MA2222.1/pgls3_cocoon.csv, 00_results/MA2222.1/pgls4a_wings_alata_ergatoide.csv, 00_results/MA2222.1/pgls4b_wings_alata_brachiptera.csv, 00_results/MA2222.1/pgls5_castes.csv, 00_results/MA2222.1/pgls6a_queens_mono_poly.csv, 00_results/MA2222.1/pgls6b_queens_ordinal.csv
    jobid: 130
    reason: Missing output files: 00_results/MA2222.1/pgls6b_queens_ordinal.csv, 00_results/MA2222.1/pgls2_larval.csv, 00_results/MA2222.1/pgls5_castes.csv, 00_results/MA2222.1/pgls1_parasitism.csv, 00_results/MA2222.1/pgls4a_wings_alata_ergatoide.csv, 00_results/MA2222.1/pgls4b_wings_alata_brachiptera.csv, 00_results/MA2222.1/pgls3_cocoon.csv, 00_results/MA2222.1/pgls6a_queens_mono_poly.csv; Set of input files has changed since last execution; Params have changed since last execution: Union of exclusive params before and now across all output: before: 100 now: 0 
    wildcards: motif=MA2222.1
    resources: tmpdir=/tmp
[Mon Jun  8 10:12:20 2026]
localrule pgls:
    input: ../03_tf_research/05_aggregate/02_totalscore/totalscore_MA0191.1.tsv, updated_dataset.xlsx, abbreviative_name_rooted_Leptsp_tree.txt
    output: 00_results/MA0191.1/pgls1_parasitism.csv, 00_results/MA0191.1/pgls2_larval.csv, 00_results/MA0191.1/pgls3_cocoon.csv, 00_results/MA0191.1/pgls4a_wings_alata_ergatoide.csv, 00_results/MA0191.1/pgls4b_wings_alata_brachiptera.csv, 00_results/MA0191.1/pgls5_castes.csv, 00_results/MA0191.1/pgls6a_queens_mono_poly.csv, 00_results/MA0191.1/pgls6b_queens_ordinal.csv
    jobid: 222
    reason: Missing output files: 00_results/MA0191.1/pgls6b_queens_ordinal.csv, 00_results/MA0191.1/pgls4a_wings_alata_ergatoide.csv, 00_results/MA0191.1/pgls4b_wings_alata_brachiptera.csv, 00_results/MA0191.1/pgls2_larval.csv, 00_results/MA0191.1/pgls5_castes.csv, 00_results/MA0191.1/pgls1_parasitism.csv, 00_results/MA0191.1/pgls6a_queens_mono_poly.csv, 00_results/MA0191.1/pgls3_cocoon.csv; Set of input files has changed since last execution; Params have changed since last execution: Union of exclusive params before and now across all output: before: 100 now: 0 
    wildcards: motif=MA0191.1
    resources: tmpdir=/tmp
[Mon Jun  8 10:12:20 2026]
localrule pgls:
    input: ../03_tf_research/05_aggregate/02_totalscore/totalscore_MA0456.1.tsv, updated_dataset.xlsx, abbreviative_name_rooted_Leptsp_tree.txt
    output: 00_results/MA0456.1/pgls1_parasitism.csv, 00_results/MA0456.1/pgls2_larval.csv, 00_results/MA0456.1/pgls3_cocoon.csv, 00_results/MA0456.1/pgls4a_wings_alata_ergatoide.csv, 00_results/MA0456.1/pgls4b_wings_alata_brachiptera.csv, 00_results/MA0456.1/pgls5_castes.csv, 00_results/MA0456.1/pgls6a_queens_mono_poly.csv, 00_results/MA0456.1/pgls6b_queens_ordinal.csv
    jobid: 252
    reason: Missing output files: 00_results/MA0456.1/pgls3_cocoon.csv, 00_results/MA0456.1/pgls6b_queens_ordinal.csv, 00_results/MA0456.1/pgls4a_wings_alata_ergatoide.csv, 00_results/MA0456.1/pgls6a_queens_mono_poly.csv, 00_results/MA0456.1/pgls5_castes.csv, 00_results/MA0456.1/pgls1_parasitism.csv, 00_results/MA0456.1/pgls4b_wings_alata_brachiptera.csv, 00_results/MA0456.1/pgls2_larval.csv; Set of input files has changed since last execution; Params have changed since last execution: Union of exclusive params before and now across all output: before: 100 now: 0 
    wildcards: motif=MA0456.1
    resources: tmpdir=/tmp
[Mon Jun  8 10:12:20 2026]
localrule pgls:
    input: ../03_tf_research/05_aggregate/02_totalscore/totalscore_MA2282.1.tsv, updated_dataset.xlsx, abbreviative_name_rooted_Leptsp_tree.txt
    output: 00_results/MA2282.1/pgls1_parasitism.csv, 00_results/MA2282.1/pgls2_larval.csv, 00_results/MA2282.1/pgls3_cocoon.csv, 00_results/MA2282.1/pgls4a_wings_alata_ergatoide.csv, 00_results/MA2282.1/pgls4b_wings_alata_brachiptera.csv, 00_results/MA2282.1/pgls5_castes.csv, 00_results/MA2282.1/pgls6a_queens_mono_poly.csv, 00_results/MA2282.1/pgls6b_queens_ordinal.csv
    jobid: 282
    reason: Missing output files: 00_results/MA2282.1/pgls2_larval.csv, 00_results/MA2282.1/pgls1_parasitism.csv, 00_results/MA2282.1/pgls4b_wings_alata_brachiptera.csv, 00_results/MA2282.1/pgls5_castes.csv, 00_results/MA2282.1/pgls4a_wings_alata_ergatoide.csv, 00_results/MA2282.1/pgls6b_queens_ordinal.csv, 00_results/MA2282.1/pgls6a_queens_mono_poly.csv, 00_results/MA2282.1/pgls3_cocoon.csv; Set of input files has changed since last execution; Params have changed since last execution: Union of exclusive params before and now across all output: before: 100 now: 0 
    wildcards: motif=MA2282.1
    resources: tmpdir=/tmp
[Mon Jun  8 10:12:20 2026]
localrule pgls:
    input: ../03_tf_research/05_aggregate/02_totalscore/totalscore_MA2252.1.tsv, updated_dataset.xlsx, abbreviative_name_rooted_Leptsp_tree.txt
    output: 00_results/MA2252.1/pgls1_parasitism.csv, 00_results/MA2252.1/pgls2_larval.csv, 00_results/MA2252.1/pgls3_cocoon.csv, 00_results/MA2252.1/pgls4a_wings_alata_ergatoide.csv, 00_results/MA2252.1/pgls4b_wings_alata_brachiptera.csv, 00_results/MA2252.1/pgls5_castes.csv, 00_results/MA2252.1/pgls6a_queens_mono_poly.csv, 00_results/MA2252.1/pgls6b_queens_ordinal.csv
    jobid: 43
    reason: Missing output files: 00_results/MA2252.1/pgls4b_wings_alata_brachiptera.csv, 00_results/MA2252.1/pgls1_parasitism.csv, 00_results/MA2252.1/pgls4a_wings_alata_ergatoide.csv, 00_results/MA2252.1/pgls3_cocoon.csv, 00_results/MA2252.1/pgls6b_queens_ordinal.csv, 00_results/MA2252.1/pgls5_castes.csv, 00_results/MA2252.1/pgls6a_queens_mono_poly.csv, 00_results/MA2252.1/pgls2_larval.csv; Set of input files has changed since last execution; Params have changed since last execution: Union of exclusive params before and now across all output: before: 100 now: 0 
    wildcards: motif=MA2252.1
    resources: tmpdir=/tmp
[Mon Jun  8 10:12:20 2026]
localrule pgls:
    input: ../03_tf_research/05_aggregate/02_totalscore/totalscore_MA0245.1.tsv, updated_dataset.xlsx, abbreviative_name_rooted_Leptsp_tree.txt
    output: 00_results/MA0245.1/pgls1_parasitism.csv, 00_results/MA0245.1/pgls2_larval.csv, 00_results/MA0245.1/pgls3_cocoon.csv, 00_results/MA0245.1/pgls4a_wings_alata_ergatoide.csv, 00_results/MA0245.1/pgls4b_wings_alata_brachiptera.csv, 00_results/MA0245.1/pgls5_castes.csv, 00_results/MA0245.1/pgls6a_queens_mono_poly.csv, 00_results/MA0245.1/pgls6b_queens_ordinal.csv
    jobid: 103
    reason: Missing output files: 00_results/MA0245.1/pgls2_larval.csv, 00_results/MA0245.1/pgls4b_wings_alata_brachiptera.csv, 00_results/MA0245.1/pgls3_cocoon.csv, 00_results/MA0245.1/pgls1_parasitism.csv, 00_results/MA0245.1/pgls6b_queens_ordinal.csv, 00_results/MA0245.1/pgls4a_wings_alata_ergatoide.csv, 00_results/MA0245.1/pgls5_castes.csv, 00_results/MA0245.1/pgls6a_queens_mono_poly.csv; Set of input files has changed since last execution; Params have changed since last execution: Union of exclusive params before and now across all output: before: 100 now: 0 
    wildcards: motif=MA0245.1
    resources: tmpdir=/tmp
[Mon Jun  8 10:12:20 2026]
localrule pgls:
    input: ../03_tf_research/05_aggregate/02_totalscore/totalscore_MA0022.1.tsv, updated_dataset.xlsx, abbreviative_name_rooted_Leptsp_tree.txt
    output: 00_results/MA0022.1/pgls1_parasitism.csv, 00_results/MA0022.1/pgls2_larval.csv, 00_results/MA0022.1/pgls3_cocoon.csv, 00_results/MA0022.1/pgls4a_wings_alata_ergatoide.csv, 00_results/MA0022.1/pgls4b_wings_alata_brachiptera.csv, 00_results/MA0022.1/pgls5_castes.csv, 00_results/MA0022.1/pgls6a_queens_mono_poly.csv, 00_results/MA0022.1/pgls6b_queens_ordinal.csv
    jobid: 276
    reason: Missing output files: 00_results/MA0022.1/pgls5_castes.csv, 00_results/MA0022.1/pgls3_cocoon.csv, 00_results/MA0022.1/pgls4a_wings_alata_ergatoide.csv, 00_results/MA0022.1/pgls6a_queens_mono_poly.csv, 00_results/MA0022.1/pgls4b_wings_alata_brachiptera.csv, 00_results/MA0022.1/pgls2_larval.csv, 00_results/MA0022.1/pgls6b_queens_ordinal.csv, 00_results/MA0022.1/pgls1_parasitism.csv; Set of input files has changed since last execution; Params have changed since last execution: Union of exclusive params before and now across all output: before: 100 now: 0 
    wildcards: motif=MA0022.1
    resources: tmpdir=/tmp
[Mon Jun  8 10:12:20 2026]
localrule pgls:
    input: ../03_tf_research/05_aggregate/02_totalscore/totalscore_MA2632.1.tsv, updated_dataset.xlsx, abbreviative_name_rooted_Leptsp_tree.txt
    output: 00_results/MA2632.1/pgls1_parasitism.csv, 00_results/MA2632.1/pgls2_larval.csv, 00_results/MA2632.1/pgls3_cocoon.csv, 00_results/MA2632.1/pgls4a_wings_alata_ergatoide.csv, 00_results/MA2632.1/pgls4b_wings_alata_brachiptera.csv, 00_results/MA2632.1/pgls5_castes.csv, 00_results/MA2632.1/pgls6a_queens_mono_poly.csv, 00_results/MA2632.1/pgls6b_queens_ordinal.csv
    jobid: 7
    reason: Missing output files: 00_results/MA2632.1/pgls6a_queens_mono_poly.csv, 00_results/MA2632.1/pgls1_parasitism.csv, 00_results/MA2632.1/pgls6b_queens_ordinal.csv, 00_results/MA2632.1/pgls5_castes.csv, 00_results/MA2632.1/pgls2_larval.csv, 00_results/MA2632.1/pgls4a_wings_alata_ergatoide.csv, 00_results/MA2632.1/pgls4b_wings_alata_brachiptera.csv, 00_results/MA2632.1/pgls3_cocoon.csv; Set of input files has changed since last execution; Params have changed since last execution: Union of exclusive params before and now across all output: before: 100 now: 0 
    wildcards: motif=MA2632.1
    resources: tmpdir=/tmp
[Mon Jun  8 10:12:20 2026]
localrule pgls:
    input: ../03_tf_research/05_aggregate/02_totalscore/totalscore_MA2278.1.tsv, updated_dataset.xlsx, abbreviative_name_rooted_Leptsp_tree.txt
    output: 00_results/MA2278.1/pgls1_parasitism.csv, 00_results/MA2278.1/pgls2_larval.csv, 00_results/MA2278.1/pgls3_cocoon.csv, 00_results/MA2278.1/pgls4a_wings_alata_ergatoide.csv, 00_results/MA2278.1/pgls4b_wings_alata_brachiptera.csv, 00_results/MA2278.1/pgls5_castes.csv, 00_results/MA2278.1/pgls6a_queens_mono_poly.csv, 00_results/MA2278.1/pgls6b_queens_ordinal.csv
    jobid: 67
    reason: Missing output files: 00_results/MA2278.1/pgls4b_wings_alata_brachiptera.csv, 00_results/MA2278.1/pgls3_cocoon.csv, 00_results/MA2278.1/pgls2_larval.csv, 00_results/MA2278.1/pgls6b_queens_ordinal.csv, 00_results/MA2278.1/pgls6a_queens_mono_poly.csv, 00_results/MA2278.1/pgls5_castes.csv, 00_results/MA2278.1/pgls4a_wings_alata_ergatoide.csv, 00_results/MA2278.1/pgls1_parasitism.csv; Set of input files has changed since last execution; Params have changed since last execution: Union of exclusive params before and now across all output: before: 100 now: 0 
    wildcards: motif=MA2278.1
    resources: tmpdir=/tmp
[Mon Jun  8 10:12:21 2026]
localrule pgls:
    input: ../03_tf_research/05_aggregate/02_totalscore/totalscore_MA0180.1.tsv, updated_dataset.xlsx, abbreviative_name_rooted_Leptsp_tree.txt
    output: 00_results/MA0180.1/pgls1_parasitism.csv, 00_results/MA0180.1/pgls2_larval.csv, 00_results/MA0180.1/pgls3_cocoon.csv, 00_results/MA0180.1/pgls4a_wings_alata_ergatoide.csv, 00_results/MA0180.1/pgls4b_wings_alata_brachiptera.csv, 00_results/MA0180.1/pgls5_castes.csv, 00_results/MA0180.1/pgls6a_queens_mono_poly.csv, 00_results/MA0180.1/pgls6b_queens_ordinal.csv
    jobid: 37
    reason: Missing output files: 00_results/MA0180.1/pgls4a_wings_alata_ergatoide.csv, 00_results/MA0180.1/pgls1_parasitism.csv, 00_results/MA0180.1/pgls2_larval.csv, 00_results/MA0180.1/pgls3_cocoon.csv, 00_results/MA0180.1/pgls4b_wings_alata_brachiptera.csv, 00_results/MA0180.1/pgls6a_queens_mono_poly.csv, 00_results/MA0180.1/pgls6b_queens_ordinal.csv, 00_results/MA0180.1/pgls5_castes.csv; Set of input files has changed since last execution; Params have changed since last execution: Union of exclusive params before and now across all output: before: 100 now: 0 
    wildcards: motif=MA0180.1
    resources: tmpdir=/tmp
[Mon Jun  8 10:12:21 2026]
localrule pgls:
    input: ../03_tf_research/05_aggregate/02_totalscore/totalscore_MA0187.1.tsv, updated_dataset.xlsx, abbreviative_name_rooted_Leptsp_tree.txt
    output: 00_results/MA0187.1/pgls1_parasitism.csv, 00_results/MA0187.1/pgls2_larval.csv, 00_results/MA0187.1/pgls3_cocoon.csv, 00_results/MA0187.1/pgls4a_wings_alata_ergatoide.csv, 00_results/MA0187.1/pgls4b_wings_alata_brachiptera.csv, 00_results/MA0187.1/pgls5_castes.csv, 00_results/MA0187.1/pgls6a_queens_mono_poly.csv, 00_results/MA0187.1/pgls6b_queens_ordinal.csv
    jobid: 97
    reason: Missing output files: 00_results/MA0187.1/pgls5_castes.csv, 00_results/MA0187.1/pgls6a_queens_mono_poly.csv, 00_results/MA0187.1/pgls1_parasitism.csv, 00_results/MA0187.1/pgls4b_wings_alata_brachiptera.csv, 00_results/MA0187.1/pgls6b_queens_ordinal.csv, 00_results/MA0187.1/pgls3_cocoon.csv, 00_results/MA0187.1/pgls4a_wings_alata_ergatoide.csv, 00_results/MA0187.1/pgls2_larval.csv; Set of input files has changed since last execution; Params have changed since last execution: Union of exclusive params before and now across all output: before: 100 now: 0 
    wildcards: motif=MA0187.1
    resources: tmpdir=/tmp
[Mon Jun  8 10:12:21 2026]
localrule pgls:
    input: ../03_tf_research/05_aggregate/02_totalscore/totalscore_MA2205.1.tsv, updated_dataset.xlsx, abbreviative_name_rooted_Leptsp_tree.txt
    output: 00_results/MA2205.1/pgls1_parasitism.csv, 00_results/MA2205.1/pgls2_larval.csv, 00_results/MA2205.1/pgls3_cocoon.csv, 00_results/MA2205.1/pgls4a_wings_alata_ergatoide.csv, 00_results/MA2205.1/pgls4b_wings_alata_brachiptera.csv, 00_results/MA2205.1/pgls5_castes.csv, 00_results/MA2205.1/pgls6a_queens_mono_poly.csv, 00_results/MA2205.1/pgls6b_queens_ordinal.csv
    jobid: 127
    reason: Missing output files: 00_results/MA2205.1/pgls6a_queens_mono_poly.csv, 00_results/MA2205.1/pgls6b_queens_ordinal.csv, 00_results/MA2205.1/pgls3_cocoon.csv, 00_results/MA2205.1/pgls1_parasitism.csv, 00_results/MA2205.1/pgls4b_wings_alata_brachiptera.csv, 00_results/MA2205.1/pgls2_larval.csv, 00_results/MA2205.1/pgls4a_wings_alata_ergatoide.csv, 00_results/MA2205.1/pgls5_castes.csv; Set of input files has changed since last execution; Params have changed since last execution: Union of exclusive params before and now across all output: before: 100 now: 0 
    wildcards: motif=MA2205.1
    resources: tmpdir=/tmp
[Mon Jun  8 10:12:21 2026]
localrule pgls:
    input: ../03_tf_research/05_aggregate/02_totalscore/totalscore_MA0175.1.tsv, updated_dataset.xlsx, abbreviative_name_rooted_Leptsp_tree.txt
    output: 00_results/MA0175.1/pgls1_parasitism.csv, 00_results/MA0175.1/pgls2_larval.csv, 00_results/MA0175.1/pgls3_cocoon.csv, 00_results/MA0175.1/pgls4a_wings_alata_ergatoide.csv, 00_results/MA0175.1/pgls4b_wings_alata_brachiptera.csv, 00_results/MA0175.1/pgls5_castes.csv, 00_results/MA0175.1/pgls6a_queens_mono_poly.csv, 00_results/MA0175.1/pgls6b_queens_ordinal.csv
    jobid: 157
    reason: Missing output files: 00_results/MA0175.1/pgls6b_queens_ordinal.csv, 00_results/MA0175.1/pgls5_castes.csv, 00_results/MA0175.1/pgls6a_queens_mono_poly.csv, 00_results/MA0175.1/pgls4a_wings_alata_ergatoide.csv, 00_results/MA0175.1/pgls1_parasitism.csv, 00_results/MA0175.1/pgls4b_wings_alata_brachiptera.csv, 00_results/MA0175.1/pgls2_larval.csv, 00_results/MA0175.1/pgls3_cocoon.csv; Set of input files has changed since last execution; Params have changed since last execution: Union of exclusive params before and now across all output: before: 100 now: 0 
    wildcards: motif=MA0175.1
    resources: tmpdir=/tmp
[Mon Jun  8 10:12:21 2026]
localrule pgls:
    input: ../03_tf_research/05_aggregate/02_totalscore/totalscore_MA2217.1.tsv, updated_dataset.xlsx, abbreviative_name_rooted_Leptsp_tree.txt
    output: 00_results/MA2217.1/pgls1_parasitism.csv, 00_results/MA2217.1/pgls2_larval.csv, 00_results/MA2217.1/pgls3_cocoon.csv, 00_results/MA2217.1/pgls4a_wings_alata_ergatoide.csv, 00_results/MA2217.1/pgls4b_wings_alata_brachiptera.csv, 00_results/MA2217.1/pgls5_castes.csv, 00_results/MA2217.1/pgls6a_queens_mono_poly.csv, 00_results/MA2217.1/pgls6b_queens_ordinal.csv
    jobid: 187
    reason: Missing output files: 00_results/MA2217.1/pgls2_larval.csv, 00_results/MA2217.1/pgls1_parasitism.csv, 00_results/MA2217.1/pgls4a_wings_alata_ergatoide.csv, 00_results/MA2217.1/pgls6b_queens_ordinal.csv, 00_results/MA2217.1/pgls6a_queens_mono_poly.csv, 00_results/MA2217.1/pgls3_cocoon.csv, 00_results/MA2217.1/pgls4b_wings_alata_brachiptera.csv, 00_results/MA2217.1/pgls5_castes.csv; Set of input files has changed since last execution; Params have changed since last execution: Union of exclusive params before and now across all output: before: 100 now: 0 
    wildcards: motif=MA2217.1
    resources: tmpdir=/tmp
[Mon Jun  8 10:12:21 2026]
localrule pgls:
    input: ../03_tf_research/05_aggregate/02_totalscore/totalscore_MA2316.2.tsv, updated_dataset.xlsx, abbreviative_name_rooted_Leptsp_tree.txt
    output: 00_results/MA2316.2/pgls1_parasitism.csv, 00_results/MA2316.2/pgls2_larval.csv, 00_results/MA2316.2/pgls3_cocoon.csv, 00_results/MA2316.2/pgls4a_wings_alata_ergatoide.csv, 00_results/MA2316.2/pgls4b_wings_alata_brachiptera.csv, 00_results/MA2316.2/pgls5_castes.csv, 00_results/MA2316.2/pgls6a_queens_mono_poly.csv, 00_results/MA2316.2/pgls6b_queens_ordinal.csv
    jobid: 217
    reason: Missing output files: 00_results/MA2316.2/pgls6a_queens_mono_poly.csv, 00_results/MA2316.2/pgls1_parasitism.csv, 00_results/MA2316.2/pgls4b_wings_alata_brachiptera.csv, 00_results/MA2316.2/pgls5_castes.csv, 00_results/MA2316.2/pgls2_larval.csv, 00_results/MA2316.2/pgls3_cocoon.csv, 00_results/MA2316.2/pgls4a_wings_alata_ergatoide.csv, 00_results/MA2316.2/pgls6b_queens_ordinal.csv; Set of input files has changed since last execution; Params have changed since last execution: Union of exclusive params before and now across all output: before: 100 now: 0 
    wildcards: motif=MA2316.2
    resources: tmpdir=/tmp
[Mon Jun  8 10:12:21 2026]
localrule pgls:
    input: ../03_tf_research/05_aggregate/02_totalscore/totalscore_MA2288.1.tsv, updated_dataset.xlsx, abbreviative_name_rooted_Leptsp_tree.txt
    output: 00_results/MA2288.1/pgls1_parasitism.csv, 00_results/MA2288.1/pgls2_larval.csv, 00_results/MA2288.1/pgls3_cocoon.csv, 00_results/MA2288.1/pgls4a_wings_alata_ergatoide.csv, 00_results/MA2288.1/pgls4b_wings_alata_brachiptera.csv, 00_results/MA2288.1/pgls5_castes.csv, 00_results/MA2288.1/pgls6a_queens_mono_poly.csv, 00_results/MA2288.1/pgls6b_queens_ordinal.csv
    jobid: 247
    reason: Missing output files: 00_results/MA2288.1/pgls3_cocoon.csv, 00_results/MA2288.1/pgls4a_wings_alata_ergatoide.csv, 00_results/MA2288.1/pgls5_castes.csv, 00_results/MA2288.1/pgls6a_queens_mono_poly.csv, 00_results/MA2288.1/pgls6b_queens_ordinal.csv, 00_results/MA2288.1/pgls1_parasitism.csv, 00_results/MA2288.1/pgls4b_wings_alata_brachiptera.csv, 00_results/MA2288.1/pgls2_larval.csv; Set of input files has changed since last execution; Params have changed since last execution: Union of exclusive params before and now across all output: before: 100 now: 0 
    wildcards: motif=MA2288.1
    resources: tmpdir=/tmp
[Mon Jun  8 10:12:21 2026]
localrule pgls:
    input: ../03_tf_research/05_aggregate/02_totalscore/totalscore_MA2319.1.tsv, updated_dataset.xlsx, abbreviative_name_rooted_Leptsp_tree.txt
    output: 00_results/MA2319.1/pgls1_parasitism.csv, 00_results/MA2319.1/pgls2_larval.csv, 00_results/MA2319.1/pgls3_cocoon.csv, 00_results/MA2319.1/pgls4a_wings_alata_ergatoide.csv, 00_results/MA2319.1/pgls4b_wings_alata_brachiptera.csv, 00_results/MA2319.1/pgls5_castes.csv, 00_results/MA2319.1/pgls6a_queens_mono_poly.csv, 00_results/MA2319.1/pgls6b_queens_ordinal.csv
    jobid: 277
    reason: Missing output files: 00_results/MA2319.1/pgls2_larval.csv, 00_results/MA2319.1/pgls6a_queens_mono_poly.csv, 00_results/MA2319.1/pgls5_castes.csv, 00_results/MA2319.1/pgls1_parasitism.csv, 00_results/MA2319.1/pgls4b_wings_alata_brachiptera.csv, 00_results/MA2319.1/pgls6b_queens_ordinal.csv, 00_results/MA2319.1/pgls4a_wings_alata_ergatoide.csv, 00_results/MA2319.1/pgls3_cocoon.csv; Set of input files has changed since last execution; Params have changed since last execution: Union of exclusive params before and now across all output: before: 100 now: 0 
    wildcards: motif=MA2319.1
    resources: tmpdir=/tmp
[Mon Jun  8 10:12:21 2026]
localrule pgls:
    input: ../03_tf_research/05_aggregate/02_totalscore/totalscore_MA0242.1.tsv, updated_dataset.xlsx, abbreviative_name_rooted_Leptsp_tree.txt
    output: 00_results/MA0242.1/pgls1_parasitism.csv, 00_results/MA0242.1/pgls2_larval.csv, 00_results/MA0242.1/pgls3_cocoon.csv, 00_results/MA0242.1/pgls4a_wings_alata_ergatoide.csv, 00_results/MA0242.1/pgls4b_wings_alata_brachiptera.csv, 00_results/MA0242.1/pgls5_castes.csv, 00_results/MA0242.1/pgls6a_queens_mono_poly.csv, 00_results/MA0242.1/pgls6b_queens_ordinal.csv
    jobid: 8
    reason: Missing output files: 00_results/MA0242.1/pgls5_castes.csv, 00_results/MA0242.1/pgls3_cocoon.csv, 00_results/MA0242.1/pgls6b_queens_ordinal.csv, 00_results/MA0242.1/pgls4a_wings_alata_ergatoide.csv, 00_results/MA0242.1/pgls6a_queens_mono_poly.csv, 00_results/MA0242.1/pgls4b_wings_alata_brachiptera.csv, 00_results/MA0242.1/pgls2_larval.csv, 00_results/MA0242.1/pgls1_parasitism.csv; Set of input files has changed since last execution; Params have changed since last execution: Union of exclusive params before and now across all output: before: 100 now: 0 
    wildcards: motif=MA0242.1
    resources: tmpdir=/tmp
[Mon Jun  8 10:12:21 2026]
localrule pgls:
    input: ../03_tf_research/05_aggregate/02_totalscore/totalscore_MA0450.1.tsv, updated_dataset.xlsx, abbreviative_name_rooted_Leptsp_tree.txt
    output: 00_results/MA0450.1/pgls1_parasitism.csv, 00_results/MA0450.1/pgls2_larval.csv, 00_results/MA0450.1/pgls3_cocoon.csv, 00_results/MA0450.1/pgls4a_wings_alata_ergatoide.csv, 00_results/MA0450.1/pgls4b_wings_alata_brachiptera.csv, 00_results/MA0450.1/pgls5_castes.csv, 00_results/MA0450.1/pgls6a_queens_mono_poly.csv, 00_results/MA0450.1/pgls6b_queens_ordinal.csv
    jobid: 68
    reason: Missing output files: 00_results/MA0450.1/pgls4b_wings_alata_brachiptera.csv, 00_results/MA0450.1/pgls5_castes.csv, 00_results/MA0450.1/pgls6b_queens_ordinal.csv, 00_results/MA0450.1/pgls1_parasitism.csv, 00_results/MA0450.1/pgls4a_wings_alata_ergatoide.csv, 00_results/MA0450.1/pgls2_larval.csv, 00_results/MA0450.1/pgls6a_queens_mono_poly.csv, 00_results/MA0450.1/pgls3_cocoon.csv; Set of input files has changed since last execution; Params have changed since last execution: Union of exclusive params before and now across all output: before: 100 now: 0 
    wildcards: motif=MA0450.1
    resources: tmpdir=/tmp
[Mon Jun  8 10:12:21 2026]
localrule pgls:
    input: ../03_tf_research/05_aggregate/02_totalscore/totalscore_MA2223.1.tsv, updated_dataset.xlsx, abbreviative_name_rooted_Leptsp_tree.txt
    output: 00_results/MA2223.1/pgls1_parasitism.csv, 00_results/MA2223.1/pgls2_larval.csv, 00_results/MA2223.1/pgls3_cocoon.csv, 00_results/MA2223.1/pgls4a_wings_alata_ergatoide.csv, 00_results/MA2223.1/pgls4b_wings_alata_brachiptera.csv, 00_results/MA2223.1/pgls5_castes.csv, 00_results/MA2223.1/pgls6a_queens_mono_poly.csv, 00_results/MA2223.1/pgls6b_queens_ordinal.csv
    jobid: 38
    reason: Missing output files: 00_results/MA2223.1/pgls5_castes.csv, 00_results/MA2223.1/pgls3_cocoon.csv, 00_results/MA2223.1/pgls6a_queens_mono_poly.csv, 00_results/MA2223.1/pgls2_larval.csv, 00_results/MA2223.1/pgls4a_wings_alata_ergatoide.csv, 00_results/MA2223.1/pgls4b_wings_alata_brachiptera.csv, 00_results/MA2223.1/pgls1_parasitism.csv, 00_results/MA2223.1/pgls6b_queens_ordinal.csv; Set of input files has changed since last execution; Params have changed since last execution: Union of exclusive params before and now across all output: before: 100 now: 0 
    wildcards: motif=MA2223.1
    resources: tmpdir=/tmp
[Mon Jun  8 10:12:21 2026]
localrule pgls:
    input: ../03_tf_research/05_aggregate/02_totalscore/totalscore_MA2255.1.tsv, updated_dataset.xlsx, abbreviative_name_rooted_Leptsp_tree.txt
    output: 00_results/MA2255.1/pgls1_parasitism.csv, 00_results/MA2255.1/pgls2_larval.csv, 00_results/MA2255.1/pgls3_cocoon.csv, 00_results/MA2255.1/pgls4a_wings_alata_ergatoide.csv, 00_results/MA2255.1/pgls4b_wings_alata_brachiptera.csv, 00_results/MA2255.1/pgls5_castes.csv, 00_results/MA2255.1/pgls6a_queens_mono_poly.csv, 00_results/MA2255.1/pgls6b_queens_ordinal.csv
    jobid: 98
    reason: Missing output files: 00_results/MA2255.1/pgls1_parasitism.csv, 00_results/MA2255.1/pgls4b_wings_alata_brachiptera.csv, 00_results/MA2255.1/pgls6a_queens_mono_poly.csv, 00_results/MA2255.1/pgls5_castes.csv, 00_results/MA2255.1/pgls2_larval.csv, 00_results/MA2255.1/pgls3_cocoon.csv, 00_results/MA2255.1/pgls6b_queens_ordinal.csv, 00_results/MA2255.1/pgls4a_wings_alata_ergatoide.csv; Set of input files has changed since last execution; Params have changed since last execution: Union of exclusive params before and now across all output: before: 100 now: 0 
    wildcards: motif=MA2255.1
    resources: tmpdir=/tmp
[Mon Jun  8 10:12:21 2026]
localrule pgls:
    input: ../03_tf_research/05_aggregate/02_totalscore/totalscore_MA2241.1.tsv, updated_dataset.xlsx, abbreviative_name_rooted_Leptsp_tree.txt
    output: 00_results/MA2241.1/pgls1_parasitism.csv, 00_results/MA2241.1/pgls2_larval.csv, 00_results/MA2241.1/pgls3_cocoon.csv, 00_results/MA2241.1/pgls4a_wings_alata_ergatoide.csv, 00_results/MA2241.1/pgls4b_wings_alata_brachiptera.csv, 00_results/MA2241.1/pgls5_castes.csv, 00_results/MA2241.1/pgls6a_queens_mono_poly.csv, 00_results/MA2241.1/pgls6b_queens_ordinal.csv
    jobid: 128
    reason: Missing output files: 00_results/MA2241.1/pgls5_castes.csv, 00_results/MA2241.1/pgls6a_queens_mono_poly.csv, 00_results/MA2241.1/pgls4a_wings_alata_ergatoide.csv, 00_results/MA2241.1/pgls2_larval.csv, 00_results/MA2241.1/pgls4b_wings_alata_brachiptera.csv, 00_results/MA2241.1/pgls6b_queens_ordinal.csv, 00_results/MA2241.1/pgls3_cocoon.csv, 00_results/MA2241.1/pgls1_parasitism.csv; Set of input files has changed since last execution; Params have changed since last execution: Union of exclusive params before and now across all output: before: 100 now: 0 
    wildcards: motif=MA2241.1
    resources: tmpdir=/tmp
[Mon Jun  8 10:12:21 2026]
localrule pgls:
    input: ../03_tf_research/05_aggregate/02_totalscore/totalscore_MA1702.2.tsv, updated_dataset.xlsx, abbreviative_name_rooted_Leptsp_tree.txt
    output: 00_results/MA1702.2/pgls1_parasitism.csv, 00_results/MA1702.2/pgls2_larval.csv, 00_results/MA1702.2/pgls3_cocoon.csv, 00_results/MA1702.2/pgls4a_wings_alata_ergatoide.csv, 00_results/MA1702.2/pgls4b_wings_alata_brachiptera.csv, 00_results/MA1702.2/pgls5_castes.csv, 00_results/MA1702.2/pgls6a_queens_mono_poly.csv, 00_results/MA1702.2/pgls6b_queens_ordinal.csv
    jobid: 158
    reason: Missing output files: 00_results/MA1702.2/pgls4a_wings_alata_ergatoide.csv, 00_results/MA1702.2/pgls2_larval.csv, 00_results/MA1702.2/pgls5_castes.csv, 00_results/MA1702.2/pgls1_parasitism.csv, 00_results/MA1702.2/pgls4b_wings_alata_brachiptera.csv, 00_results/MA1702.2/pgls6a_queens_mono_poly.csv, 00_results/MA1702.2/pgls6b_queens_ordinal.csv, 00_results/MA1702.2/pgls3_cocoon.csv; Set of input files has changed since last execution; Params have changed since last execution: Union of exclusive params before and now across all output: before: 100 now: 0 
    wildcards: motif=MA1702.2
    resources: tmpdir=/tmp
[Mon Jun  8 10:12:21 2026]
localrule pgls:
    input: ../03_tf_research/05_aggregate/02_totalscore/totalscore_MA2208.1.tsv, updated_dataset.xlsx, abbreviative_name_rooted_Leptsp_tree.txt
    output: 00_results/MA2208.1/pgls1_parasitism.csv, 00_results/MA2208.1/pgls2_larval.csv, 00_results/MA2208.1/pgls3_cocoon.csv, 00_results/MA2208.1/pgls4a_wings_alata_ergatoide.csv, 00_results/MA2208.1/pgls4b_wings_alata_brachiptera.csv, 00_results/MA2208.1/pgls5_castes.csv, 00_results/MA2208.1/pgls6a_queens_mono_poly.csv, 00_results/MA2208.1/pgls6b_queens_ordinal.csv
    jobid: 188
    reason: Missing output files: 00_results/MA2208.1/pgls4b_wings_alata_brachiptera.csv, 00_results/MA2208.1/pgls6a_queens_mono_poly.csv, 00_results/MA2208.1/pgls3_cocoon.csv, 00_results/MA2208.1/pgls6b_queens_ordinal.csv, 00_results/MA2208.1/pgls1_parasitism.csv, 00_results/MA2208.1/pgls2_larval.csv, 00_results/MA2208.1/pgls4a_wings_alata_ergatoide.csv, 00_results/MA2208.1/pgls5_castes.csv; Set of input files has changed since last execution; Params have changed since last execution: Union of exclusive params before and now across all output: before: 100 now: 0 
    wildcards: motif=MA2208.1
    resources: tmpdir=/tmp
[Mon Jun  8 10:12:21 2026]
localrule pgls:
    input: ../03_tf_research/05_aggregate/02_totalscore/totalscore_MA0197.3.tsv, updated_dataset.xlsx, abbreviative_name_rooted_Leptsp_tree.txt
    output: 00_results/MA0197.3/pgls1_parasitism.csv, 00_results/MA0197.3/pgls2_larval.csv, 00_results/MA0197.3/pgls3_cocoon.csv, 00_results/MA0197.3/pgls4a_wings_alata_ergatoide.csv, 00_results/MA0197.3/pgls4b_wings_alata_brachiptera.csv, 00_results/MA0197.3/pgls5_castes.csv, 00_results/MA0197.3/pgls6a_queens_mono_poly.csv, 00_results/MA0197.3/pgls6b_queens_ordinal.csv
    jobid: 278
    reason: Missing output files: 00_results/MA0197.3/pgls6a_queens_mono_poly.csv, 00_results/MA0197.3/pgls4a_wings_alata_ergatoide.csv, 00_results/MA0197.3/pgls1_parasitism.csv, 00_results/MA0197.3/pgls3_cocoon.csv, 00_results/MA0197.3/pgls5_castes.csv, 00_results/MA0197.3/pgls2_larval.csv, 00_results/MA0197.3/pgls4b_wings_alata_brachiptera.csv, 00_results/MA0197.3/pgls6b_queens_ordinal.csv; Set of input files has changed since last execution; Params have changed since last execution: Union of exclusive params before and now across all output: before: 100 now: 0 
    wildcards: motif=MA0197.3
    resources: tmpdir=/tmp
[Mon Jun  8 10:12:21 2026]
localrule pgls:
    input: ../03_tf_research/05_aggregate/02_totalscore/totalscore_MA2211.1.tsv, updated_dataset.xlsx, abbreviative_name_rooted_Leptsp_tree.txt
    output: 00_results/MA2211.1/pgls1_parasitism.csv, 00_results/MA2211.1/pgls2_larval.csv, 00_results/MA2211.1/pgls3_cocoon.csv, 00_results/MA2211.1/pgls4a_wings_alata_ergatoide.csv, 00_results/MA2211.1/pgls4b_wings_alata_brachiptera.csv, 00_results/MA2211.1/pgls5_castes.csv, 00_results/MA2211.1/pgls6a_queens_mono_poly.csv, 00_results/MA2211.1/pgls6b_queens_ordinal.csv
    jobid: 9
    reason: Missing output files: 00_results/MA2211.1/pgls4b_wings_alata_brachiptera.csv, 00_results/MA2211.1/pgls3_cocoon.csv, 00_results/MA2211.1/pgls6a_queens_mono_poly.csv, 00_results/MA2211.1/pgls2_larval.csv, 00_results/MA2211.1/pgls1_parasitism.csv, 00_results/MA2211.1/pgls4a_wings_alata_ergatoide.csv, 00_results/MA2211.1/pgls5_castes.csv, 00_results/MA2211.1/pgls6b_queens_ordinal.csv; Set of input files has changed since last execution; Params have changed since last execution: Union of exclusive params before and now across all output: before: 100 now: 0 
    wildcards: motif=MA2211.1
    resources: tmpdir=/tmp
[Mon Jun  8 10:12:21 2026]
localrule pgls:
    input: ../03_tf_research/05_aggregate/02_totalscore/totalscore_MA1838.2.tsv, updated_dataset.xlsx, abbreviative_name_rooted_Leptsp_tree.txt
    output: 00_results/MA1838.2/pgls1_parasitism.csv, 00_results/MA1838.2/pgls2_larval.csv, 00_results/MA1838.2/pgls3_cocoon.csv, 00_results/MA1838.2/pgls4a_wings_alata_ergatoide.csv, 00_results/MA1838.2/pgls4b_wings_alata_brachiptera.csv, 00_results/MA1838.2/pgls5_castes.csv, 00_results/MA1838.2/pgls6a_queens_mono_poly.csv, 00_results/MA1838.2/pgls6b_queens_ordinal.csv
    jobid: 69
    reason: Missing output files: 00_results/MA1838.2/pgls4b_wings_alata_brachiptera.csv, 00_results/MA1838.2/pgls4a_wings_alata_ergatoide.csv, 00_results/MA1838.2/pgls5_castes.csv, 00_results/MA1838.2/pgls1_parasitism.csv, 00_results/MA1838.2/pgls3_cocoon.csv, 00_results/MA1838.2/pgls2_larval.csv, 00_results/MA1838.2/pgls6a_queens_mono_poly.csv, 00_results/MA1838.2/pgls6b_queens_ordinal.csv; Set of input files has changed since last execution; Params have changed since last execution: Union of exclusive params before and now across all output: before: 100 now: 0 
    wildcards: motif=MA1838.2
    resources: tmpdir=/tmp
[Mon Jun  8 10:12:21 2026]
localrule pgls:
    input: ../03_tf_research/05_aggregate/02_totalscore/totalscore_MA2227.1.tsv, updated_dataset.xlsx, abbreviative_name_rooted_Leptsp_tree.txt
    output: 00_results/MA2227.1/pgls1_parasitism.csv, 00_results/MA2227.1/pgls2_larval.csv, 00_results/MA2227.1/pgls3_cocoon.csv, 00_results/MA2227.1/pgls4a_wings_alata_ergatoide.csv, 00_results/MA2227.1/pgls4b_wings_alata_brachiptera.csv, 00_results/MA2227.1/pgls5_castes.csv, 00_results/MA2227.1/pgls6a_queens_mono_poly.csv, 00_results/MA2227.1/pgls6b_queens_ordinal.csv
    jobid: 39
    reason: Missing output files: 00_results/MA2227.1/pgls4a_wings_alata_ergatoide.csv, 00_results/MA2227.1/pgls2_larval.csv, 00_results/MA2227.1/pgls1_parasitism.csv, 00_results/MA2227.1/pgls5_castes.csv, 00_results/MA2227.1/pgls6a_queens_mono_poly.csv, 00_results/MA2227.1/pgls3_cocoon.csv, 00_results/MA2227.1/pgls6b_queens_ordinal.csv, 00_results/MA2227.1/pgls4b_wings_alata_brachiptera.csv; Set of input files has changed since last execution; Params have changed since last execution: Union of exclusive params before and now across all output: before: 100 now: 0 
    wildcards: motif=MA2227.1
    resources: tmpdir=/tmp
[Mon Jun  8 10:12:21 2026]
localrule pgls:
    input: ../03_tf_research/05_aggregate/02_totalscore/totalscore_MA2254.1.tsv, updated_dataset.xlsx, abbreviative_name_rooted_Leptsp_tree.txt
    output: 00_results/MA2254.1/pgls1_parasitism.csv, 00_results/MA2254.1/pgls2_larval.csv, 00_results/MA2254.1/pgls3_cocoon.csv, 00_results/MA2254.1/pgls4a_wings_alata_ergatoide.csv, 00_results/MA2254.1/pgls4b_wings_alata_brachiptera.csv, 00_results/MA2254.1/pgls5_castes.csv, 00_results/MA2254.1/pgls6a_queens_mono_poly.csv, 00_results/MA2254.1/pgls6b_queens_ordinal.csv
    jobid: 99
    reason: Missing output files: 00_results/MA2254.1/pgls3_cocoon.csv, 00_results/MA2254.1/pgls6b_queens_ordinal.csv, 00_results/MA2254.1/pgls1_parasitism.csv, 00_results/MA2254.1/pgls2_larval.csv, 00_results/MA2254.1/pgls5_castes.csv, 00_results/MA2254.1/pgls4a_wings_alata_ergatoide.csv, 00_results/MA2254.1/pgls6a_queens_mono_poly.csv, 00_results/MA2254.1/pgls4b_wings_alata_brachiptera.csv; Set of input files has changed since last execution; Params have changed since last execution: Union of exclusive params before and now across all output: before: 100 now: 0 
    wildcards: motif=MA2254.1
    resources: tmpdir=/tmp
[Mon Jun  8 10:12:21 2026]
localrule pgls:
    input: ../03_tf_research/05_aggregate/02_totalscore/totalscore_MA0174.1.tsv, updated_dataset.xlsx, abbreviative_name_rooted_Leptsp_tree.txt
    output: 00_results/MA0174.1/pgls1_parasitism.csv, 00_results/MA0174.1/pgls2_larval.csv, 00_results/MA0174.1/pgls3_cocoon.csv, 00_results/MA0174.1/pgls4a_wings_alata_ergatoide.csv, 00_results/MA0174.1/pgls4b_wings_alata_brachiptera.csv, 00_results/MA0174.1/pgls5_castes.csv, 00_results/MA0174.1/pgls6a_queens_mono_poly.csv, 00_results/MA0174.1/pgls6b_queens_ordinal.csv
    jobid: 129
    reason: Missing output files: 00_results/MA0174.1/pgls4b_wings_alata_brachiptera.csv, 00_results/MA0174.1/pgls5_castes.csv, 00_results/MA0174.1/pgls2_larval.csv, 00_results/MA0174.1/pgls6a_queens_mono_poly.csv, 00_results/MA0174.1/pgls3_cocoon.csv, 00_results/MA0174.1/pgls4a_wings_alata_ergatoide.csv, 00_results/MA0174.1/pgls1_parasitism.csv, 00_results/MA0174.1/pgls6b_queens_ordinal.csv; Set of input files has changed since last execution; Params have changed since last execution: Union of exclusive params before and now across all output: before: 100 now: 0 
    wildcards: motif=MA0174.1
    resources: tmpdir=/tmp
[Mon Jun  8 10:12:21 2026]
localrule pgls:
    input: ../03_tf_research/05_aggregate/02_totalscore/totalscore_MA0218.1.tsv, updated_dataset.xlsx, abbreviative_name_rooted_Leptsp_tree.txt
    output: 00_results/MA0218.1/pgls1_parasitism.csv, 00_results/MA0218.1/pgls2_larval.csv, 00_results/MA0218.1/pgls3_cocoon.csv, 00_results/MA0218.1/pgls4a_wings_alata_ergatoide.csv, 00_results/MA0218.1/pgls4b_wings_alata_brachiptera.csv, 00_results/MA0218.1/pgls5_castes.csv, 00_results/MA0218.1/pgls6a_queens_mono_poly.csv, 00_results/MA0218.1/pgls6b_queens_ordinal.csv
    jobid: 159
    reason: Missing output files: 00_results/MA0218.1/pgls6b_queens_ordinal.csv, 00_results/MA0218.1/pgls3_cocoon.csv, 00_results/MA0218.1/pgls2_larval.csv, 00_results/MA0218.1/pgls6a_queens_mono_poly.csv, 00_results/MA0218.1/pgls5_castes.csv, 00_results/MA0218.1/pgls4a_wings_alata_ergatoide.csv, 00_results/MA0218.1/pgls1_parasitism.csv, 00_results/MA0218.1/pgls4b_wings_alata_brachiptera.csv; Set of input files has changed since last execution; Params have changed since last execution: Union of exclusive params before and now across all output: before: 100 now: 0 
    wildcards: motif=MA0218.1
    resources: tmpdir=/tmp
[Mon Jun  8 10:12:21 2026]
localrule pgls:
    input: ../03_tf_research/05_aggregate/02_totalscore/totalscore_MA2320.1.tsv, updated_dataset.xlsx, abbreviative_name_rooted_Leptsp_tree.txt
    output: 00_results/MA2320.1/pgls1_parasitism.csv, 00_results/MA2320.1/pgls2_larval.csv, 00_results/MA2320.1/pgls3_cocoon.csv, 00_results/MA2320.1/pgls4a_wings_alata_ergatoide.csv, 00_results/MA2320.1/pgls4b_wings_alata_brachiptera.csv, 00_results/MA2320.1/pgls5_castes.csv, 00_results/MA2320.1/pgls6a_queens_mono_poly.csv, 00_results/MA2320.1/pgls6b_queens_ordinal.csv
    jobid: 189
    reason: Missing output files: 00_results/MA2320.1/pgls5_castes.csv, 00_results/MA2320.1/pgls4a_wings_alata_ergatoide.csv, 00_results/MA2320.1/pgls2_larval.csv, 00_results/MA2320.1/pgls3_cocoon.csv, 00_results/MA2320.1/pgls1_parasitism.csv, 00_results/MA2320.1/pgls4b_wings_alata_brachiptera.csv, 00_results/MA2320.1/pgls6a_queens_mono_poly.csv, 00_results/MA2320.1/pgls6b_queens_ordinal.csv; Set of input files has changed since last execution; Params have changed since last execution: Union of exclusive params before and now across all output: before: 100 now: 0 
    wildcards: motif=MA2320.1
    resources: tmpdir=/tmp
[Mon Jun  8 10:12:21 2026]
localrule pgls:
    input: ../03_tf_research/05_aggregate/02_totalscore/totalscore_MA2247.1.tsv, updated_dataset.xlsx, abbreviative_name_rooted_Leptsp_tree.txt
    output: 00_results/MA2247.1/pgls1_parasitism.csv, 00_results/MA2247.1/pgls2_larval.csv, 00_results/MA2247.1/pgls3_cocoon.csv, 00_results/MA2247.1/pgls4a_wings_alata_ergatoide.csv, 00_results/MA2247.1/pgls4b_wings_alata_brachiptera.csv, 00_results/MA2247.1/pgls5_castes.csv, 00_results/MA2247.1/pgls6a_queens_mono_poly.csv, 00_results/MA2247.1/pgls6b_queens_ordinal.csv
    jobid: 219
    reason: Missing output files: 00_results/MA2247.1/pgls5_castes.csv, 00_results/MA2247.1/pgls1_parasitism.csv, 00_results/MA2247.1/pgls4b_wings_alata_brachiptera.csv, 00_results/MA2247.1/pgls6b_queens_ordinal.csv, 00_results/MA2247.1/pgls2_larval.csv, 00_results/MA2247.1/pgls6a_queens_mono_poly.csv, 00_results/MA2247.1/pgls3_cocoon.csv, 00_results/MA2247.1/pgls4a_wings_alata_ergatoide.csv; Set of input files has changed since last execution; Params have changed since last execution: Union of exclusive params before and now across all output: before: 100 now: 0 
    wildcards: motif=MA2247.1
    resources: tmpdir=/tmp
[Mon Jun  8 10:12:21 2026]
localrule pgls:
    input: ../03_tf_research/05_aggregate/02_totalscore/totalscore_MA2256.1.tsv, updated_dataset.xlsx, abbreviative_name_rooted_Leptsp_tree.txt
    output: 00_results/MA2256.1/pgls1_parasitism.csv, 00_results/MA2256.1/pgls2_larval.csv, 00_results/MA2256.1/pgls3_cocoon.csv, 00_results/MA2256.1/pgls4a_wings_alata_ergatoide.csv, 00_results/MA2256.1/pgls4b_wings_alata_brachiptera.csv, 00_results/MA2256.1/pgls5_castes.csv, 00_results/MA2256.1/pgls6a_queens_mono_poly.csv, 00_results/MA2256.1/pgls6b_queens_ordinal.csv
    jobid: 249
    reason: Missing output files: 00_results/MA2256.1/pgls6b_queens_ordinal.csv, 00_results/MA2256.1/pgls6a_queens_mono_poly.csv, 00_results/MA2256.1/pgls3_cocoon.csv, 00_results/MA2256.1/pgls1_parasitism.csv, 00_results/MA2256.1/pgls4a_wings_alata_ergatoide.csv, 00_results/MA2256.1/pgls4b_wings_alata_brachiptera.csv, 00_results/MA2256.1/pgls2_larval.csv, 00_results/MA2256.1/pgls5_castes.csv; Set of input files has changed since last execution; Params have changed since last execution: Union of exclusive params before and now across all output: before: 100 now: 0 
    wildcards: motif=MA2256.1
    resources: tmpdir=/tmp
[Mon Jun  8 10:12:21 2026]
localrule pgls:
    input: ../03_tf_research/05_aggregate/02_totalscore/totalscore_MA2214.1.tsv, updated_dataset.xlsx, abbreviative_name_rooted_Leptsp_tree.txt
    output: 00_results/MA2214.1/pgls1_parasitism.csv, 00_results/MA2214.1/pgls2_larval.csv, 00_results/MA2214.1/pgls3_cocoon.csv, 00_results/MA2214.1/pgls4a_wings_alata_ergatoide.csv, 00_results/MA2214.1/pgls4b_wings_alata_brachiptera.csv, 00_results/MA2214.1/pgls5_castes.csv, 00_results/MA2214.1/pgls6a_queens_mono_poly.csv, 00_results/MA2214.1/pgls6b_queens_ordinal.csv
    jobid: 279
    reason: Missing output files: 00_results/MA2214.1/pgls5_castes.csv, 00_results/MA2214.1/pgls2_larval.csv, 00_results/MA2214.1/pgls4a_wings_alata_ergatoide.csv, 00_results/MA2214.1/pgls4b_wings_alata_brachiptera.csv, 00_results/MA2214.1/pgls6a_queens_mono_poly.csv, 00_results/MA2214.1/pgls1_parasitism.csv, 00_results/MA2214.1/pgls3_cocoon.csv, 00_results/MA2214.1/pgls6b_queens_ordinal.csv; Set of input files has changed since last execution; Params have changed since last execution: Union of exclusive params before and now across all output: before: 100 now: 0 
    wildcards: motif=MA2214.1
    resources: tmpdir=/tmp
Select jobs to execute...
Terminating processes on user request, this might take some time.
