Assuming unrestricted shared filesystem usage.
host: SGBGA-D142237S
Building DAG of jobs...
Using shell: /usr/bin/bash
Provided cores: 1 (use --cores to define parallelism)
Rules claiming more threads will be scaled down.
Job stats:
job                count
---------------  -------
all                    1
pgls_phenotypes      296
total                297

Select jobs to execute...
Execute 1 jobs...
[Wed Jun 17 15:17:14 2026]
localrule pgls_phenotypes:
    input: tree_rooted.nwk, updated_dataset.tsv, ../../03_tf_research/05_aggregate/02_totalscore/totalscore_MA0178.1.tsv
    output: ../01_pgls_results/MA0178.1/pgls5_castes.csv
    log: ../01_pgls_results/MA0178.1/logs/pgls_phenotypes.log
    jobid: 29
    reason: Missing output files: ../01_pgls_results/MA0178.1/pgls5_castes.csv
    wildcards: motif=MA0178.1
    resources: tmpdir=/tmp
Select jobs to execute...
Terminating processes on user request, this might take some time.
