Assuming unrestricted shared filesystem usage.
host: SGBGA-D142237S
Building DAG of jobs...
Using shell: /usr/bin/bash
Provided cores: 1 (use --cores to define parallelism)
Rules claiming more threads will be scaled down.
Job stats:
job                count
---------------  -------
all                    1
pgls_phenotypes      296
total                297

Select jobs to execute...
Execute 1 jobs...
[Fri Jun 26 12:28:33 2026]
localrule pgls_phenotypes:
    input: tree_rooted.nwk, updated_dataset.tsv, ../../03_tf_research/05_aggregate/05_totalscore_orthofinder/totalscore_MA0212.1.tsv
    output: ../02_pgls_Ortho_results/MA0212.1/pgls5_Ortho_castes.csv
    log: ../01_pgls_results/MA0212.1/logs/pgls_phenotypes.log
    jobid: 88
    reason: Missing output files: ../02_pgls_Ortho_results/MA0212.1/pgls5_Ortho_castes.csv
    wildcards: motif=MA0212.1
    resources: tmpdir=/tmp
Select jobs to execute...
RuleException:
CalledProcessError in file "/DATASMALL/samuel.pederzini/TF-Formicidae/04_pgls_analysis/00_instruction/snakefile_pgls_Ortho_analysis.smk", line 21:
Command 'set -euo pipefail;  OMP_NUM_THREADS=1 OPENBLAS_NUM_THREADS=1 MKL_NUM_THREADS=1 Rscript pgls_Ortho_phenothypes.R tree_rooted.nwk updated_dataset.tsv ../../03_tf_research/05_aggregate/05_totalscore_orthofinder/totalscore_MA0212.1.tsv 40 ../02_pgls_Ortho_results/MA0212.1/pgls5_Ortho_castes.csv' returned non-zero exit status 1.
[Fri Jun 26 12:55:34 2026]
Error in rule pgls_phenotypes:
    message: None
    jobid: 88
    input: tree_rooted.nwk, updated_dataset.tsv, ../../03_tf_research/05_aggregate/05_totalscore_orthofinder/totalscore_MA0212.1.tsv
    output: ../02_pgls_Ortho_results/MA0212.1/pgls5_Ortho_castes.csv
    log: ../01_pgls_results/MA0212.1/logs/pgls_phenotypes.log (check log file(s) for error details)
    shell:
        OMP_NUM_THREADS=1 OPENBLAS_NUM_THREADS=1 MKL_NUM_THREADS=1 Rscript pgls_Ortho_phenothypes.R tree_rooted.nwk updated_dataset.tsv ../../03_tf_research/05_aggregate/05_totalscore_orthofinder/totalscore_MA0212.1.tsv 40 ../02_pgls_Ortho_results/MA0212.1/pgls5_Ortho_castes.csv
        (command exited with non-zero exit code)
Removing output files of failed job pgls_phenotypes since they might be corrupted:
../02_pgls_Ortho_results/MA0212.1/pgls5_Ortho_castes.csv
Shutting down, this might take some time.
Exiting because a job execution failed. Look below for error messages
[Fri Jun 26 12:55:34 2026]
Error in rule pgls_phenotypes:
    message: None
    jobid: 88
    input: tree_rooted.nwk, updated_dataset.tsv, ../../03_tf_research/05_aggregate/05_totalscore_orthofinder/totalscore_MA0212.1.tsv
    output: ../02_pgls_Ortho_results/MA0212.1/pgls5_Ortho_castes.csv
    log: ../01_pgls_results/MA0212.1/logs/pgls_phenotypes.log (check log file(s) for error details)
    shell:
        OMP_NUM_THREADS=1 OPENBLAS_NUM_THREADS=1 MKL_NUM_THREADS=1 Rscript pgls_Ortho_phenothypes.R tree_rooted.nwk updated_dataset.tsv ../../03_tf_research/05_aggregate/05_totalscore_orthofinder/totalscore_MA0212.1.tsv 40 ../02_pgls_Ortho_results/MA0212.1/pgls5_Ortho_castes.csv
        (command exited with non-zero exit code)
Complete log(s): /DATASMALL/samuel.pederzini/TF-Formicidae/04_pgls_analysis/00_instruction/.snakemake/log/2026-06-26T122832.911240.snakemake.log
WorkflowError:
At least one job did not complete successfully.
