Assuming unrestricted shared filesystem usage.
host: SGBGA-D142237S
Building DAG of jobs...
Using shell: /usr/bin/bash
Provided cores: 30
Rules claiming more threads will be scaled down.
Job stats:
job                count
---------------  -------
all                    1
pgls_phenotypes      296
total                297

Select jobs to execute...
Execute 30 jobs...
[Mon Jun 15 12:08:10 2026]
localrule pgls_phenotypes:
    input: abbreviative_name_rooted_Leptsp_tree.txt, updated_dataset.tsv, ../../03_tf_research/05_aggregate/02_totalscore/totalscore_MA2310.1.tsv
    output: 00_results/MA2310.1/pgls1_parasitism.csv, 00_results/MA2310.1/pgls2_larval_feeding.csv, 00_results/MA2310.1/pgls3_cocoon.csv, 00_results/MA2310.1/pgls4a_wings_ergatoid.csv, 00_results/MA2310.1/pgls4b_wings_brachypterous.csv, 00_results/MA2310.1/pgls5_castes.csv, 00_results/MA2310.1/pgls6a_queens_binary.csv, 00_results/MA2310.1/pgls6b_queens_ordered.csv
    log: 00_results/MA2310.1/logs/pgls_phenotypes.log
    jobid: 70
    reason: Missing output files: 00_results/MA2310.1/pgls6a_queens_binary.csv, 00_results/MA2310.1/pgls6b_queens_ordered.csv, 00_results/MA2310.1/pgls4a_wings_ergatoid.csv, 00_results/MA2310.1/pgls2_larval_feeding.csv, 00_results/MA2310.1/pgls1_parasitism.csv, 00_results/MA2310.1/pgls5_castes.csv, 00_results/MA2310.1/pgls4b_wings_brachypterous.csv, 00_results/MA2310.1/pgls3_cocoon.csv
    wildcards: motif=MA2310.1
    resources: tmpdir=/tmp
[Mon Jun 15 12:08:10 2026]
localrule pgls_phenotypes:
    input: abbreviative_name_rooted_Leptsp_tree.txt, updated_dataset.tsv, ../../03_tf_research/05_aggregate/02_totalscore/totalscore_MA2272.1.tsv
    output: 00_results/MA2272.1/pgls1_parasitism.csv, 00_results/MA2272.1/pgls2_larval_feeding.csv, 00_results/MA2272.1/pgls3_cocoon.csv, 00_results/MA2272.1/pgls4a_wings_ergatoid.csv, 00_results/MA2272.1/pgls4b_wings_brachypterous.csv, 00_results/MA2272.1/pgls5_castes.csv, 00_results/MA2272.1/pgls6a_queens_binary.csv, 00_results/MA2272.1/pgls6b_queens_ordered.csv
    log: 00_results/MA2272.1/logs/pgls_phenotypes.log
    jobid: 222
    reason: Missing output files: 00_results/MA2272.1/pgls2_larval_feeding.csv, 00_results/MA2272.1/pgls3_cocoon.csv, 00_results/MA2272.1/pgls4b_wings_brachypterous.csv, 00_results/MA2272.1/pgls6a_queens_binary.csv, 00_results/MA2272.1/pgls5_castes.csv, 00_results/MA2272.1/pgls4a_wings_ergatoid.csv, 00_results/MA2272.1/pgls6b_queens_ordered.csv, 00_results/MA2272.1/pgls1_parasitism.csv
    wildcards: motif=MA2272.1
    resources: tmpdir=/tmp
[Mon Jun 15 12:08:10 2026]
localrule pgls_phenotypes:
    input: abbreviative_name_rooted_Leptsp_tree.txt, updated_dataset.tsv, ../../03_tf_research/05_aggregate/02_totalscore/totalscore_MA2466.1.tsv
    output: 00_results/MA2466.1/pgls1_parasitism.csv, 00_results/MA2466.1/pgls2_larval_feeding.csv, 00_results/MA2466.1/pgls3_cocoon.csv, 00_results/MA2466.1/pgls4a_wings_ergatoid.csv, 00_results/MA2466.1/pgls4b_wings_brachypterous.csv, 00_results/MA2466.1/pgls5_castes.csv, 00_results/MA2466.1/pgls6a_queens_binary.csv, 00_results/MA2466.1/pgls6b_queens_ordered.csv
    log: 00_results/MA2466.1/logs/pgls_phenotypes.log
    jobid: 252
    reason: Missing output files: 00_results/MA2466.1/pgls6a_queens_binary.csv, 00_results/MA2466.1/pgls3_cocoon.csv, 00_results/MA2466.1/pgls1_parasitism.csv, 00_results/MA2466.1/pgls5_castes.csv, 00_results/MA2466.1/pgls2_larval_feeding.csv, 00_results/MA2466.1/pgls4a_wings_ergatoid.csv, 00_results/MA2466.1/pgls4b_wings_brachypterous.csv, 00_results/MA2466.1/pgls6b_queens_ordered.csv
    wildcards: motif=MA2466.1
    resources: tmpdir=/tmp
RuleException:
FileNotFoundError in file "/DATASMALL/samuel.pederzini/TF-Formicidae/04_pgls_analysis/02_pgls_analysis/snakefile_pgls_analysis.smk", line 24:
[Errno 2] No such file or directory: '/DATASMALL/samuel.pederzini/TF-Formicidae/04_pgls_analysis/02_pgls_analysis/pgls_phenotypes.R'
[Mon Jun 15 12:08:10 2026]
Error in rule pgls_phenotypes:
    message: None
    jobid: 70
    input: abbreviative_name_rooted_Leptsp_tree.txt, updated_dataset.tsv, ../../03_tf_research/05_aggregate/02_totalscore/totalscore_MA2310.1.tsv
    output: 00_results/MA2310.1/pgls1_parasitism.csv, 00_results/MA2310.1/pgls2_larval_feeding.csv, 00_results/MA2310.1/pgls3_cocoon.csv, 00_results/MA2310.1/pgls4a_wings_ergatoid.csv, 00_results/MA2310.1/pgls4b_wings_brachypterous.csv, 00_results/MA2310.1/pgls5_castes.csv, 00_results/MA2310.1/pgls6a_queens_binary.csv, 00_results/MA2310.1/pgls6b_queens_ordered.csv
    log: 00_results/MA2310.1/logs/pgls_phenotypes.log (check log file(s) for error details)
[Mon Jun 15 12:08:10 2026]
localrule pgls_phenotypes:
    input: abbreviative_name_rooted_Leptsp_tree.txt, updated_dataset.tsv, ../../03_tf_research/05_aggregate/02_totalscore/totalscore_MA0227.1.tsv
    output: 00_results/MA0227.1/pgls1_parasitism.csv, 00_results/MA0227.1/pgls2_larval_feeding.csv, 00_results/MA0227.1/pgls3_cocoon.csv, 00_results/MA0227.1/pgls4a_wings_ergatoid.csv, 00_results/MA0227.1/pgls4b_wings_brachypterous.csv, 00_results/MA0227.1/pgls5_castes.csv, 00_results/MA0227.1/pgls6a_queens_binary.csv, 00_results/MA0227.1/pgls6b_queens_ordered.csv
    log: 00_results/MA0227.1/logs/pgls_phenotypes.log
    jobid: 282
    reason: Missing output files: 00_results/MA0227.1/pgls1_parasitism.csv, 00_results/MA0227.1/pgls4a_wings_ergatoid.csv, 00_results/MA0227.1/pgls3_cocoon.csv, 00_results/MA0227.1/pgls5_castes.csv, 00_results/MA0227.1/pgls2_larval_feeding.csv, 00_results/MA0227.1/pgls4b_wings_brachypterous.csv, 00_results/MA0227.1/pgls6a_queens_binary.csv, 00_results/MA0227.1/pgls6b_queens_ordered.csv
    wildcards: motif=MA0227.1
    resources: tmpdir=/tmp
[Mon Jun 15 12:08:10 2026]
localrule pgls_phenotypes:
    input: abbreviative_name_rooted_Leptsp_tree.txt, updated_dataset.tsv, ../../03_tf_research/05_aggregate/02_totalscore/totalscore_MA2205.1.tsv
    output: 00_results/MA2205.1/pgls1_parasitism.csv, 00_results/MA2205.1/pgls2_larval_feeding.csv, 00_results/MA2205.1/pgls3_cocoon.csv, 00_results/MA2205.1/pgls4a_wings_ergatoid.csv, 00_results/MA2205.1/pgls4b_wings_brachypterous.csv, 00_results/MA2205.1/pgls5_castes.csv, 00_results/MA2205.1/pgls6a_queens_binary.csv, 00_results/MA2205.1/pgls6b_queens_ordered.csv
    log: 00_results/MA2205.1/logs/pgls_phenotypes.log
    jobid: 43
    reason: Missing output files: 00_results/MA2205.1/pgls1_parasitism.csv, 00_results/MA2205.1/pgls6b_queens_ordered.csv, 00_results/MA2205.1/pgls6a_queens_binary.csv, 00_results/MA2205.1/pgls5_castes.csv, 00_results/MA2205.1/pgls2_larval_feeding.csv, 00_results/MA2205.1/pgls4b_wings_brachypterous.csv, 00_results/MA2205.1/pgls4a_wings_ergatoid.csv, 00_results/MA2205.1/pgls3_cocoon.csv
    wildcards: motif=MA2205.1
    resources: tmpdir=/tmp
RuleException:
FileNotFoundError in file "/DATASMALL/samuel.pederzini/TF-Formicidae/04_pgls_analysis/02_pgls_analysis/snakefile_pgls_analysis.smk", line 24:
[Errno 2] No such file or directory: '/DATASMALL/samuel.pederzini/TF-Formicidae/04_pgls_analysis/02_pgls_analysis/pgls_phenotypes.R'
[Mon Jun 15 12:08:10 2026]
Error in rule pgls_phenotypes:
    message: None
    jobid: 252
    input: abbreviative_name_rooted_Leptsp_tree.txt, updated_dataset.tsv, ../../03_tf_research/05_aggregate/02_totalscore/totalscore_MA2466.1.tsv
    output: 00_results/MA2466.1/pgls1_parasitism.csv, 00_results/MA2466.1/pgls2_larval_feeding.csv, 00_results/MA2466.1/pgls3_cocoon.csv, 00_results/MA2466.1/pgls4a_wings_ergatoid.csv, 00_results/MA2466.1/pgls4b_wings_brachypterous.csv, 00_results/MA2466.1/pgls5_castes.csv, 00_results/MA2466.1/pgls6a_queens_binary.csv, 00_results/MA2466.1/pgls6b_queens_ordered.csv
    log: 00_results/MA2466.1/logs/pgls_phenotypes.log (check log file(s) for error details)
[Mon Jun 15 12:08:10 2026]
localrule pgls_phenotypes:
    input: abbreviative_name_rooted_Leptsp_tree.txt, updated_dataset.tsv, ../../03_tf_research/05_aggregate/02_totalscore/totalscore_MA2258.1.tsv
    output: 00_results/MA2258.1/pgls1_parasitism.csv, 00_results/MA2258.1/pgls2_larval_feeding.csv, 00_results/MA2258.1/pgls3_cocoon.csv, 00_results/MA2258.1/pgls4a_wings_ergatoid.csv, 00_results/MA2258.1/pgls4b_wings_brachypterous.csv, 00_results/MA2258.1/pgls5_castes.csv, 00_results/MA2258.1/pgls6a_queens_binary.csv, 00_results/MA2258.1/pgls6b_queens_ordered.csv
    log: 00_results/MA2258.1/logs/pgls_phenotypes.log
    jobid: 103
    reason: Missing output files: 00_results/MA2258.1/pgls6b_queens_ordered.csv, 00_results/MA2258.1/pgls2_larval_feeding.csv, 00_results/MA2258.1/pgls3_cocoon.csv, 00_results/MA2258.1/pgls5_castes.csv, 00_results/MA2258.1/pgls1_parasitism.csv, 00_results/MA2258.1/pgls6a_queens_binary.csv, 00_results/MA2258.1/pgls4b_wings_brachypterous.csv, 00_results/MA2258.1/pgls4a_wings_ergatoid.csv
    wildcards: motif=MA2258.1
    resources: tmpdir=/tmp
RuleException:
FileNotFoundError in file "/DATASMALL/samuel.pederzini/TF-Formicidae/04_pgls_analysis/02_pgls_analysis/snakefile_pgls_analysis.smk", line 24:
[Errno 2] No such file or directory: '/DATASMALL/samuel.pederzini/TF-Formicidae/04_pgls_analysis/02_pgls_analysis/pgls_phenotypes.R'
[Mon Jun 15 12:08:10 2026]
Error in rule pgls_phenotypes:
    message: None
    jobid: 43
    input: abbreviative_name_rooted_Leptsp_tree.txt, updated_dataset.tsv, ../../03_tf_research/05_aggregate/02_totalscore/totalscore_MA2205.1.tsv
    output: 00_results/MA2205.1/pgls1_parasitism.csv, 00_results/MA2205.1/pgls2_larval_feeding.csv, 00_results/MA2205.1/pgls3_cocoon.csv, 00_results/MA2205.1/pgls4a_wings_ergatoid.csv, 00_results/MA2205.1/pgls4b_wings_brachypterous.csv, 00_results/MA2205.1/pgls5_castes.csv, 00_results/MA2205.1/pgls6a_queens_binary.csv, 00_results/MA2205.1/pgls6b_queens_ordered.csv
    log: 00_results/MA2205.1/logs/pgls_phenotypes.log (check log file(s) for error details)
RuleException:
FileNotFoundError in file "/DATASMALL/samuel.pederzini/TF-Formicidae/04_pgls_analysis/02_pgls_analysis/snakefile_pgls_analysis.smk", line 24:
[Errno 2] No such file or directory: '/DATASMALL/samuel.pederzini/TF-Formicidae/04_pgls_analysis/02_pgls_analysis/pgls_phenotypes.R'
[Mon Jun 15 12:08:10 2026]
Error in rule pgls_phenotypes:
    message: None
    jobid: 282
    input: abbreviative_name_rooted_Leptsp_tree.txt, updated_dataset.tsv, ../../03_tf_research/05_aggregate/02_totalscore/totalscore_MA0227.1.tsv
    output: 00_results/MA0227.1/pgls1_parasitism.csv, 00_results/MA0227.1/pgls2_larval_feeding.csv, 00_results/MA0227.1/pgls3_cocoon.csv, 00_results/MA0227.1/pgls4a_wings_ergatoid.csv, 00_results/MA0227.1/pgls4b_wings_brachypterous.csv, 00_results/MA0227.1/pgls5_castes.csv, 00_results/MA0227.1/pgls6a_queens_binary.csv, 00_results/MA0227.1/pgls6b_queens_ordered.csv
    log: 00_results/MA0227.1/logs/pgls_phenotypes.log (check log file(s) for error details)
RuleException:
FileNotFoundError in file "/DATASMALL/samuel.pederzini/TF-Formicidae/04_pgls_analysis/02_pgls_analysis/snakefile_pgls_analysis.smk", line 24:
[Errno 2] No such file or directory: '/DATASMALL/samuel.pederzini/TF-Formicidae/04_pgls_analysis/02_pgls_analysis/pgls_phenotypes.R'
[Mon Jun 15 12:08:10 2026]
Error in rule pgls_phenotypes:
    message: None
    jobid: 103
    input: abbreviative_name_rooted_Leptsp_tree.txt, updated_dataset.tsv, ../../03_tf_research/05_aggregate/02_totalscore/totalscore_MA2258.1.tsv
    output: 00_results/MA2258.1/pgls1_parasitism.csv, 00_results/MA2258.1/pgls2_larval_feeding.csv, 00_results/MA2258.1/pgls3_cocoon.csv, 00_results/MA2258.1/pgls4a_wings_ergatoid.csv, 00_results/MA2258.1/pgls4b_wings_brachypterous.csv, 00_results/MA2258.1/pgls5_castes.csv, 00_results/MA2258.1/pgls6a_queens_binary.csv, 00_results/MA2258.1/pgls6b_queens_ordered.csv
    log: 00_results/MA2258.1/logs/pgls_phenotypes.log (check log file(s) for error details)
[Mon Jun 15 12:08:10 2026]
localrule pgls_phenotypes:
    input: abbreviative_name_rooted_Leptsp_tree.txt, updated_dataset.tsv, ../../03_tf_research/05_aggregate/02_totalscore/totalscore_MA2468.1.tsv
    output: 00_results/MA2468.1/pgls1_parasitism.csv, 00_results/MA2468.1/pgls2_larval_feeding.csv, 00_results/MA2468.1/pgls3_cocoon.csv, 00_results/MA2468.1/pgls4a_wings_ergatoid.csv, 00_results/MA2468.1/pgls4b_wings_brachypterous.csv, 00_results/MA2468.1/pgls5_castes.csv, 00_results/MA2468.1/pgls6a_queens_binary.csv, 00_results/MA2468.1/pgls6b_queens_ordered.csv
    log: 00_results/MA2468.1/logs/pgls_phenotypes.log
    jobid: 276
    reason: Missing output files: 00_results/MA2468.1/pgls1_parasitism.csv, 00_results/MA2468.1/pgls5_castes.csv, 00_results/MA2468.1/pgls4a_wings_ergatoid.csv, 00_results/MA2468.1/pgls2_larval_feeding.csv, 00_results/MA2468.1/pgls4b_wings_brachypterous.csv, 00_results/MA2468.1/pgls6b_queens_ordered.csv, 00_results/MA2468.1/pgls6a_queens_binary.csv, 00_results/MA2468.1/pgls3_cocoon.csv
    wildcards: motif=MA2468.1
    resources: tmpdir=/tmp
RuleException:
FileNotFoundError in file "/DATASMALL/samuel.pederzini/TF-Formicidae/04_pgls_analysis/02_pgls_analysis/snakefile_pgls_analysis.smk", line 24:
[Errno 2] No such file or directory: '/DATASMALL/samuel.pederzini/TF-Formicidae/04_pgls_analysis/02_pgls_analysis/pgls_phenotypes.R'
[Mon Jun 15 12:08:10 2026]
Error in rule pgls_phenotypes:
    message: None
    jobid: 222
    input: abbreviative_name_rooted_Leptsp_tree.txt, updated_dataset.tsv, ../../03_tf_research/05_aggregate/02_totalscore/totalscore_MA2272.1.tsv
    output: 00_results/MA2272.1/pgls1_parasitism.csv, 00_results/MA2272.1/pgls2_larval_feeding.csv, 00_results/MA2272.1/pgls3_cocoon.csv, 00_results/MA2272.1/pgls4a_wings_ergatoid.csv, 00_results/MA2272.1/pgls4b_wings_brachypterous.csv, 00_results/MA2272.1/pgls5_castes.csv, 00_results/MA2272.1/pgls6a_queens_binary.csv, 00_results/MA2272.1/pgls6b_queens_ordered.csv
    log: 00_results/MA2272.1/logs/pgls_phenotypes.log (check log file(s) for error details)
[Mon Jun 15 12:08:10 2026]
localrule pgls_phenotypes:
    input: abbreviative_name_rooted_Leptsp_tree.txt, updated_dataset.tsv, ../../03_tf_research/05_aggregate/02_totalscore/totalscore_MA2244.1.tsv
    output: 00_results/MA2244.1/pgls1_parasitism.csv, 00_results/MA2244.1/pgls2_larval_feeding.csv, 00_results/MA2244.1/pgls3_cocoon.csv, 00_results/MA2244.1/pgls4a_wings_ergatoid.csv, 00_results/MA2244.1/pgls4b_wings_brachypterous.csv, 00_results/MA2244.1/pgls5_castes.csv, 00_results/MA2244.1/pgls6a_queens_binary.csv, 00_results/MA2244.1/pgls6b_queens_ordered.csv
    log: 00_results/MA2244.1/logs/pgls_phenotypes.log
    jobid: 7
    reason: Missing output files: 00_results/MA2244.1/pgls4a_wings_ergatoid.csv, 00_results/MA2244.1/pgls5_castes.csv, 00_results/MA2244.1/pgls6b_queens_ordered.csv, 00_results/MA2244.1/pgls6a_queens_binary.csv, 00_results/MA2244.1/pgls3_cocoon.csv, 00_results/MA2244.1/pgls1_parasitism.csv, 00_results/MA2244.1/pgls2_larval_feeding.csv, 00_results/MA2244.1/pgls4b_wings_brachypterous.csv
    wildcards: motif=MA2244.1
    resources: tmpdir=/tmp
RuleException:
FileNotFoundError in file "/DATASMALL/samuel.pederzini/TF-Formicidae/04_pgls_analysis/02_pgls_analysis/snakefile_pgls_analysis.smk", line 24:
[Errno 2] No such file or directory: '/DATASMALL/samuel.pederzini/TF-Formicidae/04_pgls_analysis/02_pgls_analysis/pgls_phenotypes.R'
[Mon Jun 15 12:08:10 2026]
Error in rule pgls_phenotypes:
    message: None
    jobid: 276
    input: abbreviative_name_rooted_Leptsp_tree.txt, updated_dataset.tsv, ../../03_tf_research/05_aggregate/02_totalscore/totalscore_MA2468.1.tsv
    output: 00_results/MA2468.1/pgls1_parasitism.csv, 00_results/MA2468.1/pgls2_larval_feeding.csv, 00_results/MA2468.1/pgls3_cocoon.csv, 00_results/MA2468.1/pgls4a_wings_ergatoid.csv, 00_results/MA2468.1/pgls4b_wings_brachypterous.csv, 00_results/MA2468.1/pgls5_castes.csv, 00_results/MA2468.1/pgls6a_queens_binary.csv, 00_results/MA2468.1/pgls6b_queens_ordered.csv
    log: 00_results/MA2468.1/logs/pgls_phenotypes.log (check log file(s) for error details)
[Mon Jun 15 12:08:10 2026]
localrule pgls_phenotypes:
    input: abbreviative_name_rooted_Leptsp_tree.txt, updated_dataset.tsv, ../../03_tf_research/05_aggregate/02_totalscore/totalscore_MA0166.1.tsv
    output: 00_results/MA0166.1/pgls1_parasitism.csv, 00_results/MA0166.1/pgls2_larval_feeding.csv, 00_results/MA0166.1/pgls3_cocoon.csv, 00_results/MA0166.1/pgls4a_wings_ergatoid.csv, 00_results/MA0166.1/pgls4b_wings_brachypterous.csv, 00_results/MA0166.1/pgls5_castes.csv, 00_results/MA0166.1/pgls6a_queens_binary.csv, 00_results/MA0166.1/pgls6b_queens_ordered.csv
    log: 00_results/MA0166.1/logs/pgls_phenotypes.log
    jobid: 67
    reason: Missing output files: 00_results/MA0166.1/pgls4a_wings_ergatoid.csv, 00_results/MA0166.1/pgls6b_queens_ordered.csv, 00_results/MA0166.1/pgls2_larval_feeding.csv, 00_results/MA0166.1/pgls5_castes.csv, 00_results/MA0166.1/pgls4b_wings_brachypterous.csv, 00_results/MA0166.1/pgls1_parasitism.csv, 00_results/MA0166.1/pgls6a_queens_binary.csv, 00_results/MA0166.1/pgls3_cocoon.csv
    wildcards: motif=MA0166.1
    resources: tmpdir=/tmp
RuleException:
FileNotFoundError in file "/DATASMALL/samuel.pederzini/TF-Formicidae/04_pgls_analysis/02_pgls_analysis/snakefile_pgls_analysis.smk", line 24:
[Errno 2] No such file or directory: '/DATASMALL/samuel.pederzini/TF-Formicidae/04_pgls_analysis/02_pgls_analysis/pgls_phenotypes.R'
[Mon Jun 15 12:08:10 2026]
Error in rule pgls_phenotypes:
    message: None
    jobid: 7
    input: abbreviative_name_rooted_Leptsp_tree.txt, updated_dataset.tsv, ../../03_tf_research/05_aggregate/02_totalscore/totalscore_MA2244.1.tsv
    output: 00_results/MA2244.1/pgls1_parasitism.csv, 00_results/MA2244.1/pgls2_larval_feeding.csv, 00_results/MA2244.1/pgls3_cocoon.csv, 00_results/MA2244.1/pgls4a_wings_ergatoid.csv, 00_results/MA2244.1/pgls4b_wings_brachypterous.csv, 00_results/MA2244.1/pgls5_castes.csv, 00_results/MA2244.1/pgls6a_queens_binary.csv, 00_results/MA2244.1/pgls6b_queens_ordered.csv
    log: 00_results/MA2244.1/logs/pgls_phenotypes.log (check log file(s) for error details)
[Mon Jun 15 12:08:10 2026]
localrule pgls_phenotypes:
    input: abbreviative_name_rooted_Leptsp_tree.txt, updated_dataset.tsv, ../../03_tf_research/05_aggregate/02_totalscore/totalscore_MA2201.1.tsv
    output: 00_results/MA2201.1/pgls1_parasitism.csv, 00_results/MA2201.1/pgls2_larval_feeding.csv, 00_results/MA2201.1/pgls3_cocoon.csv, 00_results/MA2201.1/pgls4a_wings_ergatoid.csv, 00_results/MA2201.1/pgls4b_wings_brachypterous.csv, 00_results/MA2201.1/pgls5_castes.csv, 00_results/MA2201.1/pgls6a_queens_binary.csv, 00_results/MA2201.1/pgls6b_queens_ordered.csv
    log: 00_results/MA2201.1/logs/pgls_phenotypes.log
    jobid: 37
    reason: Missing output files: 00_results/MA2201.1/pgls4b_wings_brachypterous.csv, 00_results/MA2201.1/pgls2_larval_feeding.csv, 00_results/MA2201.1/pgls3_cocoon.csv, 00_results/MA2201.1/pgls5_castes.csv, 00_results/MA2201.1/pgls4a_wings_ergatoid.csv, 00_results/MA2201.1/pgls1_parasitism.csv, 00_results/MA2201.1/pgls6b_queens_ordered.csv, 00_results/MA2201.1/pgls6a_queens_binary.csv
    wildcards: motif=MA2201.1
    resources: tmpdir=/tmp
RuleException:
FileNotFoundError in file "/DATASMALL/samuel.pederzini/TF-Formicidae/04_pgls_analysis/02_pgls_analysis/snakefile_pgls_analysis.smk", line 24:
[Errno 2] No such file or directory: '/DATASMALL/samuel.pederzini/TF-Formicidae/04_pgls_analysis/02_pgls_analysis/pgls_phenotypes.R'
[Mon Jun 15 12:08:10 2026]
Error in rule pgls_phenotypes:
    message: None
    jobid: 67
    input: abbreviative_name_rooted_Leptsp_tree.txt, updated_dataset.tsv, ../../03_tf_research/05_aggregate/02_totalscore/totalscore_MA0166.1.tsv
    output: 00_results/MA0166.1/pgls1_parasitism.csv, 00_results/MA0166.1/pgls2_larval_feeding.csv, 00_results/MA0166.1/pgls3_cocoon.csv, 00_results/MA0166.1/pgls4a_wings_ergatoid.csv, 00_results/MA0166.1/pgls4b_wings_brachypterous.csv, 00_results/MA0166.1/pgls5_castes.csv, 00_results/MA0166.1/pgls6a_queens_binary.csv, 00_results/MA0166.1/pgls6b_queens_ordered.csv
    log: 00_results/MA0166.1/logs/pgls_phenotypes.log (check log file(s) for error details)
[Mon Jun 15 12:08:10 2026]
localrule pgls_phenotypes:
    input: abbreviative_name_rooted_Leptsp_tree.txt, updated_dataset.tsv, ../../03_tf_research/05_aggregate/02_totalscore/totalscore_MA0205.3.tsv
    output: 00_results/MA0205.3/pgls1_parasitism.csv, 00_results/MA0205.3/pgls2_larval_feeding.csv, 00_results/MA0205.3/pgls3_cocoon.csv, 00_results/MA0205.3/pgls4a_wings_ergatoid.csv, 00_results/MA0205.3/pgls4b_wings_brachypterous.csv, 00_results/MA0205.3/pgls5_castes.csv, 00_results/MA0205.3/pgls6a_queens_binary.csv, 00_results/MA0205.3/pgls6b_queens_ordered.csv
    log: 00_results/MA0205.3/logs/pgls_phenotypes.log
    jobid: 97
    reason: Missing output files: 00_results/MA0205.3/pgls6a_queens_binary.csv, 00_results/MA0205.3/pgls4b_wings_brachypterous.csv, 00_results/MA0205.3/pgls6b_queens_ordered.csv, 00_results/MA0205.3/pgls1_parasitism.csv, 00_results/MA0205.3/pgls5_castes.csv, 00_results/MA0205.3/pgls3_cocoon.csv, 00_results/MA0205.3/pgls4a_wings_ergatoid.csv, 00_results/MA0205.3/pgls2_larval_feeding.csv
    wildcards: motif=MA0205.3
    resources: tmpdir=/tmp
RuleException:
FileNotFoundError in file "/DATASMALL/samuel.pederzini/TF-Formicidae/04_pgls_analysis/02_pgls_analysis/snakefile_pgls_analysis.smk", line 24:
[Errno 2] No such file or directory: '/DATASMALL/samuel.pederzini/TF-Formicidae/04_pgls_analysis/02_pgls_analysis/pgls_phenotypes.R'
[Mon Jun 15 12:08:10 2026]
Error in rule pgls_phenotypes:
    message: None
    jobid: 37
    input: abbreviative_name_rooted_Leptsp_tree.txt, updated_dataset.tsv, ../../03_tf_research/05_aggregate/02_totalscore/totalscore_MA2201.1.tsv
    output: 00_results/MA2201.1/pgls1_parasitism.csv, 00_results/MA2201.1/pgls2_larval_feeding.csv, 00_results/MA2201.1/pgls3_cocoon.csv, 00_results/MA2201.1/pgls4a_wings_ergatoid.csv, 00_results/MA2201.1/pgls4b_wings_brachypterous.csv, 00_results/MA2201.1/pgls5_castes.csv, 00_results/MA2201.1/pgls6a_queens_binary.csv, 00_results/MA2201.1/pgls6b_queens_ordered.csv
    log: 00_results/MA2201.1/logs/pgls_phenotypes.log (check log file(s) for error details)
[Mon Jun 15 12:08:10 2026]
localrule pgls_phenotypes:
    input: abbreviative_name_rooted_Leptsp_tree.txt, updated_dataset.tsv, ../../03_tf_research/05_aggregate/02_totalscore/totalscore_MA2190.1.tsv
    output: 00_results/MA2190.1/pgls1_parasitism.csv, 00_results/MA2190.1/pgls2_larval_feeding.csv, 00_results/MA2190.1/pgls3_cocoon.csv, 00_results/MA2190.1/pgls4a_wings_ergatoid.csv, 00_results/MA2190.1/pgls4b_wings_brachypterous.csv, 00_results/MA2190.1/pgls5_castes.csv, 00_results/MA2190.1/pgls6a_queens_binary.csv, 00_results/MA2190.1/pgls6b_queens_ordered.csv
    log: 00_results/MA2190.1/logs/pgls_phenotypes.log
    jobid: 127
    reason: Missing output files: 00_results/MA2190.1/pgls3_cocoon.csv, 00_results/MA2190.1/pgls5_castes.csv, 00_results/MA2190.1/pgls6b_queens_ordered.csv, 00_results/MA2190.1/pgls1_parasitism.csv, 00_results/MA2190.1/pgls4b_wings_brachypterous.csv, 00_results/MA2190.1/pgls4a_wings_ergatoid.csv, 00_results/MA2190.1/pgls2_larval_feeding.csv, 00_results/MA2190.1/pgls6a_queens_binary.csv
    wildcards: motif=MA2190.1
    resources: tmpdir=/tmp
RuleException:
FileNotFoundError in file "/DATASMALL/samuel.pederzini/TF-Formicidae/04_pgls_analysis/02_pgls_analysis/snakefile_pgls_analysis.smk", line 24:
[Errno 2] No such file or directory: '/DATASMALL/samuel.pederzini/TF-Formicidae/04_pgls_analysis/02_pgls_analysis/pgls_phenotypes.R'
[Mon Jun 15 12:08:10 2026]
Error in rule pgls_phenotypes:
    message: None
    jobid: 97
    input: abbreviative_name_rooted_Leptsp_tree.txt, updated_dataset.tsv, ../../03_tf_research/05_aggregate/02_totalscore/totalscore_MA0205.3.tsv
    output: 00_results/MA0205.3/pgls1_parasitism.csv, 00_results/MA0205.3/pgls2_larval_feeding.csv, 00_results/MA0205.3/pgls3_cocoon.csv, 00_results/MA0205.3/pgls4a_wings_ergatoid.csv, 00_results/MA0205.3/pgls4b_wings_brachypterous.csv, 00_results/MA0205.3/pgls5_castes.csv, 00_results/MA0205.3/pgls6a_queens_binary.csv, 00_results/MA0205.3/pgls6b_queens_ordered.csv
    log: 00_results/MA0205.3/logs/pgls_phenotypes.log (check log file(s) for error details)
[Mon Jun 15 12:08:10 2026]
localrule pgls_phenotypes:
    input: abbreviative_name_rooted_Leptsp_tree.txt, updated_dataset.tsv, ../../03_tf_research/05_aggregate/02_totalscore/totalscore_MA1461.2.tsv
    output: 00_results/MA1461.2/pgls1_parasitism.csv, 00_results/MA1461.2/pgls2_larval_feeding.csv, 00_results/MA1461.2/pgls3_cocoon.csv, 00_results/MA1461.2/pgls4a_wings_ergatoid.csv, 00_results/MA1461.2/pgls4b_wings_brachypterous.csv, 00_results/MA1461.2/pgls5_castes.csv, 00_results/MA1461.2/pgls6a_queens_binary.csv, 00_results/MA1461.2/pgls6b_queens_ordered.csv
    log: 00_results/MA1461.2/logs/pgls_phenotypes.log
    jobid: 157
    reason: Missing output files: 00_results/MA1461.2/pgls1_parasitism.csv, 00_results/MA1461.2/pgls4a_wings_ergatoid.csv, 00_results/MA1461.2/pgls4b_wings_brachypterous.csv, 00_results/MA1461.2/pgls6b_queens_ordered.csv, 00_results/MA1461.2/pgls6a_queens_binary.csv, 00_results/MA1461.2/pgls2_larval_feeding.csv, 00_results/MA1461.2/pgls3_cocoon.csv, 00_results/MA1461.2/pgls5_castes.csv
    wildcards: motif=MA1461.2
    resources: tmpdir=/tmp
RuleException:
FileNotFoundError in file "/DATASMALL/samuel.pederzini/TF-Formicidae/04_pgls_analysis/02_pgls_analysis/snakefile_pgls_analysis.smk", line 24:
[Errno 2] No such file or directory: '/DATASMALL/samuel.pederzini/TF-Formicidae/04_pgls_analysis/02_pgls_analysis/pgls_phenotypes.R'
[Mon Jun 15 12:08:10 2026]
Error in rule pgls_phenotypes:
    message: None
    jobid: 127
    input: abbreviative_name_rooted_Leptsp_tree.txt, updated_dataset.tsv, ../../03_tf_research/05_aggregate/02_totalscore/totalscore_MA2190.1.tsv
    output: 00_results/MA2190.1/pgls1_parasitism.csv, 00_results/MA2190.1/pgls2_larval_feeding.csv, 00_results/MA2190.1/pgls3_cocoon.csv, 00_results/MA2190.1/pgls4a_wings_ergatoid.csv, 00_results/MA2190.1/pgls4b_wings_brachypterous.csv, 00_results/MA2190.1/pgls5_castes.csv, 00_results/MA2190.1/pgls6a_queens_binary.csv, 00_results/MA2190.1/pgls6b_queens_ordered.csv
    log: 00_results/MA2190.1/logs/pgls_phenotypes.log (check log file(s) for error details)
[Mon Jun 15 12:08:10 2026]
localrule pgls_phenotypes:
    input: abbreviative_name_rooted_Leptsp_tree.txt, updated_dataset.tsv, ../../03_tf_research/05_aggregate/02_totalscore/totalscore_MA2299.1.tsv
    output: 00_results/MA2299.1/pgls1_parasitism.csv, 00_results/MA2299.1/pgls2_larval_feeding.csv, 00_results/MA2299.1/pgls3_cocoon.csv, 00_results/MA2299.1/pgls4a_wings_ergatoid.csv, 00_results/MA2299.1/pgls4b_wings_brachypterous.csv, 00_results/MA2299.1/pgls5_castes.csv, 00_results/MA2299.1/pgls6a_queens_binary.csv, 00_results/MA2299.1/pgls6b_queens_ordered.csv
    log: 00_results/MA2299.1/logs/pgls_phenotypes.log
    jobid: 187
    reason: Missing output files: 00_results/MA2299.1/pgls4b_wings_brachypterous.csv, 00_results/MA2299.1/pgls6b_queens_ordered.csv, 00_results/MA2299.1/pgls5_castes.csv, 00_results/MA2299.1/pgls4a_wings_ergatoid.csv, 00_results/MA2299.1/pgls6a_queens_binary.csv, 00_results/MA2299.1/pgls2_larval_feeding.csv, 00_results/MA2299.1/pgls1_parasitism.csv, 00_results/MA2299.1/pgls3_cocoon.csv
    wildcards: motif=MA2299.1
    resources: tmpdir=/tmp
RuleException:
FileNotFoundError in file "/DATASMALL/samuel.pederzini/TF-Formicidae/04_pgls_analysis/02_pgls_analysis/snakefile_pgls_analysis.smk", line 24:
[Errno 2] No such file or directory: '/DATASMALL/samuel.pederzini/TF-Formicidae/04_pgls_analysis/02_pgls_analysis/pgls_phenotypes.R'
[Mon Jun 15 12:08:10 2026]
Error in rule pgls_phenotypes:
    message: None
    jobid: 157
    input: abbreviative_name_rooted_Leptsp_tree.txt, updated_dataset.tsv, ../../03_tf_research/05_aggregate/02_totalscore/totalscore_MA1461.2.tsv
    output: 00_results/MA1461.2/pgls1_parasitism.csv, 00_results/MA1461.2/pgls2_larval_feeding.csv, 00_results/MA1461.2/pgls3_cocoon.csv, 00_results/MA1461.2/pgls4a_wings_ergatoid.csv, 00_results/MA1461.2/pgls4b_wings_brachypterous.csv, 00_results/MA1461.2/pgls5_castes.csv, 00_results/MA1461.2/pgls6a_queens_binary.csv, 00_results/MA1461.2/pgls6b_queens_ordered.csv
    log: 00_results/MA1461.2/logs/pgls_phenotypes.log (check log file(s) for error details)
[Mon Jun 15 12:08:10 2026]
localrule pgls_phenotypes:
    input: abbreviative_name_rooted_Leptsp_tree.txt, updated_dataset.tsv, ../../03_tf_research/05_aggregate/02_totalscore/totalscore_MA2223.1.tsv
    output: 00_results/MA2223.1/pgls1_parasitism.csv, 00_results/MA2223.1/pgls2_larval_feeding.csv, 00_results/MA2223.1/pgls3_cocoon.csv, 00_results/MA2223.1/pgls4a_wings_ergatoid.csv, 00_results/MA2223.1/pgls4b_wings_brachypterous.csv, 00_results/MA2223.1/pgls5_castes.csv, 00_results/MA2223.1/pgls6a_queens_binary.csv, 00_results/MA2223.1/pgls6b_queens_ordered.csv
    log: 00_results/MA2223.1/logs/pgls_phenotypes.log
    jobid: 217
    reason: Missing output files: 00_results/MA2223.1/pgls2_larval_feeding.csv, 00_results/MA2223.1/pgls5_castes.csv, 00_results/MA2223.1/pgls4a_wings_ergatoid.csv, 00_results/MA2223.1/pgls3_cocoon.csv, 00_results/MA2223.1/pgls4b_wings_brachypterous.csv, 00_results/MA2223.1/pgls6a_queens_binary.csv, 00_results/MA2223.1/pgls1_parasitism.csv, 00_results/MA2223.1/pgls6b_queens_ordered.csv
    wildcards: motif=MA2223.1
    resources: tmpdir=/tmp
RuleException:
FileNotFoundError in file "/DATASMALL/samuel.pederzini/TF-Formicidae/04_pgls_analysis/02_pgls_analysis/snakefile_pgls_analysis.smk", line 24:
[Errno 2] No such file or directory: '/DATASMALL/samuel.pederzini/TF-Formicidae/04_pgls_analysis/02_pgls_analysis/pgls_phenotypes.R'
[Mon Jun 15 12:08:10 2026]
Error in rule pgls_phenotypes:
    message: None
    jobid: 187
    input: abbreviative_name_rooted_Leptsp_tree.txt, updated_dataset.tsv, ../../03_tf_research/05_aggregate/02_totalscore/totalscore_MA2299.1.tsv
    output: 00_results/MA2299.1/pgls1_parasitism.csv, 00_results/MA2299.1/pgls2_larval_feeding.csv, 00_results/MA2299.1/pgls3_cocoon.csv, 00_results/MA2299.1/pgls4a_wings_ergatoid.csv, 00_results/MA2299.1/pgls4b_wings_brachypterous.csv, 00_results/MA2299.1/pgls5_castes.csv, 00_results/MA2299.1/pgls6a_queens_binary.csv, 00_results/MA2299.1/pgls6b_queens_ordered.csv
    log: 00_results/MA2299.1/logs/pgls_phenotypes.log (check log file(s) for error details)
[Mon Jun 15 12:08:10 2026]
localrule pgls_phenotypes:
    input: abbreviative_name_rooted_Leptsp_tree.txt, updated_dataset.tsv, ../../03_tf_research/05_aggregate/02_totalscore/totalscore_MA2243.1.tsv
    output: 00_results/MA2243.1/pgls1_parasitism.csv, 00_results/MA2243.1/pgls2_larval_feeding.csv, 00_results/MA2243.1/pgls3_cocoon.csv, 00_results/MA2243.1/pgls4a_wings_ergatoid.csv, 00_results/MA2243.1/pgls4b_wings_brachypterous.csv, 00_results/MA2243.1/pgls5_castes.csv, 00_results/MA2243.1/pgls6a_queens_binary.csv, 00_results/MA2243.1/pgls6b_queens_ordered.csv
    log: 00_results/MA2243.1/logs/pgls_phenotypes.log
    jobid: 247
    reason: Missing output files: 00_results/MA2243.1/pgls6a_queens_binary.csv, 00_results/MA2243.1/pgls3_cocoon.csv, 00_results/MA2243.1/pgls1_parasitism.csv, 00_results/MA2243.1/pgls4a_wings_ergatoid.csv, 00_results/MA2243.1/pgls4b_wings_brachypterous.csv, 00_results/MA2243.1/pgls6b_queens_ordered.csv, 00_results/MA2243.1/pgls2_larval_feeding.csv, 00_results/MA2243.1/pgls5_castes.csv
    wildcards: motif=MA2243.1
    resources: tmpdir=/tmp
RuleException:
FileNotFoundError in file "/DATASMALL/samuel.pederzini/TF-Formicidae/04_pgls_analysis/02_pgls_analysis/snakefile_pgls_analysis.smk", line 24:
[Errno 2] No such file or directory: '/DATASMALL/samuel.pederzini/TF-Formicidae/04_pgls_analysis/02_pgls_analysis/pgls_phenotypes.R'
[Mon Jun 15 12:08:10 2026]
Error in rule pgls_phenotypes:
    message: None
    jobid: 217
    input: abbreviative_name_rooted_Leptsp_tree.txt, updated_dataset.tsv, ../../03_tf_research/05_aggregate/02_totalscore/totalscore_MA2223.1.tsv
    output: 00_results/MA2223.1/pgls1_parasitism.csv, 00_results/MA2223.1/pgls2_larval_feeding.csv, 00_results/MA2223.1/pgls3_cocoon.csv, 00_results/MA2223.1/pgls4a_wings_ergatoid.csv, 00_results/MA2223.1/pgls4b_wings_brachypterous.csv, 00_results/MA2223.1/pgls5_castes.csv, 00_results/MA2223.1/pgls6a_queens_binary.csv, 00_results/MA2223.1/pgls6b_queens_ordered.csv
    log: 00_results/MA2223.1/logs/pgls_phenotypes.log (check log file(s) for error details)
[Mon Jun 15 12:08:10 2026]
localrule pgls_phenotypes:
    input: abbreviative_name_rooted_Leptsp_tree.txt, updated_dataset.tsv, ../../03_tf_research/05_aggregate/02_totalscore/totalscore_MA0219.1.tsv
    output: 00_results/MA0219.1/pgls1_parasitism.csv, 00_results/MA0219.1/pgls2_larval_feeding.csv, 00_results/MA0219.1/pgls3_cocoon.csv, 00_results/MA0219.1/pgls4a_wings_ergatoid.csv, 00_results/MA0219.1/pgls4b_wings_brachypterous.csv, 00_results/MA0219.1/pgls5_castes.csv, 00_results/MA0219.1/pgls6a_queens_binary.csv, 00_results/MA0219.1/pgls6b_queens_ordered.csv
    log: 00_results/MA0219.1/logs/pgls_phenotypes.log
    jobid: 277
    reason: Missing output files: 00_results/MA0219.1/pgls4b_wings_brachypterous.csv, 00_results/MA0219.1/pgls3_cocoon.csv, 00_results/MA0219.1/pgls2_larval_feeding.csv, 00_results/MA0219.1/pgls4a_wings_ergatoid.csv, 00_results/MA0219.1/pgls1_parasitism.csv, 00_results/MA0219.1/pgls6a_queens_binary.csv, 00_results/MA0219.1/pgls5_castes.csv, 00_results/MA0219.1/pgls6b_queens_ordered.csv
    wildcards: motif=MA0219.1
    resources: tmpdir=/tmp
RuleException:
FileNotFoundError in file "/DATASMALL/samuel.pederzini/TF-Formicidae/04_pgls_analysis/02_pgls_analysis/snakefile_pgls_analysis.smk", line 24:
[Errno 2] No such file or directory: '/DATASMALL/samuel.pederzini/TF-Formicidae/04_pgls_analysis/02_pgls_analysis/pgls_phenotypes.R'
[Mon Jun 15 12:08:10 2026]
Error in rule pgls_phenotypes:
    message: None
    jobid: 247
    input: abbreviative_name_rooted_Leptsp_tree.txt, updated_dataset.tsv, ../../03_tf_research/05_aggregate/02_totalscore/totalscore_MA2243.1.tsv
    output: 00_results/MA2243.1/pgls1_parasitism.csv, 00_results/MA2243.1/pgls2_larval_feeding.csv, 00_results/MA2243.1/pgls3_cocoon.csv, 00_results/MA2243.1/pgls4a_wings_ergatoid.csv, 00_results/MA2243.1/pgls4b_wings_brachypterous.csv, 00_results/MA2243.1/pgls5_castes.csv, 00_results/MA2243.1/pgls6a_queens_binary.csv, 00_results/MA2243.1/pgls6b_queens_ordered.csv
    log: 00_results/MA2243.1/logs/pgls_phenotypes.log (check log file(s) for error details)
[Mon Jun 15 12:08:10 2026]
localrule pgls_phenotypes:
    input: abbreviative_name_rooted_Leptsp_tree.txt, updated_dataset.tsv, ../../03_tf_research/05_aggregate/02_totalscore/totalscore_MA2252.1.tsv
    output: 00_results/MA2252.1/pgls1_parasitism.csv, 00_results/MA2252.1/pgls2_larval_feeding.csv, 00_results/MA2252.1/pgls3_cocoon.csv, 00_results/MA2252.1/pgls4a_wings_ergatoid.csv, 00_results/MA2252.1/pgls4b_wings_brachypterous.csv, 00_results/MA2252.1/pgls5_castes.csv, 00_results/MA2252.1/pgls6a_queens_binary.csv, 00_results/MA2252.1/pgls6b_queens_ordered.csv
    log: 00_results/MA2252.1/logs/pgls_phenotypes.log
    jobid: 8
    reason: Missing output files: 00_results/MA2252.1/pgls5_castes.csv, 00_results/MA2252.1/pgls4a_wings_ergatoid.csv, 00_results/MA2252.1/pgls6a_queens_binary.csv, 00_results/MA2252.1/pgls6b_queens_ordered.csv, 00_results/MA2252.1/pgls2_larval_feeding.csv, 00_results/MA2252.1/pgls3_cocoon.csv, 00_results/MA2252.1/pgls4b_wings_brachypterous.csv, 00_results/MA2252.1/pgls1_parasitism.csv
    wildcards: motif=MA2252.1
    resources: tmpdir=/tmp
RuleException:
FileNotFoundError in file "/DATASMALL/samuel.pederzini/TF-Formicidae/04_pgls_analysis/02_pgls_analysis/snakefile_pgls_analysis.smk", line 24:
[Errno 2] No such file or directory: '/DATASMALL/samuel.pederzini/TF-Formicidae/04_pgls_analysis/02_pgls_analysis/pgls_phenotypes.R'
[Mon Jun 15 12:08:10 2026]
Error in rule pgls_phenotypes:
    message: None
    jobid: 277
    input: abbreviative_name_rooted_Leptsp_tree.txt, updated_dataset.tsv, ../../03_tf_research/05_aggregate/02_totalscore/totalscore_MA0219.1.tsv
    output: 00_results/MA0219.1/pgls1_parasitism.csv, 00_results/MA0219.1/pgls2_larval_feeding.csv, 00_results/MA0219.1/pgls3_cocoon.csv, 00_results/MA0219.1/pgls4a_wings_ergatoid.csv, 00_results/MA0219.1/pgls4b_wings_brachypterous.csv, 00_results/MA0219.1/pgls5_castes.csv, 00_results/MA0219.1/pgls6a_queens_binary.csv, 00_results/MA0219.1/pgls6b_queens_ordered.csv
    log: 00_results/MA0219.1/logs/pgls_phenotypes.log (check log file(s) for error details)
[Mon Jun 15 12:08:10 2026]
localrule pgls_phenotypes:
    input: abbreviative_name_rooted_Leptsp_tree.txt, updated_dataset.tsv, ../../03_tf_research/05_aggregate/02_totalscore/totalscore_MA0199.1.tsv
    output: 00_results/MA0199.1/pgls1_parasitism.csv, 00_results/MA0199.1/pgls2_larval_feeding.csv, 00_results/MA0199.1/pgls3_cocoon.csv, 00_results/MA0199.1/pgls4a_wings_ergatoid.csv, 00_results/MA0199.1/pgls4b_wings_brachypterous.csv, 00_results/MA0199.1/pgls5_castes.csv, 00_results/MA0199.1/pgls6a_queens_binary.csv, 00_results/MA0199.1/pgls6b_queens_ordered.csv
    log: 00_results/MA0199.1/logs/pgls_phenotypes.log
    jobid: 68
    reason: Missing output files: 00_results/MA0199.1/pgls5_castes.csv, 00_results/MA0199.1/pgls3_cocoon.csv, 00_results/MA0199.1/pgls2_larval_feeding.csv, 00_results/MA0199.1/pgls1_parasitism.csv, 00_results/MA0199.1/pgls4b_wings_brachypterous.csv, 00_results/MA0199.1/pgls6a_queens_binary.csv, 00_results/MA0199.1/pgls4a_wings_ergatoid.csv, 00_results/MA0199.1/pgls6b_queens_ordered.csv
    wildcards: motif=MA0199.1
    resources: tmpdir=/tmp
RuleException:
FileNotFoundError in file "/DATASMALL/samuel.pederzini/TF-Formicidae/04_pgls_analysis/02_pgls_analysis/snakefile_pgls_analysis.smk", line 24:
[Errno 2] No such file or directory: '/DATASMALL/samuel.pederzini/TF-Formicidae/04_pgls_analysis/02_pgls_analysis/pgls_phenotypes.R'
[Mon Jun 15 12:08:10 2026]
Error in rule pgls_phenotypes:
    message: None
    jobid: 8
    input: abbreviative_name_rooted_Leptsp_tree.txt, updated_dataset.tsv, ../../03_tf_research/05_aggregate/02_totalscore/totalscore_MA2252.1.tsv
    output: 00_results/MA2252.1/pgls1_parasitism.csv, 00_results/MA2252.1/pgls2_larval_feeding.csv, 00_results/MA2252.1/pgls3_cocoon.csv, 00_results/MA2252.1/pgls4a_wings_ergatoid.csv, 00_results/MA2252.1/pgls4b_wings_brachypterous.csv, 00_results/MA2252.1/pgls5_castes.csv, 00_results/MA2252.1/pgls6a_queens_binary.csv, 00_results/MA2252.1/pgls6b_queens_ordered.csv
    log: 00_results/MA2252.1/logs/pgls_phenotypes.log (check log file(s) for error details)
[Mon Jun 15 12:08:10 2026]
localrule pgls_phenotypes:
    input: abbreviative_name_rooted_Leptsp_tree.txt, updated_dataset.tsv, ../../03_tf_research/05_aggregate/02_totalscore/totalscore_MA0172.1.tsv
    output: 00_results/MA0172.1/pgls1_parasitism.csv, 00_results/MA0172.1/pgls2_larval_feeding.csv, 00_results/MA0172.1/pgls3_cocoon.csv, 00_results/MA0172.1/pgls4a_wings_ergatoid.csv, 00_results/MA0172.1/pgls4b_wings_brachypterous.csv, 00_results/MA0172.1/pgls5_castes.csv, 00_results/MA0172.1/pgls6a_queens_binary.csv, 00_results/MA0172.1/pgls6b_queens_ordered.csv
    log: 00_results/MA0172.1/logs/pgls_phenotypes.log
    jobid: 38
    reason: Missing output files: 00_results/MA0172.1/pgls4b_wings_brachypterous.csv, 00_results/MA0172.1/pgls1_parasitism.csv, 00_results/MA0172.1/pgls4a_wings_ergatoid.csv, 00_results/MA0172.1/pgls2_larval_feeding.csv, 00_results/MA0172.1/pgls5_castes.csv, 00_results/MA0172.1/pgls3_cocoon.csv, 00_results/MA0172.1/pgls6a_queens_binary.csv, 00_results/MA0172.1/pgls6b_queens_ordered.csv
    wildcards: motif=MA0172.1
    resources: tmpdir=/tmp
RuleException:
FileNotFoundError in file "/DATASMALL/samuel.pederzini/TF-Formicidae/04_pgls_analysis/02_pgls_analysis/snakefile_pgls_analysis.smk", line 24:
[Errno 2] No such file or directory: '/DATASMALL/samuel.pederzini/TF-Formicidae/04_pgls_analysis/02_pgls_analysis/pgls_phenotypes.R'
[Mon Jun 15 12:08:10 2026]
Error in rule pgls_phenotypes:
    message: None
    jobid: 68
    input: abbreviative_name_rooted_Leptsp_tree.txt, updated_dataset.tsv, ../../03_tf_research/05_aggregate/02_totalscore/totalscore_MA0199.1.tsv
    output: 00_results/MA0199.1/pgls1_parasitism.csv, 00_results/MA0199.1/pgls2_larval_feeding.csv, 00_results/MA0199.1/pgls3_cocoon.csv, 00_results/MA0199.1/pgls4a_wings_ergatoid.csv, 00_results/MA0199.1/pgls4b_wings_brachypterous.csv, 00_results/MA0199.1/pgls5_castes.csv, 00_results/MA0199.1/pgls6a_queens_binary.csv, 00_results/MA0199.1/pgls6b_queens_ordered.csv
    log: 00_results/MA0199.1/logs/pgls_phenotypes.log (check log file(s) for error details)
[Mon Jun 15 12:08:10 2026]
localrule pgls_phenotypes:
    input: abbreviative_name_rooted_Leptsp_tree.txt, updated_dataset.tsv, ../../03_tf_research/05_aggregate/02_totalscore/totalscore_MA0189.2.tsv
    output: 00_results/MA0189.2/pgls1_parasitism.csv, 00_results/MA0189.2/pgls2_larval_feeding.csv, 00_results/MA0189.2/pgls3_cocoon.csv, 00_results/MA0189.2/pgls4a_wings_ergatoid.csv, 00_results/MA0189.2/pgls4b_wings_brachypterous.csv, 00_results/MA0189.2/pgls5_castes.csv, 00_results/MA0189.2/pgls6a_queens_binary.csv, 00_results/MA0189.2/pgls6b_queens_ordered.csv
    log: 00_results/MA0189.2/logs/pgls_phenotypes.log
    jobid: 98
    reason: Missing output files: 00_results/MA0189.2/pgls1_parasitism.csv, 00_results/MA0189.2/pgls4a_wings_ergatoid.csv, 00_results/MA0189.2/pgls2_larval_feeding.csv, 00_results/MA0189.2/pgls5_castes.csv, 00_results/MA0189.2/pgls4b_wings_brachypterous.csv, 00_results/MA0189.2/pgls6a_queens_binary.csv, 00_results/MA0189.2/pgls3_cocoon.csv, 00_results/MA0189.2/pgls6b_queens_ordered.csv
    wildcards: motif=MA0189.2
    resources: tmpdir=/tmp
RuleException:
FileNotFoundError in file "/DATASMALL/samuel.pederzini/TF-Formicidae/04_pgls_analysis/02_pgls_analysis/snakefile_pgls_analysis.smk", line 24:
[Errno 2] No such file or directory: '/DATASMALL/samuel.pederzini/TF-Formicidae/04_pgls_analysis/02_pgls_analysis/pgls_phenotypes.R'
[Mon Jun 15 12:08:10 2026]
Error in rule pgls_phenotypes:
    message: None
    jobid: 38
    input: abbreviative_name_rooted_Leptsp_tree.txt, updated_dataset.tsv, ../../03_tf_research/05_aggregate/02_totalscore/totalscore_MA0172.1.tsv
    output: 00_results/MA0172.1/pgls1_parasitism.csv, 00_results/MA0172.1/pgls2_larval_feeding.csv, 00_results/MA0172.1/pgls3_cocoon.csv, 00_results/MA0172.1/pgls4a_wings_ergatoid.csv, 00_results/MA0172.1/pgls4b_wings_brachypterous.csv, 00_results/MA0172.1/pgls5_castes.csv, 00_results/MA0172.1/pgls6a_queens_binary.csv, 00_results/MA0172.1/pgls6b_queens_ordered.csv
    log: 00_results/MA0172.1/logs/pgls_phenotypes.log (check log file(s) for error details)
[Mon Jun 15 12:08:10 2026]
localrule pgls_phenotypes:
    input: abbreviative_name_rooted_Leptsp_tree.txt, updated_dataset.tsv, ../../03_tf_research/05_aggregate/02_totalscore/totalscore_MA2192.1.tsv
    output: 00_results/MA2192.1/pgls1_parasitism.csv, 00_results/MA2192.1/pgls2_larval_feeding.csv, 00_results/MA2192.1/pgls3_cocoon.csv, 00_results/MA2192.1/pgls4a_wings_ergatoid.csv, 00_results/MA2192.1/pgls4b_wings_brachypterous.csv, 00_results/MA2192.1/pgls5_castes.csv, 00_results/MA2192.1/pgls6a_queens_binary.csv, 00_results/MA2192.1/pgls6b_queens_ordered.csv
    log: 00_results/MA2192.1/logs/pgls_phenotypes.log
    jobid: 128
    reason: Missing output files: 00_results/MA2192.1/pgls4b_wings_brachypterous.csv, 00_results/MA2192.1/pgls2_larval_feeding.csv, 00_results/MA2192.1/pgls5_castes.csv, 00_results/MA2192.1/pgls4a_wings_ergatoid.csv, 00_results/MA2192.1/pgls1_parasitism.csv, 00_results/MA2192.1/pgls3_cocoon.csv, 00_results/MA2192.1/pgls6a_queens_binary.csv, 00_results/MA2192.1/pgls6b_queens_ordered.csv
    wildcards: motif=MA2192.1
    resources: tmpdir=/tmp
RuleException:
FileNotFoundError in file "/DATASMALL/samuel.pederzini/TF-Formicidae/04_pgls_analysis/02_pgls_analysis/snakefile_pgls_analysis.smk", line 24:
[Errno 2] No such file or directory: '/DATASMALL/samuel.pederzini/TF-Formicidae/04_pgls_analysis/02_pgls_analysis/pgls_phenotypes.R'
[Mon Jun 15 12:08:10 2026]
Error in rule pgls_phenotypes:
    message: None
    jobid: 98
    input: abbreviative_name_rooted_Leptsp_tree.txt, updated_dataset.tsv, ../../03_tf_research/05_aggregate/02_totalscore/totalscore_MA0189.2.tsv
    output: 00_results/MA0189.2/pgls1_parasitism.csv, 00_results/MA0189.2/pgls2_larval_feeding.csv, 00_results/MA0189.2/pgls3_cocoon.csv, 00_results/MA0189.2/pgls4a_wings_ergatoid.csv, 00_results/MA0189.2/pgls4b_wings_brachypterous.csv, 00_results/MA0189.2/pgls5_castes.csv, 00_results/MA0189.2/pgls6a_queens_binary.csv, 00_results/MA0189.2/pgls6b_queens_ordered.csv
    log: 00_results/MA0189.2/logs/pgls_phenotypes.log (check log file(s) for error details)
[Mon Jun 15 12:08:10 2026]
localrule pgls_phenotypes:
    input: abbreviative_name_rooted_Leptsp_tree.txt, updated_dataset.tsv, ../../03_tf_research/05_aggregate/02_totalscore/totalscore_MA2203.1.tsv
    output: 00_results/MA2203.1/pgls1_parasitism.csv, 00_results/MA2203.1/pgls2_larval_feeding.csv, 00_results/MA2203.1/pgls3_cocoon.csv, 00_results/MA2203.1/pgls4a_wings_ergatoid.csv, 00_results/MA2203.1/pgls4b_wings_brachypterous.csv, 00_results/MA2203.1/pgls5_castes.csv, 00_results/MA2203.1/pgls6a_queens_binary.csv, 00_results/MA2203.1/pgls6b_queens_ordered.csv
    log: 00_results/MA2203.1/logs/pgls_phenotypes.log
    jobid: 158
    reason: Missing output files: 00_results/MA2203.1/pgls4b_wings_brachypterous.csv, 00_results/MA2203.1/pgls5_castes.csv, 00_results/MA2203.1/pgls4a_wings_ergatoid.csv, 00_results/MA2203.1/pgls6a_queens_binary.csv, 00_results/MA2203.1/pgls3_cocoon.csv, 00_results/MA2203.1/pgls1_parasitism.csv, 00_results/MA2203.1/pgls6b_queens_ordered.csv, 00_results/MA2203.1/pgls2_larval_feeding.csv
    wildcards: motif=MA2203.1
    resources: tmpdir=/tmp
RuleException:
FileNotFoundError in file "/DATASMALL/samuel.pederzini/TF-Formicidae/04_pgls_analysis/02_pgls_analysis/snakefile_pgls_analysis.smk", line 24:
[Errno 2] No such file or directory: '/DATASMALL/samuel.pederzini/TF-Formicidae/04_pgls_analysis/02_pgls_analysis/pgls_phenotypes.R'
[Mon Jun 15 12:08:10 2026]
Error in rule pgls_phenotypes:
    message: None
    jobid: 128
    input: abbreviative_name_rooted_Leptsp_tree.txt, updated_dataset.tsv, ../../03_tf_research/05_aggregate/02_totalscore/totalscore_MA2192.1.tsv
    output: 00_results/MA2192.1/pgls1_parasitism.csv, 00_results/MA2192.1/pgls2_larval_feeding.csv, 00_results/MA2192.1/pgls3_cocoon.csv, 00_results/MA2192.1/pgls4a_wings_ergatoid.csv, 00_results/MA2192.1/pgls4b_wings_brachypterous.csv, 00_results/MA2192.1/pgls5_castes.csv, 00_results/MA2192.1/pgls6a_queens_binary.csv, 00_results/MA2192.1/pgls6b_queens_ordered.csv
    log: 00_results/MA2192.1/logs/pgls_phenotypes.log (check log file(s) for error details)
[Mon Jun 15 12:08:10 2026]
localrule pgls_phenotypes:
    input: abbreviative_name_rooted_Leptsp_tree.txt, updated_dataset.tsv, ../../03_tf_research/05_aggregate/02_totalscore/totalscore_MA2320.1.tsv
    output: 00_results/MA2320.1/pgls1_parasitism.csv, 00_results/MA2320.1/pgls2_larval_feeding.csv, 00_results/MA2320.1/pgls3_cocoon.csv, 00_results/MA2320.1/pgls4a_wings_ergatoid.csv, 00_results/MA2320.1/pgls4b_wings_brachypterous.csv, 00_results/MA2320.1/pgls5_castes.csv, 00_results/MA2320.1/pgls6a_queens_binary.csv, 00_results/MA2320.1/pgls6b_queens_ordered.csv
    log: 00_results/MA2320.1/logs/pgls_phenotypes.log
    jobid: 188
    reason: Missing output files: 00_results/MA2320.1/pgls2_larval_feeding.csv, 00_results/MA2320.1/pgls4a_wings_ergatoid.csv, 00_results/MA2320.1/pgls6a_queens_binary.csv, 00_results/MA2320.1/pgls5_castes.csv, 00_results/MA2320.1/pgls1_parasitism.csv, 00_results/MA2320.1/pgls6b_queens_ordered.csv, 00_results/MA2320.1/pgls3_cocoon.csv, 00_results/MA2320.1/pgls4b_wings_brachypterous.csv
    wildcards: motif=MA2320.1
    resources: tmpdir=/tmp
RuleException:
FileNotFoundError in file "/DATASMALL/samuel.pederzini/TF-Formicidae/04_pgls_analysis/02_pgls_analysis/snakefile_pgls_analysis.smk", line 24:
[Errno 2] No such file or directory: '/DATASMALL/samuel.pederzini/TF-Formicidae/04_pgls_analysis/02_pgls_analysis/pgls_phenotypes.R'
[Mon Jun 15 12:08:10 2026]
Error in rule pgls_phenotypes:
    message: None
    jobid: 158
    input: abbreviative_name_rooted_Leptsp_tree.txt, updated_dataset.tsv, ../../03_tf_research/05_aggregate/02_totalscore/totalscore_MA2203.1.tsv
    output: 00_results/MA2203.1/pgls1_parasitism.csv, 00_results/MA2203.1/pgls2_larval_feeding.csv, 00_results/MA2203.1/pgls3_cocoon.csv, 00_results/MA2203.1/pgls4a_wings_ergatoid.csv, 00_results/MA2203.1/pgls4b_wings_brachypterous.csv, 00_results/MA2203.1/pgls5_castes.csv, 00_results/MA2203.1/pgls6a_queens_binary.csv, 00_results/MA2203.1/pgls6b_queens_ordered.csv
    log: 00_results/MA2203.1/logs/pgls_phenotypes.log (check log file(s) for error details)
[Mon Jun 15 12:08:10 2026]
localrule pgls_phenotypes:
    input: abbreviative_name_rooted_Leptsp_tree.txt, updated_dataset.tsv, ../../03_tf_research/05_aggregate/02_totalscore/totalscore_MA2107.1.tsv
    output: 00_results/MA2107.1/pgls1_parasitism.csv, 00_results/MA2107.1/pgls2_larval_feeding.csv, 00_results/MA2107.1/pgls3_cocoon.csv, 00_results/MA2107.1/pgls4a_wings_ergatoid.csv, 00_results/MA2107.1/pgls4b_wings_brachypterous.csv, 00_results/MA2107.1/pgls5_castes.csv, 00_results/MA2107.1/pgls6a_queens_binary.csv, 00_results/MA2107.1/pgls6b_queens_ordered.csv
    log: 00_results/MA2107.1/logs/pgls_phenotypes.log
    jobid: 129
    reason: Missing output files: 00_results/MA2107.1/pgls6a_queens_binary.csv, 00_results/MA2107.1/pgls4b_wings_brachypterous.csv, 00_results/MA2107.1/pgls1_parasitism.csv, 00_results/MA2107.1/pgls2_larval_feeding.csv, 00_results/MA2107.1/pgls3_cocoon.csv, 00_results/MA2107.1/pgls6b_queens_ordered.csv, 00_results/MA2107.1/pgls5_castes.csv, 00_results/MA2107.1/pgls4a_wings_ergatoid.csv
    wildcards: motif=MA2107.1
    resources: tmpdir=/tmp
RuleException:
FileNotFoundError in file "/DATASMALL/samuel.pederzini/TF-Formicidae/04_pgls_analysis/02_pgls_analysis/snakefile_pgls_analysis.smk", line 24:
[Errno 2] No such file or directory: '/DATASMALL/samuel.pederzini/TF-Formicidae/04_pgls_analysis/02_pgls_analysis/pgls_phenotypes.R'
[Mon Jun 15 12:08:10 2026]
Error in rule pgls_phenotypes:
    message: None
    jobid: 188
    input: abbreviative_name_rooted_Leptsp_tree.txt, updated_dataset.tsv, ../../03_tf_research/05_aggregate/02_totalscore/totalscore_MA2320.1.tsv
    output: 00_results/MA2320.1/pgls1_parasitism.csv, 00_results/MA2320.1/pgls2_larval_feeding.csv, 00_results/MA2320.1/pgls3_cocoon.csv, 00_results/MA2320.1/pgls4a_wings_ergatoid.csv, 00_results/MA2320.1/pgls4b_wings_brachypterous.csv, 00_results/MA2320.1/pgls5_castes.csv, 00_results/MA2320.1/pgls6a_queens_binary.csv, 00_results/MA2320.1/pgls6b_queens_ordered.csv
    log: 00_results/MA2320.1/logs/pgls_phenotypes.log (check log file(s) for error details)
RuleException:
FileNotFoundError in file "/DATASMALL/samuel.pederzini/TF-Formicidae/04_pgls_analysis/02_pgls_analysis/snakefile_pgls_analysis.smk", line 24:
[Errno 2] No such file or directory: '/DATASMALL/samuel.pederzini/TF-Formicidae/04_pgls_analysis/02_pgls_analysis/pgls_phenotypes.R'
[Mon Jun 15 12:08:10 2026]
Error in rule pgls_phenotypes:
    message: None
    jobid: 129
    input: abbreviative_name_rooted_Leptsp_tree.txt, updated_dataset.tsv, ../../03_tf_research/05_aggregate/02_totalscore/totalscore_MA2107.1.tsv
    output: 00_results/MA2107.1/pgls1_parasitism.csv, 00_results/MA2107.1/pgls2_larval_feeding.csv, 00_results/MA2107.1/pgls3_cocoon.csv, 00_results/MA2107.1/pgls4a_wings_ergatoid.csv, 00_results/MA2107.1/pgls4b_wings_brachypterous.csv, 00_results/MA2107.1/pgls5_castes.csv, 00_results/MA2107.1/pgls6a_queens_binary.csv, 00_results/MA2107.1/pgls6b_queens_ordered.csv
    log: 00_results/MA2107.1/logs/pgls_phenotypes.log (check log file(s) for error details)
[Mon Jun 15 12:08:10 2026]
localrule pgls_phenotypes:
    input: abbreviative_name_rooted_Leptsp_tree.txt, updated_dataset.tsv, ../../03_tf_research/05_aggregate/02_totalscore/totalscore_MA2630.1.tsv
    output: 00_results/MA2630.1/pgls1_parasitism.csv, 00_results/MA2630.1/pgls2_larval_feeding.csv, 00_results/MA2630.1/pgls3_cocoon.csv, 00_results/MA2630.1/pgls4a_wings_ergatoid.csv, 00_results/MA2630.1/pgls4b_wings_brachypterous.csv, 00_results/MA2630.1/pgls5_castes.csv, 00_results/MA2630.1/pgls6a_queens_binary.csv, 00_results/MA2630.1/pgls6b_queens_ordered.csv
    log: 00_results/MA2630.1/logs/pgls_phenotypes.log
    jobid: 159
    reason: Missing output files: 00_results/MA2630.1/pgls1_parasitism.csv, 00_results/MA2630.1/pgls4a_wings_ergatoid.csv, 00_results/MA2630.1/pgls4b_wings_brachypterous.csv, 00_results/MA2630.1/pgls6a_queens_binary.csv, 00_results/MA2630.1/pgls5_castes.csv, 00_results/MA2630.1/pgls3_cocoon.csv, 00_results/MA2630.1/pgls6b_queens_ordered.csv, 00_results/MA2630.1/pgls2_larval_feeding.csv
    wildcards: motif=MA2630.1
    resources: tmpdir=/tmp
[Mon Jun 15 12:08:10 2026]
localrule pgls_phenotypes:
    input: abbreviative_name_rooted_Leptsp_tree.txt, updated_dataset.tsv, ../../03_tf_research/05_aggregate/02_totalscore/totalscore_MA0192.1.tsv
    output: 00_results/MA0192.1/pgls1_parasitism.csv, 00_results/MA0192.1/pgls2_larval_feeding.csv, 00_results/MA0192.1/pgls3_cocoon.csv, 00_results/MA0192.1/pgls4a_wings_ergatoid.csv, 00_results/MA0192.1/pgls4b_wings_brachypterous.csv, 00_results/MA0192.1/pgls5_castes.csv, 00_results/MA0192.1/pgls6a_queens_binary.csv, 00_results/MA0192.1/pgls6b_queens_ordered.csv
    log: 00_results/MA0192.1/logs/pgls_phenotypes.log
    jobid: 189
    reason: Missing output files: 00_results/MA0192.1/pgls4a_wings_ergatoid.csv, 00_results/MA0192.1/pgls6a_queens_binary.csv, 00_results/MA0192.1/pgls3_cocoon.csv, 00_results/MA0192.1/pgls1_parasitism.csv, 00_results/MA0192.1/pgls5_castes.csv, 00_results/MA0192.1/pgls2_larval_feeding.csv, 00_results/MA0192.1/pgls6b_queens_ordered.csv, 00_results/MA0192.1/pgls4b_wings_brachypterous.csv
    wildcards: motif=MA0192.1
    resources: tmpdir=/tmp
RuleException:
FileNotFoundError in file "/DATASMALL/samuel.pederzini/TF-Formicidae/04_pgls_analysis/02_pgls_analysis/snakefile_pgls_analysis.smk", line 24:
[Errno 2] No such file or directory: '/DATASMALL/samuel.pederzini/TF-Formicidae/04_pgls_analysis/02_pgls_analysis/pgls_phenotypes.R'
[Mon Jun 15 12:08:10 2026]
Error in rule pgls_phenotypes:
    message: None
    jobid: 159
    input: abbreviative_name_rooted_Leptsp_tree.txt, updated_dataset.tsv, ../../03_tf_research/05_aggregate/02_totalscore/totalscore_MA2630.1.tsv
    output: 00_results/MA2630.1/pgls1_parasitism.csv, 00_results/MA2630.1/pgls2_larval_feeding.csv, 00_results/MA2630.1/pgls3_cocoon.csv, 00_results/MA2630.1/pgls4a_wings_ergatoid.csv, 00_results/MA2630.1/pgls4b_wings_brachypterous.csv, 00_results/MA2630.1/pgls5_castes.csv, 00_results/MA2630.1/pgls6a_queens_binary.csv, 00_results/MA2630.1/pgls6b_queens_ordered.csv
    log: 00_results/MA2630.1/logs/pgls_phenotypes.log (check log file(s) for error details)
[Mon Jun 15 12:08:10 2026]
localrule pgls_phenotypes:
    input: abbreviative_name_rooted_Leptsp_tree.txt, updated_dataset.tsv, ../../03_tf_research/05_aggregate/02_totalscore/totalscore_MA0456.1.tsv
    output: 00_results/MA0456.1/pgls1_parasitism.csv, 00_results/MA0456.1/pgls2_larval_feeding.csv, 00_results/MA0456.1/pgls3_cocoon.csv, 00_results/MA0456.1/pgls4a_wings_ergatoid.csv, 00_results/MA0456.1/pgls4b_wings_brachypterous.csv, 00_results/MA0456.1/pgls5_castes.csv, 00_results/MA0456.1/pgls6a_queens_binary.csv, 00_results/MA0456.1/pgls6b_queens_ordered.csv
    log: 00_results/MA0456.1/logs/pgls_phenotypes.log
    jobid: 219
    reason: Missing output files: 00_results/MA0456.1/pgls5_castes.csv, 00_results/MA0456.1/pgls3_cocoon.csv, 00_results/MA0456.1/pgls1_parasitism.csv, 00_results/MA0456.1/pgls6b_queens_ordered.csv, 00_results/MA0456.1/pgls4a_wings_ergatoid.csv, 00_results/MA0456.1/pgls6a_queens_binary.csv, 00_results/MA0456.1/pgls2_larval_feeding.csv, 00_results/MA0456.1/pgls4b_wings_brachypterous.csv
    wildcards: motif=MA0456.1
    resources: tmpdir=/tmp
RuleException:
FileNotFoundError in file "/DATASMALL/samuel.pederzini/TF-Formicidae/04_pgls_analysis/02_pgls_analysis/snakefile_pgls_analysis.smk", line 24:
[Errno 2] No such file or directory: '/DATASMALL/samuel.pederzini/TF-Formicidae/04_pgls_analysis/02_pgls_analysis/pgls_phenotypes.R'
[Mon Jun 15 12:08:10 2026]
Error in rule pgls_phenotypes:
    message: None
    jobid: 189
    input: abbreviative_name_rooted_Leptsp_tree.txt, updated_dataset.tsv, ../../03_tf_research/05_aggregate/02_totalscore/totalscore_MA0192.1.tsv
    output: 00_results/MA0192.1/pgls1_parasitism.csv, 00_results/MA0192.1/pgls2_larval_feeding.csv, 00_results/MA0192.1/pgls3_cocoon.csv, 00_results/MA0192.1/pgls4a_wings_ergatoid.csv, 00_results/MA0192.1/pgls4b_wings_brachypterous.csv, 00_results/MA0192.1/pgls5_castes.csv, 00_results/MA0192.1/pgls6a_queens_binary.csv, 00_results/MA0192.1/pgls6b_queens_ordered.csv
    log: 00_results/MA0192.1/logs/pgls_phenotypes.log (check log file(s) for error details)
[Mon Jun 15 12:08:10 2026]
localrule pgls_phenotypes:
    input: abbreviative_name_rooted_Leptsp_tree.txt, updated_dataset.tsv, ../../03_tf_research/05_aggregate/02_totalscore/totalscore_MA0224.1.tsv
    output: 00_results/MA0224.1/pgls1_parasitism.csv, 00_results/MA0224.1/pgls2_larval_feeding.csv, 00_results/MA0224.1/pgls3_cocoon.csv, 00_results/MA0224.1/pgls4a_wings_ergatoid.csv, 00_results/MA0224.1/pgls4b_wings_brachypterous.csv, 00_results/MA0224.1/pgls5_castes.csv, 00_results/MA0224.1/pgls6a_queens_binary.csv, 00_results/MA0224.1/pgls6b_queens_ordered.csv
    log: 00_results/MA0224.1/logs/pgls_phenotypes.log
    jobid: 249
    reason: Missing output files: 00_results/MA0224.1/pgls6a_queens_binary.csv, 00_results/MA0224.1/pgls3_cocoon.csv, 00_results/MA0224.1/pgls2_larval_feeding.csv, 00_results/MA0224.1/pgls6b_queens_ordered.csv, 00_results/MA0224.1/pgls4b_wings_brachypterous.csv, 00_results/MA0224.1/pgls1_parasitism.csv, 00_results/MA0224.1/pgls5_castes.csv, 00_results/MA0224.1/pgls4a_wings_ergatoid.csv
    wildcards: motif=MA0224.1
    resources: tmpdir=/tmp
RuleException:
FileNotFoundError in file "/DATASMALL/samuel.pederzini/TF-Formicidae/04_pgls_analysis/02_pgls_analysis/snakefile_pgls_analysis.smk", line 24:
[Errno 2] No such file or directory: '/DATASMALL/samuel.pederzini/TF-Formicidae/04_pgls_analysis/02_pgls_analysis/pgls_phenotypes.R'
[Mon Jun 15 12:08:10 2026]
Error in rule pgls_phenotypes:
    message: None
    jobid: 219
    input: abbreviative_name_rooted_Leptsp_tree.txt, updated_dataset.tsv, ../../03_tf_research/05_aggregate/02_totalscore/totalscore_MA0456.1.tsv
    output: 00_results/MA0456.1/pgls1_parasitism.csv, 00_results/MA0456.1/pgls2_larval_feeding.csv, 00_results/MA0456.1/pgls3_cocoon.csv, 00_results/MA0456.1/pgls4a_wings_ergatoid.csv, 00_results/MA0456.1/pgls4b_wings_brachypterous.csv, 00_results/MA0456.1/pgls5_castes.csv, 00_results/MA0456.1/pgls6a_queens_binary.csv, 00_results/MA0456.1/pgls6b_queens_ordered.csv
    log: 00_results/MA0456.1/logs/pgls_phenotypes.log (check log file(s) for error details)
[Mon Jun 15 12:08:10 2026]
localrule pgls_phenotypes:
    input: abbreviative_name_rooted_Leptsp_tree.txt, updated_dataset.tsv, ../../03_tf_research/05_aggregate/02_totalscore/totalscore_MA2220.1.tsv
    output: 00_results/MA2220.1/pgls1_parasitism.csv, 00_results/MA2220.1/pgls2_larval_feeding.csv, 00_results/MA2220.1/pgls3_cocoon.csv, 00_results/MA2220.1/pgls4a_wings_ergatoid.csv, 00_results/MA2220.1/pgls4b_wings_brachypterous.csv, 00_results/MA2220.1/pgls5_castes.csv, 00_results/MA2220.1/pgls6a_queens_binary.csv, 00_results/MA2220.1/pgls6b_queens_ordered.csv
    log: 00_results/MA2220.1/logs/pgls_phenotypes.log
    jobid: 279
    reason: Missing output files: 00_results/MA2220.1/pgls3_cocoon.csv, 00_results/MA2220.1/pgls1_parasitism.csv, 00_results/MA2220.1/pgls5_castes.csv, 00_results/MA2220.1/pgls4b_wings_brachypterous.csv, 00_results/MA2220.1/pgls2_larval_feeding.csv, 00_results/MA2220.1/pgls4a_wings_ergatoid.csv, 00_results/MA2220.1/pgls6b_queens_ordered.csv, 00_results/MA2220.1/pgls6a_queens_binary.csv
    wildcards: motif=MA2220.1
    resources: tmpdir=/tmp
RuleException:
FileNotFoundError in file "/DATASMALL/samuel.pederzini/TF-Formicidae/04_pgls_analysis/02_pgls_analysis/snakefile_pgls_analysis.smk", line 24:
[Errno 2] No such file or directory: '/DATASMALL/samuel.pederzini/TF-Formicidae/04_pgls_analysis/02_pgls_analysis/pgls_phenotypes.R'
[Mon Jun 15 12:08:10 2026]
Error in rule pgls_phenotypes:
    message: None
    jobid: 249
    input: abbreviative_name_rooted_Leptsp_tree.txt, updated_dataset.tsv, ../../03_tf_research/05_aggregate/02_totalscore/totalscore_MA0224.1.tsv
    output: 00_results/MA0224.1/pgls1_parasitism.csv, 00_results/MA0224.1/pgls2_larval_feeding.csv, 00_results/MA0224.1/pgls3_cocoon.csv, 00_results/MA0224.1/pgls4a_wings_ergatoid.csv, 00_results/MA0224.1/pgls4b_wings_brachypterous.csv, 00_results/MA0224.1/pgls5_castes.csv, 00_results/MA0224.1/pgls6a_queens_binary.csv, 00_results/MA0224.1/pgls6b_queens_ordered.csv
    log: 00_results/MA0224.1/logs/pgls_phenotypes.log (check log file(s) for error details)
RuleException:
FileNotFoundError in file "/DATASMALL/samuel.pederzini/TF-Formicidae/04_pgls_analysis/02_pgls_analysis/snakefile_pgls_analysis.smk", line 24:
[Errno 2] No such file or directory: '/DATASMALL/samuel.pederzini/TF-Formicidae/04_pgls_analysis/02_pgls_analysis/pgls_phenotypes.R'
[Mon Jun 15 12:08:10 2026]
Error in rule pgls_phenotypes:
    message: None
    jobid: 279
    input: abbreviative_name_rooted_Leptsp_tree.txt, updated_dataset.tsv, ../../03_tf_research/05_aggregate/02_totalscore/totalscore_MA2220.1.tsv
    output: 00_results/MA2220.1/pgls1_parasitism.csv, 00_results/MA2220.1/pgls2_larval_feeding.csv, 00_results/MA2220.1/pgls3_cocoon.csv, 00_results/MA2220.1/pgls4a_wings_ergatoid.csv, 00_results/MA2220.1/pgls4b_wings_brachypterous.csv, 00_results/MA2220.1/pgls5_castes.csv, 00_results/MA2220.1/pgls6a_queens_binary.csv, 00_results/MA2220.1/pgls6b_queens_ordered.csv
    log: 00_results/MA2220.1/logs/pgls_phenotypes.log (check log file(s) for error details)
Shutting down, this might take some time.
Exiting because a job execution failed. Look below for error messages
[Mon Jun 15 12:08:11 2026]
Error in rule pgls_phenotypes:
    message: None
    jobid: 70
    input: abbreviative_name_rooted_Leptsp_tree.txt, updated_dataset.tsv, ../../03_tf_research/05_aggregate/02_totalscore/totalscore_MA2310.1.tsv
    output: 00_results/MA2310.1/pgls1_parasitism.csv, 00_results/MA2310.1/pgls2_larval_feeding.csv, 00_results/MA2310.1/pgls3_cocoon.csv, 00_results/MA2310.1/pgls4a_wings_ergatoid.csv, 00_results/MA2310.1/pgls4b_wings_brachypterous.csv, 00_results/MA2310.1/pgls5_castes.csv, 00_results/MA2310.1/pgls6a_queens_binary.csv, 00_results/MA2310.1/pgls6b_queens_ordered.csv
    log: 00_results/MA2310.1/logs/pgls_phenotypes.log (check log file(s) for error details)
[Mon Jun 15 12:08:11 2026]
Error in rule pgls_phenotypes:
    message: None
    jobid: 282
    input: abbreviative_name_rooted_Leptsp_tree.txt, updated_dataset.tsv, ../../03_tf_research/05_aggregate/02_totalscore/totalscore_MA0227.1.tsv
    output: 00_results/MA0227.1/pgls1_parasitism.csv, 00_results/MA0227.1/pgls2_larval_feeding.csv, 00_results/MA0227.1/pgls3_cocoon.csv, 00_results/MA0227.1/pgls4a_wings_ergatoid.csv, 00_results/MA0227.1/pgls4b_wings_brachypterous.csv, 00_results/MA0227.1/pgls5_castes.csv, 00_results/MA0227.1/pgls6a_queens_binary.csv, 00_results/MA0227.1/pgls6b_queens_ordered.csv
    log: 00_results/MA0227.1/logs/pgls_phenotypes.log (check log file(s) for error details)
[Mon Jun 15 12:08:11 2026]
Error in rule pgls_phenotypes:
    message: None
    jobid: 222
    input: abbreviative_name_rooted_Leptsp_tree.txt, updated_dataset.tsv, ../../03_tf_research/05_aggregate/02_totalscore/totalscore_MA2272.1.tsv
    output: 00_results/MA2272.1/pgls1_parasitism.csv, 00_results/MA2272.1/pgls2_larval_feeding.csv, 00_results/MA2272.1/pgls3_cocoon.csv, 00_results/MA2272.1/pgls4a_wings_ergatoid.csv, 00_results/MA2272.1/pgls4b_wings_brachypterous.csv, 00_results/MA2272.1/pgls5_castes.csv, 00_results/MA2272.1/pgls6a_queens_binary.csv, 00_results/MA2272.1/pgls6b_queens_ordered.csv
    log: 00_results/MA2272.1/logs/pgls_phenotypes.log (check log file(s) for error details)
[Mon Jun 15 12:08:11 2026]
Error in rule pgls_phenotypes:
    message: None
    jobid: 252
    input: abbreviative_name_rooted_Leptsp_tree.txt, updated_dataset.tsv, ../../03_tf_research/05_aggregate/02_totalscore/totalscore_MA2466.1.tsv
    output: 00_results/MA2466.1/pgls1_parasitism.csv, 00_results/MA2466.1/pgls2_larval_feeding.csv, 00_results/MA2466.1/pgls3_cocoon.csv, 00_results/MA2466.1/pgls4a_wings_ergatoid.csv, 00_results/MA2466.1/pgls4b_wings_brachypterous.csv, 00_results/MA2466.1/pgls5_castes.csv, 00_results/MA2466.1/pgls6a_queens_binary.csv, 00_results/MA2466.1/pgls6b_queens_ordered.csv
    log: 00_results/MA2466.1/logs/pgls_phenotypes.log (check log file(s) for error details)
[Mon Jun 15 12:08:11 2026]
Error in rule pgls_phenotypes:
    message: None
    jobid: 103
    input: abbreviative_name_rooted_Leptsp_tree.txt, updated_dataset.tsv, ../../03_tf_research/05_aggregate/02_totalscore/totalscore_MA2258.1.tsv
    output: 00_results/MA2258.1/pgls1_parasitism.csv, 00_results/MA2258.1/pgls2_larval_feeding.csv, 00_results/MA2258.1/pgls3_cocoon.csv, 00_results/MA2258.1/pgls4a_wings_ergatoid.csv, 00_results/MA2258.1/pgls4b_wings_brachypterous.csv, 00_results/MA2258.1/pgls5_castes.csv, 00_results/MA2258.1/pgls6a_queens_binary.csv, 00_results/MA2258.1/pgls6b_queens_ordered.csv
    log: 00_results/MA2258.1/logs/pgls_phenotypes.log (check log file(s) for error details)
[Mon Jun 15 12:08:11 2026]
Error in rule pgls_phenotypes:
    message: None
    jobid: 43
    input: abbreviative_name_rooted_Leptsp_tree.txt, updated_dataset.tsv, ../../03_tf_research/05_aggregate/02_totalscore/totalscore_MA2205.1.tsv
    output: 00_results/MA2205.1/pgls1_parasitism.csv, 00_results/MA2205.1/pgls2_larval_feeding.csv, 00_results/MA2205.1/pgls3_cocoon.csv, 00_results/MA2205.1/pgls4a_wings_ergatoid.csv, 00_results/MA2205.1/pgls4b_wings_brachypterous.csv, 00_results/MA2205.1/pgls5_castes.csv, 00_results/MA2205.1/pgls6a_queens_binary.csv, 00_results/MA2205.1/pgls6b_queens_ordered.csv
    log: 00_results/MA2205.1/logs/pgls_phenotypes.log (check log file(s) for error details)
[Mon Jun 15 12:08:11 2026]
Error in rule pgls_phenotypes:
    message: None
    jobid: 276
    input: abbreviative_name_rooted_Leptsp_tree.txt, updated_dataset.tsv, ../../03_tf_research/05_aggregate/02_totalscore/totalscore_MA2468.1.tsv
    output: 00_results/MA2468.1/pgls1_parasitism.csv, 00_results/MA2468.1/pgls2_larval_feeding.csv, 00_results/MA2468.1/pgls3_cocoon.csv, 00_results/MA2468.1/pgls4a_wings_ergatoid.csv, 00_results/MA2468.1/pgls4b_wings_brachypterous.csv, 00_results/MA2468.1/pgls5_castes.csv, 00_results/MA2468.1/pgls6a_queens_binary.csv, 00_results/MA2468.1/pgls6b_queens_ordered.csv
    log: 00_results/MA2468.1/logs/pgls_phenotypes.log (check log file(s) for error details)
[Mon Jun 15 12:08:11 2026]
Error in rule pgls_phenotypes:
    message: None
    jobid: 247
    input: abbreviative_name_rooted_Leptsp_tree.txt, updated_dataset.tsv, ../../03_tf_research/05_aggregate/02_totalscore/totalscore_MA2243.1.tsv
    output: 00_results/MA2243.1/pgls1_parasitism.csv, 00_results/MA2243.1/pgls2_larval_feeding.csv, 00_results/MA2243.1/pgls3_cocoon.csv, 00_results/MA2243.1/pgls4a_wings_ergatoid.csv, 00_results/MA2243.1/pgls4b_wings_brachypterous.csv, 00_results/MA2243.1/pgls5_castes.csv, 00_results/MA2243.1/pgls6a_queens_binary.csv, 00_results/MA2243.1/pgls6b_queens_ordered.csv
    log: 00_results/MA2243.1/logs/pgls_phenotypes.log (check log file(s) for error details)
[Mon Jun 15 12:08:11 2026]
Error in rule pgls_phenotypes:
    message: None
    jobid: 7
    input: abbreviative_name_rooted_Leptsp_tree.txt, updated_dataset.tsv, ../../03_tf_research/05_aggregate/02_totalscore/totalscore_MA2244.1.tsv
    output: 00_results/MA2244.1/pgls1_parasitism.csv, 00_results/MA2244.1/pgls2_larval_feeding.csv, 00_results/MA2244.1/pgls3_cocoon.csv, 00_results/MA2244.1/pgls4a_wings_ergatoid.csv, 00_results/MA2244.1/pgls4b_wings_brachypterous.csv, 00_results/MA2244.1/pgls5_castes.csv, 00_results/MA2244.1/pgls6a_queens_binary.csv, 00_results/MA2244.1/pgls6b_queens_ordered.csv
    log: 00_results/MA2244.1/logs/pgls_phenotypes.log (check log file(s) for error details)
[Mon Jun 15 12:08:11 2026]
Error in rule pgls_phenotypes:
    message: None
    jobid: 67
    input: abbreviative_name_rooted_Leptsp_tree.txt, updated_dataset.tsv, ../../03_tf_research/05_aggregate/02_totalscore/totalscore_MA0166.1.tsv
    output: 00_results/MA0166.1/pgls1_parasitism.csv, 00_results/MA0166.1/pgls2_larval_feeding.csv, 00_results/MA0166.1/pgls3_cocoon.csv, 00_results/MA0166.1/pgls4a_wings_ergatoid.csv, 00_results/MA0166.1/pgls4b_wings_brachypterous.csv, 00_results/MA0166.1/pgls5_castes.csv, 00_results/MA0166.1/pgls6a_queens_binary.csv, 00_results/MA0166.1/pgls6b_queens_ordered.csv
    log: 00_results/MA0166.1/logs/pgls_phenotypes.log (check log file(s) for error details)
[Mon Jun 15 12:08:11 2026]
Error in rule pgls_phenotypes:
    message: None
    jobid: 37
    input: abbreviative_name_rooted_Leptsp_tree.txt, updated_dataset.tsv, ../../03_tf_research/05_aggregate/02_totalscore/totalscore_MA2201.1.tsv
    output: 00_results/MA2201.1/pgls1_parasitism.csv, 00_results/MA2201.1/pgls2_larval_feeding.csv, 00_results/MA2201.1/pgls3_cocoon.csv, 00_results/MA2201.1/pgls4a_wings_ergatoid.csv, 00_results/MA2201.1/pgls4b_wings_brachypterous.csv, 00_results/MA2201.1/pgls5_castes.csv, 00_results/MA2201.1/pgls6a_queens_binary.csv, 00_results/MA2201.1/pgls6b_queens_ordered.csv
    log: 00_results/MA2201.1/logs/pgls_phenotypes.log (check log file(s) for error details)
[Mon Jun 15 12:08:11 2026]
Error in rule pgls_phenotypes:
    message: None
    jobid: 97
    input: abbreviative_name_rooted_Leptsp_tree.txt, updated_dataset.tsv, ../../03_tf_research/05_aggregate/02_totalscore/totalscore_MA0205.3.tsv
    output: 00_results/MA0205.3/pgls1_parasitism.csv, 00_results/MA0205.3/pgls2_larval_feeding.csv, 00_results/MA0205.3/pgls3_cocoon.csv, 00_results/MA0205.3/pgls4a_wings_ergatoid.csv, 00_results/MA0205.3/pgls4b_wings_brachypterous.csv, 00_results/MA0205.3/pgls5_castes.csv, 00_results/MA0205.3/pgls6a_queens_binary.csv, 00_results/MA0205.3/pgls6b_queens_ordered.csv
    log: 00_results/MA0205.3/logs/pgls_phenotypes.log (check log file(s) for error details)
[Mon Jun 15 12:08:11 2026]
Error in rule pgls_phenotypes:
    message: None
    jobid: 127
    input: abbreviative_name_rooted_Leptsp_tree.txt, updated_dataset.tsv, ../../03_tf_research/05_aggregate/02_totalscore/totalscore_MA2190.1.tsv
    output: 00_results/MA2190.1/pgls1_parasitism.csv, 00_results/MA2190.1/pgls2_larval_feeding.csv, 00_results/MA2190.1/pgls3_cocoon.csv, 00_results/MA2190.1/pgls4a_wings_ergatoid.csv, 00_results/MA2190.1/pgls4b_wings_brachypterous.csv, 00_results/MA2190.1/pgls5_castes.csv, 00_results/MA2190.1/pgls6a_queens_binary.csv, 00_results/MA2190.1/pgls6b_queens_ordered.csv
    log: 00_results/MA2190.1/logs/pgls_phenotypes.log (check log file(s) for error details)
[Mon Jun 15 12:08:11 2026]
Error in rule pgls_phenotypes:
    message: None
    jobid: 157
    input: abbreviative_name_rooted_Leptsp_tree.txt, updated_dataset.tsv, ../../03_tf_research/05_aggregate/02_totalscore/totalscore_MA1461.2.tsv
    output: 00_results/MA1461.2/pgls1_parasitism.csv, 00_results/MA1461.2/pgls2_larval_feeding.csv, 00_results/MA1461.2/pgls3_cocoon.csv, 00_results/MA1461.2/pgls4a_wings_ergatoid.csv, 00_results/MA1461.2/pgls4b_wings_brachypterous.csv, 00_results/MA1461.2/pgls5_castes.csv, 00_results/MA1461.2/pgls6a_queens_binary.csv, 00_results/MA1461.2/pgls6b_queens_ordered.csv
    log: 00_results/MA1461.2/logs/pgls_phenotypes.log (check log file(s) for error details)
[Mon Jun 15 12:08:11 2026]
Error in rule pgls_phenotypes:
    message: None
    jobid: 187
    input: abbreviative_name_rooted_Leptsp_tree.txt, updated_dataset.tsv, ../../03_tf_research/05_aggregate/02_totalscore/totalscore_MA2299.1.tsv
    output: 00_results/MA2299.1/pgls1_parasitism.csv, 00_results/MA2299.1/pgls2_larval_feeding.csv, 00_results/MA2299.1/pgls3_cocoon.csv, 00_results/MA2299.1/pgls4a_wings_ergatoid.csv, 00_results/MA2299.1/pgls4b_wings_brachypterous.csv, 00_results/MA2299.1/pgls5_castes.csv, 00_results/MA2299.1/pgls6a_queens_binary.csv, 00_results/MA2299.1/pgls6b_queens_ordered.csv
    log: 00_results/MA2299.1/logs/pgls_phenotypes.log (check log file(s) for error details)
[Mon Jun 15 12:08:11 2026]
Error in rule pgls_phenotypes:
    message: None
    jobid: 217
    input: abbreviative_name_rooted_Leptsp_tree.txt, updated_dataset.tsv, ../../03_tf_research/05_aggregate/02_totalscore/totalscore_MA2223.1.tsv
    output: 00_results/MA2223.1/pgls1_parasitism.csv, 00_results/MA2223.1/pgls2_larval_feeding.csv, 00_results/MA2223.1/pgls3_cocoon.csv, 00_results/MA2223.1/pgls4a_wings_ergatoid.csv, 00_results/MA2223.1/pgls4b_wings_brachypterous.csv, 00_results/MA2223.1/pgls5_castes.csv, 00_results/MA2223.1/pgls6a_queens_binary.csv, 00_results/MA2223.1/pgls6b_queens_ordered.csv
    log: 00_results/MA2223.1/logs/pgls_phenotypes.log (check log file(s) for error details)
[Mon Jun 15 12:08:11 2026]
Error in rule pgls_phenotypes:
    message: None
    jobid: 277
    input: abbreviative_name_rooted_Leptsp_tree.txt, updated_dataset.tsv, ../../03_tf_research/05_aggregate/02_totalscore/totalscore_MA0219.1.tsv
    output: 00_results/MA0219.1/pgls1_parasitism.csv, 00_results/MA0219.1/pgls2_larval_feeding.csv, 00_results/MA0219.1/pgls3_cocoon.csv, 00_results/MA0219.1/pgls4a_wings_ergatoid.csv, 00_results/MA0219.1/pgls4b_wings_brachypterous.csv, 00_results/MA0219.1/pgls5_castes.csv, 00_results/MA0219.1/pgls6a_queens_binary.csv, 00_results/MA0219.1/pgls6b_queens_ordered.csv
    log: 00_results/MA0219.1/logs/pgls_phenotypes.log (check log file(s) for error details)
[Mon Jun 15 12:08:11 2026]
Error in rule pgls_phenotypes:
    message: None
    jobid: 68
    input: abbreviative_name_rooted_Leptsp_tree.txt, updated_dataset.tsv, ../../03_tf_research/05_aggregate/02_totalscore/totalscore_MA0199.1.tsv
    output: 00_results/MA0199.1/pgls1_parasitism.csv, 00_results/MA0199.1/pgls2_larval_feeding.csv, 00_results/MA0199.1/pgls3_cocoon.csv, 00_results/MA0199.1/pgls4a_wings_ergatoid.csv, 00_results/MA0199.1/pgls4b_wings_brachypterous.csv, 00_results/MA0199.1/pgls5_castes.csv, 00_results/MA0199.1/pgls6a_queens_binary.csv, 00_results/MA0199.1/pgls6b_queens_ordered.csv
    log: 00_results/MA0199.1/logs/pgls_phenotypes.log (check log file(s) for error details)
[Mon Jun 15 12:08:11 2026]
Error in rule pgls_phenotypes:
    message: None
    jobid: 8
    input: abbreviative_name_rooted_Leptsp_tree.txt, updated_dataset.tsv, ../../03_tf_research/05_aggregate/02_totalscore/totalscore_MA2252.1.tsv
    output: 00_results/MA2252.1/pgls1_parasitism.csv, 00_results/MA2252.1/pgls2_larval_feeding.csv, 00_results/MA2252.1/pgls3_cocoon.csv, 00_results/MA2252.1/pgls4a_wings_ergatoid.csv, 00_results/MA2252.1/pgls4b_wings_brachypterous.csv, 00_results/MA2252.1/pgls5_castes.csv, 00_results/MA2252.1/pgls6a_queens_binary.csv, 00_results/MA2252.1/pgls6b_queens_ordered.csv
    log: 00_results/MA2252.1/logs/pgls_phenotypes.log (check log file(s) for error details)
[Mon Jun 15 12:08:11 2026]
Error in rule pgls_phenotypes:
    message: None
    jobid: 38
    input: abbreviative_name_rooted_Leptsp_tree.txt, updated_dataset.tsv, ../../03_tf_research/05_aggregate/02_totalscore/totalscore_MA0172.1.tsv
    output: 00_results/MA0172.1/pgls1_parasitism.csv, 00_results/MA0172.1/pgls2_larval_feeding.csv, 00_results/MA0172.1/pgls3_cocoon.csv, 00_results/MA0172.1/pgls4a_wings_ergatoid.csv, 00_results/MA0172.1/pgls4b_wings_brachypterous.csv, 00_results/MA0172.1/pgls5_castes.csv, 00_results/MA0172.1/pgls6a_queens_binary.csv, 00_results/MA0172.1/pgls6b_queens_ordered.csv
    log: 00_results/MA0172.1/logs/pgls_phenotypes.log (check log file(s) for error details)
[Mon Jun 15 12:08:11 2026]
Error in rule pgls_phenotypes:
    message: None
    jobid: 98
    input: abbreviative_name_rooted_Leptsp_tree.txt, updated_dataset.tsv, ../../03_tf_research/05_aggregate/02_totalscore/totalscore_MA0189.2.tsv
    output: 00_results/MA0189.2/pgls1_parasitism.csv, 00_results/MA0189.2/pgls2_larval_feeding.csv, 00_results/MA0189.2/pgls3_cocoon.csv, 00_results/MA0189.2/pgls4a_wings_ergatoid.csv, 00_results/MA0189.2/pgls4b_wings_brachypterous.csv, 00_results/MA0189.2/pgls5_castes.csv, 00_results/MA0189.2/pgls6a_queens_binary.csv, 00_results/MA0189.2/pgls6b_queens_ordered.csv
    log: 00_results/MA0189.2/logs/pgls_phenotypes.log (check log file(s) for error details)
[Mon Jun 15 12:08:11 2026]
Error in rule pgls_phenotypes:
    message: None
    jobid: 128
    input: abbreviative_name_rooted_Leptsp_tree.txt, updated_dataset.tsv, ../../03_tf_research/05_aggregate/02_totalscore/totalscore_MA2192.1.tsv
    output: 00_results/MA2192.1/pgls1_parasitism.csv, 00_results/MA2192.1/pgls2_larval_feeding.csv, 00_results/MA2192.1/pgls3_cocoon.csv, 00_results/MA2192.1/pgls4a_wings_ergatoid.csv, 00_results/MA2192.1/pgls4b_wings_brachypterous.csv, 00_results/MA2192.1/pgls5_castes.csv, 00_results/MA2192.1/pgls6a_queens_binary.csv, 00_results/MA2192.1/pgls6b_queens_ordered.csv
    log: 00_results/MA2192.1/logs/pgls_phenotypes.log (check log file(s) for error details)
[Mon Jun 15 12:08:11 2026]
Error in rule pgls_phenotypes:
    message: None
    jobid: 158
    input: abbreviative_name_rooted_Leptsp_tree.txt, updated_dataset.tsv, ../../03_tf_research/05_aggregate/02_totalscore/totalscore_MA2203.1.tsv
    output: 00_results/MA2203.1/pgls1_parasitism.csv, 00_results/MA2203.1/pgls2_larval_feeding.csv, 00_results/MA2203.1/pgls3_cocoon.csv, 00_results/MA2203.1/pgls4a_wings_ergatoid.csv, 00_results/MA2203.1/pgls4b_wings_brachypterous.csv, 00_results/MA2203.1/pgls5_castes.csv, 00_results/MA2203.1/pgls6a_queens_binary.csv, 00_results/MA2203.1/pgls6b_queens_ordered.csv
    log: 00_results/MA2203.1/logs/pgls_phenotypes.log (check log file(s) for error details)
[Mon Jun 15 12:08:11 2026]
Error in rule pgls_phenotypes:
    message: None
    jobid: 188
    input: abbreviative_name_rooted_Leptsp_tree.txt, updated_dataset.tsv, ../../03_tf_research/05_aggregate/02_totalscore/totalscore_MA2320.1.tsv
    output: 00_results/MA2320.1/pgls1_parasitism.csv, 00_results/MA2320.1/pgls2_larval_feeding.csv, 00_results/MA2320.1/pgls3_cocoon.csv, 00_results/MA2320.1/pgls4a_wings_ergatoid.csv, 00_results/MA2320.1/pgls4b_wings_brachypterous.csv, 00_results/MA2320.1/pgls5_castes.csv, 00_results/MA2320.1/pgls6a_queens_binary.csv, 00_results/MA2320.1/pgls6b_queens_ordered.csv
    log: 00_results/MA2320.1/logs/pgls_phenotypes.log (check log file(s) for error details)
[Mon Jun 15 12:08:11 2026]
Error in rule pgls_phenotypes:
    message: None
    jobid: 129
    input: abbreviative_name_rooted_Leptsp_tree.txt, updated_dataset.tsv, ../../03_tf_research/05_aggregate/02_totalscore/totalscore_MA2107.1.tsv
    output: 00_results/MA2107.1/pgls1_parasitism.csv, 00_results/MA2107.1/pgls2_larval_feeding.csv, 00_results/MA2107.1/pgls3_cocoon.csv, 00_results/MA2107.1/pgls4a_wings_ergatoid.csv, 00_results/MA2107.1/pgls4b_wings_brachypterous.csv, 00_results/MA2107.1/pgls5_castes.csv, 00_results/MA2107.1/pgls6a_queens_binary.csv, 00_results/MA2107.1/pgls6b_queens_ordered.csv
    log: 00_results/MA2107.1/logs/pgls_phenotypes.log (check log file(s) for error details)
[Mon Jun 15 12:08:11 2026]
Error in rule pgls_phenotypes:
    message: None
    jobid: 189
    input: abbreviative_name_rooted_Leptsp_tree.txt, updated_dataset.tsv, ../../03_tf_research/05_aggregate/02_totalscore/totalscore_MA0192.1.tsv
    output: 00_results/MA0192.1/pgls1_parasitism.csv, 00_results/MA0192.1/pgls2_larval_feeding.csv, 00_results/MA0192.1/pgls3_cocoon.csv, 00_results/MA0192.1/pgls4a_wings_ergatoid.csv, 00_results/MA0192.1/pgls4b_wings_brachypterous.csv, 00_results/MA0192.1/pgls5_castes.csv, 00_results/MA0192.1/pgls6a_queens_binary.csv, 00_results/MA0192.1/pgls6b_queens_ordered.csv
    log: 00_results/MA0192.1/logs/pgls_phenotypes.log (check log file(s) for error details)
[Mon Jun 15 12:08:11 2026]
Error in rule pgls_phenotypes:
    message: None
    jobid: 159
    input: abbreviative_name_rooted_Leptsp_tree.txt, updated_dataset.tsv, ../../03_tf_research/05_aggregate/02_totalscore/totalscore_MA2630.1.tsv
    output: 00_results/MA2630.1/pgls1_parasitism.csv, 00_results/MA2630.1/pgls2_larval_feeding.csv, 00_results/MA2630.1/pgls3_cocoon.csv, 00_results/MA2630.1/pgls4a_wings_ergatoid.csv, 00_results/MA2630.1/pgls4b_wings_brachypterous.csv, 00_results/MA2630.1/pgls5_castes.csv, 00_results/MA2630.1/pgls6a_queens_binary.csv, 00_results/MA2630.1/pgls6b_queens_ordered.csv
    log: 00_results/MA2630.1/logs/pgls_phenotypes.log (check log file(s) for error details)
[Mon Jun 15 12:08:11 2026]
Error in rule pgls_phenotypes:
    message: None
    jobid: 219
    input: abbreviative_name_rooted_Leptsp_tree.txt, updated_dataset.tsv, ../../03_tf_research/05_aggregate/02_totalscore/totalscore_MA0456.1.tsv
    output: 00_results/MA0456.1/pgls1_parasitism.csv, 00_results/MA0456.1/pgls2_larval_feeding.csv, 00_results/MA0456.1/pgls3_cocoon.csv, 00_results/MA0456.1/pgls4a_wings_ergatoid.csv, 00_results/MA0456.1/pgls4b_wings_brachypterous.csv, 00_results/MA0456.1/pgls5_castes.csv, 00_results/MA0456.1/pgls6a_queens_binary.csv, 00_results/MA0456.1/pgls6b_queens_ordered.csv
    log: 00_results/MA0456.1/logs/pgls_phenotypes.log (check log file(s) for error details)
[Mon Jun 15 12:08:11 2026]
Error in rule pgls_phenotypes:
    message: None
    jobid: 249
    input: abbreviative_name_rooted_Leptsp_tree.txt, updated_dataset.tsv, ../../03_tf_research/05_aggregate/02_totalscore/totalscore_MA0224.1.tsv
    output: 00_results/MA0224.1/pgls1_parasitism.csv, 00_results/MA0224.1/pgls2_larval_feeding.csv, 00_results/MA0224.1/pgls3_cocoon.csv, 00_results/MA0224.1/pgls4a_wings_ergatoid.csv, 00_results/MA0224.1/pgls4b_wings_brachypterous.csv, 00_results/MA0224.1/pgls5_castes.csv, 00_results/MA0224.1/pgls6a_queens_binary.csv, 00_results/MA0224.1/pgls6b_queens_ordered.csv
    log: 00_results/MA0224.1/logs/pgls_phenotypes.log (check log file(s) for error details)
[Mon Jun 15 12:08:11 2026]
Error in rule pgls_phenotypes:
    message: None
    jobid: 279
    input: abbreviative_name_rooted_Leptsp_tree.txt, updated_dataset.tsv, ../../03_tf_research/05_aggregate/02_totalscore/totalscore_MA2220.1.tsv
    output: 00_results/MA2220.1/pgls1_parasitism.csv, 00_results/MA2220.1/pgls2_larval_feeding.csv, 00_results/MA2220.1/pgls3_cocoon.csv, 00_results/MA2220.1/pgls4a_wings_ergatoid.csv, 00_results/MA2220.1/pgls4b_wings_brachypterous.csv, 00_results/MA2220.1/pgls5_castes.csv, 00_results/MA2220.1/pgls6a_queens_binary.csv, 00_results/MA2220.1/pgls6b_queens_ordered.csv
    log: 00_results/MA2220.1/logs/pgls_phenotypes.log (check log file(s) for error details)
Complete log(s): /DATASMALL/samuel.pederzini/TF-Formicidae/04_pgls_analysis/02_pgls_analysis/.snakemake/log/2026-06-15T120809.589888.snakemake.log
WorkflowError:
At least one job did not complete successfully.
