Assuming unrestricted shared filesystem usage.
host: SGBGA-D142237S
Building DAG of jobs...
Using shell: /usr/bin/bash
Provided cores: 35
Rules claiming more threads will be scaled down.
Job stats:
job         count
--------  -------
all             1
run_pgls      296
total         297

Select jobs to execute...
Execute 4 jobs...
[Tue Jun  9 17:24:37 2026]
localrule run_pgls:
    input: ../../03_tf_research/05_aggregate/02_totalscore/totalscore_MA0233.1.tsv, updated_dataset.xlsx, 00_ult_tree/ultrametric_tree.rds
    output: 01_pgls_results/MA0233.1_pgls/pgls1_parasitism.tsv, 01_pgls_results/MA0233.1_pgls/pgls2_larval_hemolymph.tsv, 01_pgls_results/MA0233.1_pgls/pgls3_cocoon.tsv, 01_pgls_results/MA0233.1_pgls/pgls4a_wings_ergatoid.tsv, 01_pgls_results/MA0233.1_pgls/pgls4b_wings_brachypterous.tsv, 01_pgls_results/MA0233.1_pgls/pgls5_castes.tsv, 01_pgls_results/MA0233.1_pgls/pgls6a_queens_mono_vs_poly.tsv, 01_pgls_results/MA0233.1_pgls/pgls6b_queens_ordinal.tsv
    log: 01_pgls_results/logs/MA0233.1_pgls.log
    jobid: 161
    reason: Missing output files: 01_pgls_results/MA0233.1_pgls/pgls5_castes.tsv, 01_pgls_results/MA0233.1_pgls/pgls3_cocoon.tsv, 01_pgls_results/MA0233.1_pgls/pgls4b_wings_brachypterous.tsv, 01_pgls_results/MA0233.1_pgls/pgls6b_queens_ordinal.tsv, 01_pgls_results/MA0233.1_pgls/pgls6a_queens_mono_vs_poly.tsv, 01_pgls_results/MA0233.1_pgls/pgls4a_wings_ergatoid.tsv, 01_pgls_results/MA0233.1_pgls/pgls2_larval_hemolymph.tsv, 01_pgls_results/MA0233.1_pgls/pgls1_parasitism.tsv
    wildcards: motif=MA0233.1
    threads: 8
    resources: tmpdir=/tmp
[Tue Jun  9 17:24:37 2026]
localrule run_pgls:
    input: ../../03_tf_research/05_aggregate/02_totalscore/totalscore_MA2235.1.tsv, updated_dataset.xlsx, 00_ult_tree/ultrametric_tree.rds
    output: 01_pgls_results/MA2235.1_pgls/pgls1_parasitism.tsv, 01_pgls_results/MA2235.1_pgls/pgls2_larval_hemolymph.tsv, 01_pgls_results/MA2235.1_pgls/pgls3_cocoon.tsv, 01_pgls_results/MA2235.1_pgls/pgls4a_wings_ergatoid.tsv, 01_pgls_results/MA2235.1_pgls/pgls4b_wings_brachypterous.tsv, 01_pgls_results/MA2235.1_pgls/pgls5_castes.tsv, 01_pgls_results/MA2235.1_pgls/pgls6a_queens_mono_vs_poly.tsv, 01_pgls_results/MA2235.1_pgls/pgls6b_queens_ordinal.tsv
    log: 01_pgls_results/logs/MA2235.1_pgls.log
    jobid: 186
    reason: Missing output files: 01_pgls_results/MA2235.1_pgls/pgls1_parasitism.tsv, 01_pgls_results/MA2235.1_pgls/pgls5_castes.tsv, 01_pgls_results/MA2235.1_pgls/pgls4a_wings_ergatoid.tsv, 01_pgls_results/MA2235.1_pgls/pgls3_cocoon.tsv, 01_pgls_results/MA2235.1_pgls/pgls6b_queens_ordinal.tsv, 01_pgls_results/MA2235.1_pgls/pgls2_larval_hemolymph.tsv, 01_pgls_results/MA2235.1_pgls/pgls4b_wings_brachypterous.tsv, 01_pgls_results/MA2235.1_pgls/pgls6a_queens_mono_vs_poly.tsv; Params have changed since last execution: Union of exclusive params before and now across all output: before: <nothing exclusive> now: 8 
    wildcards: motif=MA2235.1
    threads: 8
    resources: tmpdir=/tmp
[Tue Jun  9 17:24:37 2026]
localrule run_pgls:
    input: ../../03_tf_research/05_aggregate/02_totalscore/totalscore_MA1462.2.tsv, updated_dataset.xlsx, 00_ult_tree/ultrametric_tree.rds
    output: 01_pgls_results/MA1462.2_pgls/pgls1_parasitism.tsv, 01_pgls_results/MA1462.2_pgls/pgls2_larval_hemolymph.tsv, 01_pgls_results/MA1462.2_pgls/pgls3_cocoon.tsv, 01_pgls_results/MA1462.2_pgls/pgls4a_wings_ergatoid.tsv, 01_pgls_results/MA1462.2_pgls/pgls4b_wings_brachypterous.tsv, 01_pgls_results/MA1462.2_pgls/pgls5_castes.tsv, 01_pgls_results/MA1462.2_pgls/pgls6a_queens_mono_vs_poly.tsv, 01_pgls_results/MA1462.2_pgls/pgls6b_queens_ordinal.tsv
    log: 01_pgls_results/logs/MA1462.2_pgls.log
    jobid: 127
    reason: Missing output files: 01_pgls_results/MA1462.2_pgls/pgls3_cocoon.tsv, 01_pgls_results/MA1462.2_pgls/pgls4a_wings_ergatoid.tsv, 01_pgls_results/MA1462.2_pgls/pgls2_larval_hemolymph.tsv, 01_pgls_results/MA1462.2_pgls/pgls6b_queens_ordinal.tsv, 01_pgls_results/MA1462.2_pgls/pgls1_parasitism.tsv, 01_pgls_results/MA1462.2_pgls/pgls4b_wings_brachypterous.tsv, 01_pgls_results/MA1462.2_pgls/pgls5_castes.tsv, 01_pgls_results/MA1462.2_pgls/pgls6a_queens_mono_vs_poly.tsv; Params have changed since last execution: Union of exclusive params before and now across all output: before: <nothing exclusive> now: 8 
    wildcards: motif=MA1462.2
    threads: 8
    resources: tmpdir=/tmp
[Tue Jun  9 17:24:37 2026]
localrule run_pgls:
    input: ../../03_tf_research/05_aggregate/02_totalscore/totalscore_MA2216.1.tsv, updated_dataset.xlsx, 00_ult_tree/ultrametric_tree.rds
    output: 01_pgls_results/MA2216.1_pgls/pgls1_parasitism.tsv, 01_pgls_results/MA2216.1_pgls/pgls2_larval_hemolymph.tsv, 01_pgls_results/MA2216.1_pgls/pgls3_cocoon.tsv, 01_pgls_results/MA2216.1_pgls/pgls4a_wings_ergatoid.tsv, 01_pgls_results/MA2216.1_pgls/pgls4b_wings_brachypterous.tsv, 01_pgls_results/MA2216.1_pgls/pgls5_castes.tsv, 01_pgls_results/MA2216.1_pgls/pgls6a_queens_mono_vs_poly.tsv, 01_pgls_results/MA2216.1_pgls/pgls6b_queens_ordinal.tsv
    log: 01_pgls_results/logs/MA2216.1_pgls.log
    jobid: 157
    reason: Missing output files: 01_pgls_results/MA2216.1_pgls/pgls4b_wings_brachypterous.tsv, 01_pgls_results/MA2216.1_pgls/pgls3_cocoon.tsv, 01_pgls_results/MA2216.1_pgls/pgls1_parasitism.tsv, 01_pgls_results/MA2216.1_pgls/pgls4a_wings_ergatoid.tsv, 01_pgls_results/MA2216.1_pgls/pgls6b_queens_ordinal.tsv, 01_pgls_results/MA2216.1_pgls/pgls6a_queens_mono_vs_poly.tsv, 01_pgls_results/MA2216.1_pgls/pgls5_castes.tsv, 01_pgls_results/MA2216.1_pgls/pgls2_larval_hemolymph.tsv; Params have changed since last execution: Union of exclusive params before and now across all output: before: <nothing exclusive> now: 8 
    wildcards: motif=MA2216.1
    threads: 8
    resources: tmpdir=/tmp
Select jobs to execute...
Terminating processes on user request, this might take some time.
RuleException:
CalledProcessError in file "/DATASMALL/samuel.pederzini/TF-Formicidae/04_pgls_analysis/02_pgls_analysis/snakefile_pgls_analysis.smk", line 40:
Command 'set -euo pipefail;  Rscript --vanilla /DATASMALL/samuel.pederzini/TF-Formicidae/04_pgls_analysis/02_pgls_analysis/.snakemake/scripts/tmp1rqmj_8h.pgls_ants_all.R' returned non-zero exit status 1.
[Tue Jun  9 17:24:51 2026]
Error in rule run_pgls:
    message: None
    jobid: 127
    input: ../../03_tf_research/05_aggregate/02_totalscore/totalscore_MA1462.2.tsv, updated_dataset.xlsx, 00_ult_tree/ultrametric_tree.rds
    output: 01_pgls_results/MA1462.2_pgls/pgls1_parasitism.tsv, 01_pgls_results/MA1462.2_pgls/pgls2_larval_hemolymph.tsv, 01_pgls_results/MA1462.2_pgls/pgls3_cocoon.tsv, 01_pgls_results/MA1462.2_pgls/pgls4a_wings_ergatoid.tsv, 01_pgls_results/MA1462.2_pgls/pgls4b_wings_brachypterous.tsv, 01_pgls_results/MA1462.2_pgls/pgls5_castes.tsv, 01_pgls_results/MA1462.2_pgls/pgls6a_queens_mono_vs_poly.tsv, 01_pgls_results/MA1462.2_pgls/pgls6b_queens_ordinal.tsv
    log: 01_pgls_results/logs/MA1462.2_pgls.log (check log file(s) for error details)
RuleException:
CalledProcessError in file "/DATASMALL/samuel.pederzini/TF-Formicidae/04_pgls_analysis/02_pgls_analysis/snakefile_pgls_analysis.smk", line 40:
Command 'set -euo pipefail;  Rscript --vanilla /DATASMALL/samuel.pederzini/TF-Formicidae/04_pgls_analysis/02_pgls_analysis/.snakemake/scripts/tmpkc3ayyd7.pgls_ants_all.R' returned non-zero exit status 1.
[Tue Jun  9 17:24:51 2026]
Error in rule run_pgls:
    message: None
    jobid: 161
    input: ../../03_tf_research/05_aggregate/02_totalscore/totalscore_MA0233.1.tsv, updated_dataset.xlsx, 00_ult_tree/ultrametric_tree.rds
    output: 01_pgls_results/MA0233.1_pgls/pgls1_parasitism.tsv, 01_pgls_results/MA0233.1_pgls/pgls2_larval_hemolymph.tsv, 01_pgls_results/MA0233.1_pgls/pgls3_cocoon.tsv, 01_pgls_results/MA0233.1_pgls/pgls4a_wings_ergatoid.tsv, 01_pgls_results/MA0233.1_pgls/pgls4b_wings_brachypterous.tsv, 01_pgls_results/MA0233.1_pgls/pgls5_castes.tsv, 01_pgls_results/MA0233.1_pgls/pgls6a_queens_mono_vs_poly.tsv, 01_pgls_results/MA0233.1_pgls/pgls6b_queens_ordinal.tsv
    log: 01_pgls_results/logs/MA0233.1_pgls.log (check log file(s) for error details)
RuleException:
CalledProcessError in file "/DATASMALL/samuel.pederzini/TF-Formicidae/04_pgls_analysis/02_pgls_analysis/snakefile_pgls_analysis.smk", line 40:
Command 'set -euo pipefail;  Rscript --vanilla /DATASMALL/samuel.pederzini/TF-Formicidae/04_pgls_analysis/02_pgls_analysis/.snakemake/scripts/tmp60evfzw_.pgls_ants_all.R' returned non-zero exit status 1.
[Tue Jun  9 17:24:51 2026]
Error in rule run_pgls:
    message: None
    jobid: 157
    input: ../../03_tf_research/05_aggregate/02_totalscore/totalscore_MA2216.1.tsv, updated_dataset.xlsx, 00_ult_tree/ultrametric_tree.rds
    output: 01_pgls_results/MA2216.1_pgls/pgls1_parasitism.tsv, 01_pgls_results/MA2216.1_pgls/pgls2_larval_hemolymph.tsv, 01_pgls_results/MA2216.1_pgls/pgls3_cocoon.tsv, 01_pgls_results/MA2216.1_pgls/pgls4a_wings_ergatoid.tsv, 01_pgls_results/MA2216.1_pgls/pgls4b_wings_brachypterous.tsv, 01_pgls_results/MA2216.1_pgls/pgls5_castes.tsv, 01_pgls_results/MA2216.1_pgls/pgls6a_queens_mono_vs_poly.tsv, 01_pgls_results/MA2216.1_pgls/pgls6b_queens_ordinal.tsv
    log: 01_pgls_results/logs/MA2216.1_pgls.log (check log file(s) for error details)
RuleException:
CalledProcessError in file "/DATASMALL/samuel.pederzini/TF-Formicidae/04_pgls_analysis/02_pgls_analysis/snakefile_pgls_analysis.smk", line 40:
Command 'set -euo pipefail;  Rscript --vanilla /DATASMALL/samuel.pederzini/TF-Formicidae/04_pgls_analysis/02_pgls_analysis/.snakemake/scripts/tmph7lpg_un.pgls_ants_all.R' returned non-zero exit status 1.
[Tue Jun  9 17:24:51 2026]
Error in rule run_pgls:
    message: None
    jobid: 186
    input: ../../03_tf_research/05_aggregate/02_totalscore/totalscore_MA2235.1.tsv, updated_dataset.xlsx, 00_ult_tree/ultrametric_tree.rds
    output: 01_pgls_results/MA2235.1_pgls/pgls1_parasitism.tsv, 01_pgls_results/MA2235.1_pgls/pgls2_larval_hemolymph.tsv, 01_pgls_results/MA2235.1_pgls/pgls3_cocoon.tsv, 01_pgls_results/MA2235.1_pgls/pgls4a_wings_ergatoid.tsv, 01_pgls_results/MA2235.1_pgls/pgls4b_wings_brachypterous.tsv, 01_pgls_results/MA2235.1_pgls/pgls5_castes.tsv, 01_pgls_results/MA2235.1_pgls/pgls6a_queens_mono_vs_poly.tsv, 01_pgls_results/MA2235.1_pgls/pgls6b_queens_ordinal.tsv
    log: 01_pgls_results/logs/MA2235.1_pgls.log (check log file(s) for error details)
