Assuming unrestricted shared filesystem usage.
host: SGBGA-D142237S
Building DAG of jobs...
Using shell: /usr/bin/bash
Provided cores: 30
Rules claiming more threads will be scaled down.
Job stats:
job                  count
-----------------  -------
all                      1
run_pgls_by_motif      296
total                  297

Select jobs to execute...
Execute 30 jobs...
[Mon Jun 15 11:01:30 2026]
localrule run_pgls_by_motif:
    input: ../../03_tf_research/05_aggregate/02_totalscore/totalscore_MA2310.1.tsv, abbreviative_name_rooted_Leptsp_tree.txt, ../../00_dataset/updated_dataset.tsv
    output: 00_pgls_results/MA2310.1_pgls_results.csv
    jobid: 70
    reason: Missing output files: 00_pgls_results/MA2310.1_pgls_results.csv
    wildcards: motif=MA2310.1
    resources: tmpdir=/tmp
[Mon Jun 15 11:01:30 2026]
localrule run_pgls_by_motif:
    input: ../../03_tf_research/05_aggregate/02_totalscore/totalscore_MA2272.1.tsv, abbreviative_name_rooted_Leptsp_tree.txt, ../../00_dataset/updated_dataset.tsv
    output: 00_pgls_results/MA2272.1_pgls_results.csv
    jobid: 222
    reason: Missing output files: 00_pgls_results/MA2272.1_pgls_results.csv
    wildcards: motif=MA2272.1
    resources: tmpdir=/tmp
[Mon Jun 15 11:01:30 2026]
localrule run_pgls_by_motif:
    input: ../../03_tf_research/05_aggregate/02_totalscore/totalscore_MA2466.1.tsv, abbreviative_name_rooted_Leptsp_tree.txt, ../../00_dataset/updated_dataset.tsv
    output: 00_pgls_results/MA2466.1_pgls_results.csv
    jobid: 252
    reason: Missing output files: 00_pgls_results/MA2466.1_pgls_results.csv
    wildcards: motif=MA2466.1
    resources: tmpdir=/tmp
[Mon Jun 15 11:01:30 2026]
localrule run_pgls_by_motif:
    input: ../../03_tf_research/05_aggregate/02_totalscore/totalscore_MA0227.1.tsv, abbreviative_name_rooted_Leptsp_tree.txt, ../../00_dataset/updated_dataset.tsv
    output: 00_pgls_results/MA0227.1_pgls_results.csv
    jobid: 282
    reason: Missing output files: 00_pgls_results/MA0227.1_pgls_results.csv
    wildcards: motif=MA0227.1
    resources: tmpdir=/tmp
[Mon Jun 15 11:01:30 2026]
localrule run_pgls_by_motif:
    input: ../../03_tf_research/05_aggregate/02_totalscore/totalscore_MA2205.1.tsv, abbreviative_name_rooted_Leptsp_tree.txt, ../../00_dataset/updated_dataset.tsv
    output: 00_pgls_results/MA2205.1_pgls_results.csv
    jobid: 43
    reason: Missing output files: 00_pgls_results/MA2205.1_pgls_results.csv
    wildcards: motif=MA2205.1
    resources: tmpdir=/tmp
[Mon Jun 15 11:01:30 2026]
localrule run_pgls_by_motif:
    input: ../../03_tf_research/05_aggregate/02_totalscore/totalscore_MA2258.1.tsv, abbreviative_name_rooted_Leptsp_tree.txt, ../../00_dataset/updated_dataset.tsv
    output: 00_pgls_results/MA2258.1_pgls_results.csv
    jobid: 103
    reason: Missing output files: 00_pgls_results/MA2258.1_pgls_results.csv
    wildcards: motif=MA2258.1
    resources: tmpdir=/tmp
[Mon Jun 15 11:01:30 2026]
localrule run_pgls_by_motif:
    input: ../../03_tf_research/05_aggregate/02_totalscore/totalscore_MA2468.1.tsv, abbreviative_name_rooted_Leptsp_tree.txt, ../../00_dataset/updated_dataset.tsv
    output: 00_pgls_results/MA2468.1_pgls_results.csv
    jobid: 276
    reason: Missing output files: 00_pgls_results/MA2468.1_pgls_results.csv
    wildcards: motif=MA2468.1
    resources: tmpdir=/tmp
[Mon Jun 15 11:01:30 2026]
localrule run_pgls_by_motif:
    input: ../../03_tf_research/05_aggregate/02_totalscore/totalscore_MA2244.1.tsv, abbreviative_name_rooted_Leptsp_tree.txt, ../../00_dataset/updated_dataset.tsv
    output: 00_pgls_results/MA2244.1_pgls_results.csv
    jobid: 7
    reason: Missing output files: 00_pgls_results/MA2244.1_pgls_results.csv
    wildcards: motif=MA2244.1
    resources: tmpdir=/tmp
[Mon Jun 15 11:01:30 2026]
localrule run_pgls_by_motif:
    input: ../../03_tf_research/05_aggregate/02_totalscore/totalscore_MA0166.1.tsv, abbreviative_name_rooted_Leptsp_tree.txt, ../../00_dataset/updated_dataset.tsv
    output: 00_pgls_results/MA0166.1_pgls_results.csv
    jobid: 67
    reason: Missing output files: 00_pgls_results/MA0166.1_pgls_results.csv
    wildcards: motif=MA0166.1
    resources: tmpdir=/tmp
[Mon Jun 15 11:01:30 2026]
localrule run_pgls_by_motif:
    input: ../../03_tf_research/05_aggregate/02_totalscore/totalscore_MA2201.1.tsv, abbreviative_name_rooted_Leptsp_tree.txt, ../../00_dataset/updated_dataset.tsv
    output: 00_pgls_results/MA2201.1_pgls_results.csv
    jobid: 37
    reason: Missing output files: 00_pgls_results/MA2201.1_pgls_results.csv
    wildcards: motif=MA2201.1
    resources: tmpdir=/tmp
[Mon Jun 15 11:01:30 2026]
localrule run_pgls_by_motif:
    input: ../../03_tf_research/05_aggregate/02_totalscore/totalscore_MA0205.3.tsv, abbreviative_name_rooted_Leptsp_tree.txt, ../../00_dataset/updated_dataset.tsv
    output: 00_pgls_results/MA0205.3_pgls_results.csv
    jobid: 97
    reason: Missing output files: 00_pgls_results/MA0205.3_pgls_results.csv
    wildcards: motif=MA0205.3
    resources: tmpdir=/tmp
[Mon Jun 15 11:01:30 2026]
localrule run_pgls_by_motif:
    input: ../../03_tf_research/05_aggregate/02_totalscore/totalscore_MA2190.1.tsv, abbreviative_name_rooted_Leptsp_tree.txt, ../../00_dataset/updated_dataset.tsv
    output: 00_pgls_results/MA2190.1_pgls_results.csv
    jobid: 127
    reason: Missing output files: 00_pgls_results/MA2190.1_pgls_results.csv
    wildcards: motif=MA2190.1
    resources: tmpdir=/tmp
[Mon Jun 15 11:01:30 2026]
localrule run_pgls_by_motif:
    input: ../../03_tf_research/05_aggregate/02_totalscore/totalscore_MA1461.2.tsv, abbreviative_name_rooted_Leptsp_tree.txt, ../../00_dataset/updated_dataset.tsv
    output: 00_pgls_results/MA1461.2_pgls_results.csv
    jobid: 157
    reason: Missing output files: 00_pgls_results/MA1461.2_pgls_results.csv
    wildcards: motif=MA1461.2
    resources: tmpdir=/tmp
[Mon Jun 15 11:01:30 2026]
localrule run_pgls_by_motif:
    input: ../../03_tf_research/05_aggregate/02_totalscore/totalscore_MA2299.1.tsv, abbreviative_name_rooted_Leptsp_tree.txt, ../../00_dataset/updated_dataset.tsv
    output: 00_pgls_results/MA2299.1_pgls_results.csv
    jobid: 187
    reason: Missing output files: 00_pgls_results/MA2299.1_pgls_results.csv
    wildcards: motif=MA2299.1
    resources: tmpdir=/tmp
[Mon Jun 15 11:01:30 2026]
localrule run_pgls_by_motif:
    input: ../../03_tf_research/05_aggregate/02_totalscore/totalscore_MA2223.1.tsv, abbreviative_name_rooted_Leptsp_tree.txt, ../../00_dataset/updated_dataset.tsv
    output: 00_pgls_results/MA2223.1_pgls_results.csv
    jobid: 217
    reason: Missing output files: 00_pgls_results/MA2223.1_pgls_results.csv
    wildcards: motif=MA2223.1
    resources: tmpdir=/tmp
[Mon Jun 15 11:01:30 2026]
localrule run_pgls_by_motif:
    input: ../../03_tf_research/05_aggregate/02_totalscore/totalscore_MA2243.1.tsv, abbreviative_name_rooted_Leptsp_tree.txt, ../../00_dataset/updated_dataset.tsv
    output: 00_pgls_results/MA2243.1_pgls_results.csv
    jobid: 247
    reason: Missing output files: 00_pgls_results/MA2243.1_pgls_results.csv
    wildcards: motif=MA2243.1
    resources: tmpdir=/tmp
[Mon Jun 15 11:01:30 2026]
localrule run_pgls_by_motif:
    input: ../../03_tf_research/05_aggregate/02_totalscore/totalscore_MA0219.1.tsv, abbreviative_name_rooted_Leptsp_tree.txt, ../../00_dataset/updated_dataset.tsv
    output: 00_pgls_results/MA0219.1_pgls_results.csv
    jobid: 277
    reason: Missing output files: 00_pgls_results/MA0219.1_pgls_results.csv
    wildcards: motif=MA0219.1
    resources: tmpdir=/tmp
[Mon Jun 15 11:01:30 2026]
localrule run_pgls_by_motif:
    input: ../../03_tf_research/05_aggregate/02_totalscore/totalscore_MA2252.1.tsv, abbreviative_name_rooted_Leptsp_tree.txt, ../../00_dataset/updated_dataset.tsv
    output: 00_pgls_results/MA2252.1_pgls_results.csv
    jobid: 8
    reason: Missing output files: 00_pgls_results/MA2252.1_pgls_results.csv
    wildcards: motif=MA2252.1
    resources: tmpdir=/tmp
[Mon Jun 15 11:01:30 2026]
localrule run_pgls_by_motif:
    input: ../../03_tf_research/05_aggregate/02_totalscore/totalscore_MA0199.1.tsv, abbreviative_name_rooted_Leptsp_tree.txt, ../../00_dataset/updated_dataset.tsv
    output: 00_pgls_results/MA0199.1_pgls_results.csv
    jobid: 68
    reason: Missing output files: 00_pgls_results/MA0199.1_pgls_results.csv
    wildcards: motif=MA0199.1
    resources: tmpdir=/tmp
[Mon Jun 15 11:01:30 2026]
localrule run_pgls_by_motif:
    input: ../../03_tf_research/05_aggregate/02_totalscore/totalscore_MA0172.1.tsv, abbreviative_name_rooted_Leptsp_tree.txt, ../../00_dataset/updated_dataset.tsv
    output: 00_pgls_results/MA0172.1_pgls_results.csv
    jobid: 38
    reason: Missing output files: 00_pgls_results/MA0172.1_pgls_results.csv
    wildcards: motif=MA0172.1
    resources: tmpdir=/tmp
[Mon Jun 15 11:01:30 2026]
localrule run_pgls_by_motif:
    input: ../../03_tf_research/05_aggregate/02_totalscore/totalscore_MA0189.2.tsv, abbreviative_name_rooted_Leptsp_tree.txt, ../../00_dataset/updated_dataset.tsv
    output: 00_pgls_results/MA0189.2_pgls_results.csv
    jobid: 98
    reason: Missing output files: 00_pgls_results/MA0189.2_pgls_results.csv
    wildcards: motif=MA0189.2
    resources: tmpdir=/tmp
[Mon Jun 15 11:01:30 2026]
localrule run_pgls_by_motif:
    input: ../../03_tf_research/05_aggregate/02_totalscore/totalscore_MA2192.1.tsv, abbreviative_name_rooted_Leptsp_tree.txt, ../../00_dataset/updated_dataset.tsv
    output: 00_pgls_results/MA2192.1_pgls_results.csv
    jobid: 128
    reason: Missing output files: 00_pgls_results/MA2192.1_pgls_results.csv
    wildcards: motif=MA2192.1
    resources: tmpdir=/tmp
[Mon Jun 15 11:01:30 2026]
localrule run_pgls_by_motif:
    input: ../../03_tf_research/05_aggregate/02_totalscore/totalscore_MA2203.1.tsv, abbreviative_name_rooted_Leptsp_tree.txt, ../../00_dataset/updated_dataset.tsv
    output: 00_pgls_results/MA2203.1_pgls_results.csv
    jobid: 158
    reason: Missing output files: 00_pgls_results/MA2203.1_pgls_results.csv
    wildcards: motif=MA2203.1
    resources: tmpdir=/tmp
[Mon Jun 15 11:01:30 2026]
localrule run_pgls_by_motif:
    input: ../../03_tf_research/05_aggregate/02_totalscore/totalscore_MA2320.1.tsv, abbreviative_name_rooted_Leptsp_tree.txt, ../../00_dataset/updated_dataset.tsv
    output: 00_pgls_results/MA2320.1_pgls_results.csv
    jobid: 188
    reason: Missing output files: 00_pgls_results/MA2320.1_pgls_results.csv
    wildcards: motif=MA2320.1
    resources: tmpdir=/tmp
[Mon Jun 15 11:01:30 2026]
localrule run_pgls_by_motif:
    input: ../../03_tf_research/05_aggregate/02_totalscore/totalscore_MA2107.1.tsv, abbreviative_name_rooted_Leptsp_tree.txt, ../../00_dataset/updated_dataset.tsv
    output: 00_pgls_results/MA2107.1_pgls_results.csv
    jobid: 129
    reason: Missing output files: 00_pgls_results/MA2107.1_pgls_results.csv
    wildcards: motif=MA2107.1
    resources: tmpdir=/tmp
RuleException:
FileNotFoundError in file "/DATASMALL/samuel.pederzini/TF-Formicidae/04_pgls_analysis/02_pgls_analysis/snakefile_pgls_analysis.smk", line 15:
[Errno 2] No such file or directory: '/DATASMALL/samuel.pederzini/TF-Formicidae/04_pgls_analysis/02_pgls_analysis/scripts/pgls_no_ultrametric.R'
[Mon Jun 15 11:01:30 2026]
Error in rule run_pgls_by_motif:
    message: None
    jobid: 187
    input: ../../03_tf_research/05_aggregate/02_totalscore/totalscore_MA2299.1.tsv, abbreviative_name_rooted_Leptsp_tree.txt, ../../00_dataset/updated_dataset.tsv
    output: 00_pgls_results/MA2299.1_pgls_results.csv
[Mon Jun 15 11:01:30 2026]
localrule run_pgls_by_motif:
    input: ../../03_tf_research/05_aggregate/02_totalscore/totalscore_MA2630.1.tsv, abbreviative_name_rooted_Leptsp_tree.txt, ../../00_dataset/updated_dataset.tsv
    output: 00_pgls_results/MA2630.1_pgls_results.csv
    jobid: 159
    reason: Missing output files: 00_pgls_results/MA2630.1_pgls_results.csv
    wildcards: motif=MA2630.1
    resources: tmpdir=/tmp
RuleException:
FileNotFoundError in file "/DATASMALL/samuel.pederzini/TF-Formicidae/04_pgls_analysis/02_pgls_analysis/snakefile_pgls_analysis.smk", line 15:
[Errno 2] No such file or directory: '/DATASMALL/samuel.pederzini/TF-Formicidae/04_pgls_analysis/02_pgls_analysis/scripts/pgls_no_ultrametric.R'
[Mon Jun 15 11:01:30 2026]
Error in rule run_pgls_by_motif:
    message: None
    jobid: 276
    input: ../../03_tf_research/05_aggregate/02_totalscore/totalscore_MA2468.1.tsv, abbreviative_name_rooted_Leptsp_tree.txt, ../../00_dataset/updated_dataset.tsv
    output: 00_pgls_results/MA2468.1_pgls_results.csv
[Mon Jun 15 11:01:30 2026]
localrule run_pgls_by_motif:
    input: ../../03_tf_research/05_aggregate/02_totalscore/totalscore_MA0192.1.tsv, abbreviative_name_rooted_Leptsp_tree.txt, ../../00_dataset/updated_dataset.tsv
    output: 00_pgls_results/MA0192.1_pgls_results.csv
    jobid: 189
    reason: Missing output files: 00_pgls_results/MA0192.1_pgls_results.csv
    wildcards: motif=MA0192.1
    resources: tmpdir=/tmp
RuleException:
FileNotFoundError in file "/DATASMALL/samuel.pederzini/TF-Formicidae/04_pgls_analysis/02_pgls_analysis/snakefile_pgls_analysis.smk", line 15:
[Errno 2] No such file or directory: '/DATASMALL/samuel.pederzini/TF-Formicidae/04_pgls_analysis/02_pgls_analysis/scripts/pgls_no_ultrametric.R'
RuleException:
FileNotFoundError in file "/DATASMALL/samuel.pederzini/TF-Formicidae/04_pgls_analysis/02_pgls_analysis/snakefile_pgls_analysis.smk", line 15:
[Errno 2] No such file or directory: '/DATASMALL/samuel.pederzini/TF-Formicidae/04_pgls_analysis/02_pgls_analysis/scripts/pgls_no_ultrametric.R'
[Mon Jun 15 11:01:30 2026]
Error in rule run_pgls_by_motif:
    message: None
    jobid: 8
    input: ../../03_tf_research/05_aggregate/02_totalscore/totalscore_MA2252.1.tsv, abbreviative_name_rooted_Leptsp_tree.txt, ../../00_dataset/updated_dataset.tsv
    output: 00_pgls_results/MA2252.1_pgls_results.csv
RuleException:
FileNotFoundError in file "/DATASMALL/samuel.pederzini/TF-Formicidae/04_pgls_analysis/02_pgls_analysis/snakefile_pgls_analysis.smk", line 15:
[Errno 2] No such file or directory: '/DATASMALL/samuel.pederzini/TF-Formicidae/04_pgls_analysis/02_pgls_analysis/scripts/pgls_no_ultrametric.R'
[Mon Jun 15 11:01:30 2026]
Error in rule run_pgls_by_motif:
    message: None
    jobid: 247
    input: ../../03_tf_research/05_aggregate/02_totalscore/totalscore_MA2243.1.tsv, abbreviative_name_rooted_Leptsp_tree.txt, ../../00_dataset/updated_dataset.tsv
    output: 00_pgls_results/MA2243.1_pgls_results.csv
RuleException:
FileNotFoundError in file "/DATASMALL/samuel.pederzini/TF-Formicidae/04_pgls_analysis/02_pgls_analysis/snakefile_pgls_analysis.smk", line 15:
[Errno 2] No such file or directory: '/DATASMALL/samuel.pederzini/TF-Formicidae/04_pgls_analysis/02_pgls_analysis/scripts/pgls_no_ultrametric.R'
[Mon Jun 15 11:01:30 2026]
localrule run_pgls_by_motif:
    input: ../../03_tf_research/05_aggregate/02_totalscore/totalscore_MA0456.1.tsv, abbreviative_name_rooted_Leptsp_tree.txt, ../../00_dataset/updated_dataset.tsv
    output: 00_pgls_results/MA0456.1_pgls_results.csv
    jobid: 219
    reason: Missing output files: 00_pgls_results/MA0456.1_pgls_results.csv
    wildcards: motif=MA0456.1
    resources: tmpdir=/tmp
[Mon Jun 15 11:01:30 2026]
Error in rule run_pgls_by_motif:
    message: None
    jobid: 97
    input: ../../03_tf_research/05_aggregate/02_totalscore/totalscore_MA0205.3.tsv, abbreviative_name_rooted_Leptsp_tree.txt, ../../00_dataset/updated_dataset.tsv
    output: 00_pgls_results/MA0205.3_pgls_results.csv
RuleException:
FileNotFoundError in file "/DATASMALL/samuel.pederzini/TF-Formicidae/04_pgls_analysis/02_pgls_analysis/snakefile_pgls_analysis.smk", line 15:
[Errno 2] No such file or directory: '/DATASMALL/samuel.pederzini/TF-Formicidae/04_pgls_analysis/02_pgls_analysis/scripts/pgls_no_ultrametric.R'
RuleException:
FileNotFoundError in file "/DATASMALL/samuel.pederzini/TF-Formicidae/04_pgls_analysis/02_pgls_analysis/snakefile_pgls_analysis.smk", line 15:
[Errno 2] No such file or directory: '/DATASMALL/samuel.pederzini/TF-Formicidae/04_pgls_analysis/02_pgls_analysis/scripts/pgls_no_ultrametric.R'
[Mon Jun 15 11:01:30 2026]
Error in rule run_pgls_by_motif:
    message: None
    jobid: 217
    input: ../../03_tf_research/05_aggregate/02_totalscore/totalscore_MA2223.1.tsv, abbreviative_name_rooted_Leptsp_tree.txt, ../../00_dataset/updated_dataset.tsv
    output: 00_pgls_results/MA2223.1_pgls_results.csv
RuleException:
FileNotFoundError in file "/DATASMALL/samuel.pederzini/TF-Formicidae/04_pgls_analysis/02_pgls_analysis/snakefile_pgls_analysis.smk", line 15:
[Errno 2] No such file or directory: '/DATASMALL/samuel.pederzini/TF-Formicidae/04_pgls_analysis/02_pgls_analysis/scripts/pgls_no_ultrametric.R'
RuleException:
FileNotFoundError in file "/DATASMALL/samuel.pederzini/TF-Formicidae/04_pgls_analysis/02_pgls_analysis/snakefile_pgls_analysis.smk", line 15:
[Errno 2] No such file or directory: '/DATASMALL/samuel.pederzini/TF-Formicidae/04_pgls_analysis/02_pgls_analysis/scripts/pgls_no_ultrametric.R'
RuleException:
FileNotFoundError in file "/DATASMALL/samuel.pederzini/TF-Formicidae/04_pgls_analysis/02_pgls_analysis/snakefile_pgls_analysis.smk", line 15:
[Errno 2] No such file or directory: '/DATASMALL/samuel.pederzini/TF-Formicidae/04_pgls_analysis/02_pgls_analysis/scripts/pgls_no_ultrametric.R'
[Mon Jun 15 11:01:30 2026]
Error in rule run_pgls_by_motif:
    message: None
    jobid: 157
    input: ../../03_tf_research/05_aggregate/02_totalscore/totalscore_MA1461.2.tsv, abbreviative_name_rooted_Leptsp_tree.txt, ../../00_dataset/updated_dataset.tsv
    output: 00_pgls_results/MA1461.2_pgls_results.csv
RuleException:
FileNotFoundError in file "/DATASMALL/samuel.pederzini/TF-Formicidae/04_pgls_analysis/02_pgls_analysis/snakefile_pgls_analysis.smk", line 15:
[Errno 2] No such file or directory: '/DATASMALL/samuel.pederzini/TF-Formicidae/04_pgls_analysis/02_pgls_analysis/scripts/pgls_no_ultrametric.R'
RuleException:
FileNotFoundError in file "/DATASMALL/samuel.pederzini/TF-Formicidae/04_pgls_analysis/02_pgls_analysis/snakefile_pgls_analysis.smk", line 15:
[Errno 2] No such file or directory: '/DATASMALL/samuel.pederzini/TF-Formicidae/04_pgls_analysis/02_pgls_analysis/scripts/pgls_no_ultrametric.R'
RuleException:
FileNotFoundError in file "/DATASMALL/samuel.pederzini/TF-Formicidae/04_pgls_analysis/02_pgls_analysis/snakefile_pgls_analysis.smk", line 15:
[Errno 2] No such file or directory: '/DATASMALL/samuel.pederzini/TF-Formicidae/04_pgls_analysis/02_pgls_analysis/scripts/pgls_no_ultrametric.R'
[Mon Jun 15 11:01:30 2026]
Error in rule run_pgls_by_motif:
    message: None
    jobid: 67
    input: ../../03_tf_research/05_aggregate/02_totalscore/totalscore_MA0166.1.tsv, abbreviative_name_rooted_Leptsp_tree.txt, ../../00_dataset/updated_dataset.tsv
    output: 00_pgls_results/MA0166.1_pgls_results.csv
[Mon Jun 15 11:01:30 2026]
localrule run_pgls_by_motif:
    input: ../../03_tf_research/05_aggregate/02_totalscore/totalscore_MA0224.1.tsv, abbreviative_name_rooted_Leptsp_tree.txt, ../../00_dataset/updated_dataset.tsv
    output: 00_pgls_results/MA0224.1_pgls_results.csv
    jobid: 249
    reason: Missing output files: 00_pgls_results/MA0224.1_pgls_results.csv
    wildcards: motif=MA0224.1
    resources: tmpdir=/tmp
RuleException:
FileNotFoundError in file "/DATASMALL/samuel.pederzini/TF-Formicidae/04_pgls_analysis/02_pgls_analysis/snakefile_pgls_analysis.smk", line 15:
[Errno 2] No such file or directory: '/DATASMALL/samuel.pederzini/TF-Formicidae/04_pgls_analysis/02_pgls_analysis/scripts/pgls_no_ultrametric.R'
RuleException:
FileNotFoundError in file "/DATASMALL/samuel.pederzini/TF-Formicidae/04_pgls_analysis/02_pgls_analysis/snakefile_pgls_analysis.smk", line 15:
[Errno 2] No such file or directory: '/DATASMALL/samuel.pederzini/TF-Formicidae/04_pgls_analysis/02_pgls_analysis/scripts/pgls_no_ultrametric.R'
RuleException:
FileNotFoundError in file "/DATASMALL/samuel.pederzini/TF-Formicidae/04_pgls_analysis/02_pgls_analysis/snakefile_pgls_analysis.smk", line 15:
[Errno 2] No such file or directory: '/DATASMALL/samuel.pederzini/TF-Formicidae/04_pgls_analysis/02_pgls_analysis/scripts/pgls_no_ultrametric.R'
[Mon Jun 15 11:01:30 2026]
Error in rule run_pgls_by_motif:
    message: None
    jobid: 282
    input: ../../03_tf_research/05_aggregate/02_totalscore/totalscore_MA0227.1.tsv, abbreviative_name_rooted_Leptsp_tree.txt, ../../00_dataset/updated_dataset.tsv
    output: 00_pgls_results/MA0227.1_pgls_results.csv
[Mon Jun 15 11:01:30 2026]
Error in rule run_pgls_by_motif:
    message: None
    jobid: 37
    input: ../../03_tf_research/05_aggregate/02_totalscore/totalscore_MA2201.1.tsv, abbreviative_name_rooted_Leptsp_tree.txt, ../../00_dataset/updated_dataset.tsv
    output: 00_pgls_results/MA2201.1_pgls_results.csv
[Mon Jun 15 11:01:30 2026]
Error in rule run_pgls_by_motif:
    message: None
    jobid: 222
    input: ../../03_tf_research/05_aggregate/02_totalscore/totalscore_MA2272.1.tsv, abbreviative_name_rooted_Leptsp_tree.txt, ../../00_dataset/updated_dataset.tsv
    output: 00_pgls_results/MA2272.1_pgls_results.csv
[Mon Jun 15 11:01:30 2026]
Error in rule run_pgls_by_motif:
    message: None
    jobid: 7
    input: ../../03_tf_research/05_aggregate/02_totalscore/totalscore_MA2244.1.tsv, abbreviative_name_rooted_Leptsp_tree.txt, ../../00_dataset/updated_dataset.tsv
    output: 00_pgls_results/MA2244.1_pgls_results.csv
RuleException:
FileNotFoundError in file "/DATASMALL/samuel.pederzini/TF-Formicidae/04_pgls_analysis/02_pgls_analysis/snakefile_pgls_analysis.smk", line 15:
[Errno 2] No such file or directory: '/DATASMALL/samuel.pederzini/TF-Formicidae/04_pgls_analysis/02_pgls_analysis/scripts/pgls_no_ultrametric.R'
[Mon Jun 15 11:01:30 2026]
Error in rule run_pgls_by_motif:
    message: None
    jobid: 70
    input: ../../03_tf_research/05_aggregate/02_totalscore/totalscore_MA2310.1.tsv, abbreviative_name_rooted_Leptsp_tree.txt, ../../00_dataset/updated_dataset.tsv
    output: 00_pgls_results/MA2310.1_pgls_results.csv
RuleException:
FileNotFoundError in file "/DATASMALL/samuel.pederzini/TF-Formicidae/04_pgls_analysis/02_pgls_analysis/snakefile_pgls_analysis.smk", line 15:
[Errno 2] No such file or directory: '/DATASMALL/samuel.pederzini/TF-Formicidae/04_pgls_analysis/02_pgls_analysis/scripts/pgls_no_ultrametric.R'
[Mon Jun 15 11:01:30 2026]
Error in rule run_pgls_by_motif:
    message: None
    jobid: 277
    input: ../../03_tf_research/05_aggregate/02_totalscore/totalscore_MA0219.1.tsv, abbreviative_name_rooted_Leptsp_tree.txt, ../../00_dataset/updated_dataset.tsv
    output: 00_pgls_results/MA0219.1_pgls_results.csv
[Mon Jun 15 11:01:30 2026]
Error in rule run_pgls_by_motif:
    message: None
    jobid: 252
    input: ../../03_tf_research/05_aggregate/02_totalscore/totalscore_MA2466.1.tsv, abbreviative_name_rooted_Leptsp_tree.txt, ../../00_dataset/updated_dataset.tsv
    output: 00_pgls_results/MA2466.1_pgls_results.csv
[Mon Jun 15 11:01:30 2026]
Error in rule run_pgls_by_motif:
    message: None
    jobid: 127
    input: ../../03_tf_research/05_aggregate/02_totalscore/totalscore_MA2190.1.tsv, abbreviative_name_rooted_Leptsp_tree.txt, ../../00_dataset/updated_dataset.tsv
    output: 00_pgls_results/MA2190.1_pgls_results.csv
[Mon Jun 15 11:01:30 2026]
Error in rule run_pgls_by_motif:
    message: None
    jobid: 103
    input: ../../03_tf_research/05_aggregate/02_totalscore/totalscore_MA2258.1.tsv, abbreviative_name_rooted_Leptsp_tree.txt, ../../00_dataset/updated_dataset.tsv
    output: 00_pgls_results/MA2258.1_pgls_results.csv
RuleException:
FileNotFoundError in file "/DATASMALL/samuel.pederzini/TF-Formicidae/04_pgls_analysis/02_pgls_analysis/snakefile_pgls_analysis.smk", line 15:
[Errno 2] No such file or directory: '/DATASMALL/samuel.pederzini/TF-Formicidae/04_pgls_analysis/02_pgls_analysis/scripts/pgls_no_ultrametric.R'
[Mon Jun 15 11:01:30 2026]
Error in rule run_pgls_by_motif:
    message: None
    jobid: 43
    input: ../../03_tf_research/05_aggregate/02_totalscore/totalscore_MA2205.1.tsv, abbreviative_name_rooted_Leptsp_tree.txt, ../../00_dataset/updated_dataset.tsv
    output: 00_pgls_results/MA2205.1_pgls_results.csv
[Mon Jun 15 11:01:30 2026]
localrule run_pgls_by_motif:
    input: ../../03_tf_research/05_aggregate/02_totalscore/totalscore_MA2220.1.tsv, abbreviative_name_rooted_Leptsp_tree.txt, ../../00_dataset/updated_dataset.tsv
    output: 00_pgls_results/MA2220.1_pgls_results.csv
    jobid: 279
    reason: Missing output files: 00_pgls_results/MA2220.1_pgls_results.csv
    wildcards: motif=MA2220.1
    resources: tmpdir=/tmp
[Mon Jun 15 11:01:30 2026]
Error in rule run_pgls_by_motif:
    message: None
    jobid: 38
    input: ../../03_tf_research/05_aggregate/02_totalscore/totalscore_MA0172.1.tsv, abbreviative_name_rooted_Leptsp_tree.txt, ../../00_dataset/updated_dataset.tsv
    output: 00_pgls_results/MA0172.1_pgls_results.csv
[Mon Jun 15 11:01:30 2026]
Error in rule run_pgls_by_motif:
    message: None
    jobid: 68
    input: ../../03_tf_research/05_aggregate/02_totalscore/totalscore_MA0199.1.tsv, abbreviative_name_rooted_Leptsp_tree.txt, ../../00_dataset/updated_dataset.tsv
    output: 00_pgls_results/MA0199.1_pgls_results.csv
RuleException:
FileNotFoundError in file "/DATASMALL/samuel.pederzini/TF-Formicidae/04_pgls_analysis/02_pgls_analysis/snakefile_pgls_analysis.smk", line 15:
[Errno 2] No such file or directory: '/DATASMALL/samuel.pederzini/TF-Formicidae/04_pgls_analysis/02_pgls_analysis/scripts/pgls_no_ultrametric.R'
RuleException:
FileNotFoundError in file "/DATASMALL/samuel.pederzini/TF-Formicidae/04_pgls_analysis/02_pgls_analysis/snakefile_pgls_analysis.smk", line 15:
[Errno 2] No such file or directory: '/DATASMALL/samuel.pederzini/TF-Formicidae/04_pgls_analysis/02_pgls_analysis/scripts/pgls_no_ultrametric.R'
RuleException:
FileNotFoundError in file "/DATASMALL/samuel.pederzini/TF-Formicidae/04_pgls_analysis/02_pgls_analysis/snakefile_pgls_analysis.smk", line 15:
[Errno 2] No such file or directory: '/DATASMALL/samuel.pederzini/TF-Formicidae/04_pgls_analysis/02_pgls_analysis/scripts/pgls_no_ultrametric.R'
[Mon Jun 15 11:01:30 2026]
Error in rule run_pgls_by_motif:
    message: None
    jobid: 158
    input: ../../03_tf_research/05_aggregate/02_totalscore/totalscore_MA2203.1.tsv, abbreviative_name_rooted_Leptsp_tree.txt, ../../00_dataset/updated_dataset.tsv
    output: 00_pgls_results/MA2203.1_pgls_results.csv
[Mon Jun 15 11:01:30 2026]
Error in rule run_pgls_by_motif:
    message: None
    jobid: 188
    input: ../../03_tf_research/05_aggregate/02_totalscore/totalscore_MA2320.1.tsv, abbreviative_name_rooted_Leptsp_tree.txt, ../../00_dataset/updated_dataset.tsv
    output: 00_pgls_results/MA2320.1_pgls_results.csv
RuleException:
FileNotFoundError in file "/DATASMALL/samuel.pederzini/TF-Formicidae/04_pgls_analysis/02_pgls_analysis/snakefile_pgls_analysis.smk", line 15:
[Errno 2] No such file or directory: '/DATASMALL/samuel.pederzini/TF-Formicidae/04_pgls_analysis/02_pgls_analysis/scripts/pgls_no_ultrametric.R'
[Mon Jun 15 11:01:30 2026]
Error in rule run_pgls_by_motif:
    message: None
    jobid: 128
    input: ../../03_tf_research/05_aggregate/02_totalscore/totalscore_MA2192.1.tsv, abbreviative_name_rooted_Leptsp_tree.txt, ../../00_dataset/updated_dataset.tsv
    output: 00_pgls_results/MA2192.1_pgls_results.csv
[Mon Jun 15 11:01:30 2026]
Error in rule run_pgls_by_motif:
    message: None
    jobid: 129
    input: ../../03_tf_research/05_aggregate/02_totalscore/totalscore_MA2107.1.tsv, abbreviative_name_rooted_Leptsp_tree.txt, ../../00_dataset/updated_dataset.tsv
    output: 00_pgls_results/MA2107.1_pgls_results.csv
RuleException:
FileNotFoundError in file "/DATASMALL/samuel.pederzini/TF-Formicidae/04_pgls_analysis/02_pgls_analysis/snakefile_pgls_analysis.smk", line 15:
[Errno 2] No such file or directory: '/DATASMALL/samuel.pederzini/TF-Formicidae/04_pgls_analysis/02_pgls_analysis/scripts/pgls_no_ultrametric.R'
RuleException:
FileNotFoundError in file "/DATASMALL/samuel.pederzini/TF-Formicidae/04_pgls_analysis/02_pgls_analysis/snakefile_pgls_analysis.smk", line 15:
[Errno 2] No such file or directory: '/DATASMALL/samuel.pederzini/TF-Formicidae/04_pgls_analysis/02_pgls_analysis/scripts/pgls_no_ultrametric.R'
[Mon Jun 15 11:01:30 2026]
Error in rule run_pgls_by_motif:
    message: None
    jobid: 98
    input: ../../03_tf_research/05_aggregate/02_totalscore/totalscore_MA0189.2.tsv, abbreviative_name_rooted_Leptsp_tree.txt, ../../00_dataset/updated_dataset.tsv
    output: 00_pgls_results/MA0189.2_pgls_results.csv
[Mon Jun 15 11:01:30 2026]
Error in rule run_pgls_by_motif:
    message: None
    jobid: 219
    input: ../../03_tf_research/05_aggregate/02_totalscore/totalscore_MA0456.1.tsv, abbreviative_name_rooted_Leptsp_tree.txt, ../../00_dataset/updated_dataset.tsv
    output: 00_pgls_results/MA0456.1_pgls_results.csv
RuleException:
FileNotFoundError in file "/DATASMALL/samuel.pederzini/TF-Formicidae/04_pgls_analysis/02_pgls_analysis/snakefile_pgls_analysis.smk", line 15:
[Errno 2] No such file or directory: '/DATASMALL/samuel.pederzini/TF-Formicidae/04_pgls_analysis/02_pgls_analysis/scripts/pgls_no_ultrametric.R'
[Mon Jun 15 11:01:30 2026]
Error in rule run_pgls_by_motif:
    message: None
    jobid: 159
    input: ../../03_tf_research/05_aggregate/02_totalscore/totalscore_MA2630.1.tsv, abbreviative_name_rooted_Leptsp_tree.txt, ../../00_dataset/updated_dataset.tsv
    output: 00_pgls_results/MA2630.1_pgls_results.csv
RuleException:
FileNotFoundError in file "/DATASMALL/samuel.pederzini/TF-Formicidae/04_pgls_analysis/02_pgls_analysis/snakefile_pgls_analysis.smk", line 15:
[Errno 2] No such file or directory: '/DATASMALL/samuel.pederzini/TF-Formicidae/04_pgls_analysis/02_pgls_analysis/scripts/pgls_no_ultrametric.R'
[Mon Jun 15 11:01:30 2026]
Error in rule run_pgls_by_motif:
    message: None
    jobid: 189
    input: ../../03_tf_research/05_aggregate/02_totalscore/totalscore_MA0192.1.tsv, abbreviative_name_rooted_Leptsp_tree.txt, ../../00_dataset/updated_dataset.tsv
    output: 00_pgls_results/MA0192.1_pgls_results.csv
RuleException:
FileNotFoundError in file "/DATASMALL/samuel.pederzini/TF-Formicidae/04_pgls_analysis/02_pgls_analysis/snakefile_pgls_analysis.smk", line 15:
[Errno 2] No such file or directory: '/DATASMALL/samuel.pederzini/TF-Formicidae/04_pgls_analysis/02_pgls_analysis/scripts/pgls_no_ultrametric.R'
[Mon Jun 15 11:01:30 2026]
Error in rule run_pgls_by_motif:
    message: None
    jobid: 279
    input: ../../03_tf_research/05_aggregate/02_totalscore/totalscore_MA2220.1.tsv, abbreviative_name_rooted_Leptsp_tree.txt, ../../00_dataset/updated_dataset.tsv
    output: 00_pgls_results/MA2220.1_pgls_results.csv
RuleException:
FileNotFoundError in file "/DATASMALL/samuel.pederzini/TF-Formicidae/04_pgls_analysis/02_pgls_analysis/snakefile_pgls_analysis.smk", line 15:
[Errno 2] No such file or directory: '/DATASMALL/samuel.pederzini/TF-Formicidae/04_pgls_analysis/02_pgls_analysis/scripts/pgls_no_ultrametric.R'
[Mon Jun 15 11:01:30 2026]
Error in rule run_pgls_by_motif:
    message: None
    jobid: 249
    input: ../../03_tf_research/05_aggregate/02_totalscore/totalscore_MA0224.1.tsv, abbreviative_name_rooted_Leptsp_tree.txt, ../../00_dataset/updated_dataset.tsv
    output: 00_pgls_results/MA0224.1_pgls_results.csv
Shutting down, this might take some time.
Exiting because a job execution failed. Look below for error messages
[Mon Jun 15 11:01:30 2026]
Error in rule run_pgls_by_motif:
    message: None
    jobid: 70
    input: ../../03_tf_research/05_aggregate/02_totalscore/totalscore_MA2310.1.tsv, abbreviative_name_rooted_Leptsp_tree.txt, ../../00_dataset/updated_dataset.tsv
    output: 00_pgls_results/MA2310.1_pgls_results.csv
[Mon Jun 15 11:01:30 2026]
Error in rule run_pgls_by_motif:
    message: None
    jobid: 282
    input: ../../03_tf_research/05_aggregate/02_totalscore/totalscore_MA0227.1.tsv, abbreviative_name_rooted_Leptsp_tree.txt, ../../00_dataset/updated_dataset.tsv
    output: 00_pgls_results/MA0227.1_pgls_results.csv
[Mon Jun 15 11:01:30 2026]
Error in rule run_pgls_by_motif:
    message: None
    jobid: 222
    input: ../../03_tf_research/05_aggregate/02_totalscore/totalscore_MA2272.1.tsv, abbreviative_name_rooted_Leptsp_tree.txt, ../../00_dataset/updated_dataset.tsv
    output: 00_pgls_results/MA2272.1_pgls_results.csv
[Mon Jun 15 11:01:30 2026]
Error in rule run_pgls_by_motif:
    message: None
    jobid: 252
    input: ../../03_tf_research/05_aggregate/02_totalscore/totalscore_MA2466.1.tsv, abbreviative_name_rooted_Leptsp_tree.txt, ../../00_dataset/updated_dataset.tsv
    output: 00_pgls_results/MA2466.1_pgls_results.csv
[Mon Jun 15 11:01:30 2026]
Error in rule run_pgls_by_motif:
    message: None
    jobid: 103
    input: ../../03_tf_research/05_aggregate/02_totalscore/totalscore_MA2258.1.tsv, abbreviative_name_rooted_Leptsp_tree.txt, ../../00_dataset/updated_dataset.tsv
    output: 00_pgls_results/MA2258.1_pgls_results.csv
[Mon Jun 15 11:01:30 2026]
Error in rule run_pgls_by_motif:
    message: None
    jobid: 43
    input: ../../03_tf_research/05_aggregate/02_totalscore/totalscore_MA2205.1.tsv, abbreviative_name_rooted_Leptsp_tree.txt, ../../00_dataset/updated_dataset.tsv
    output: 00_pgls_results/MA2205.1_pgls_results.csv
[Mon Jun 15 11:01:30 2026]
Error in rule run_pgls_by_motif:
    message: None
    jobid: 276
    input: ../../03_tf_research/05_aggregate/02_totalscore/totalscore_MA2468.1.tsv, abbreviative_name_rooted_Leptsp_tree.txt, ../../00_dataset/updated_dataset.tsv
    output: 00_pgls_results/MA2468.1_pgls_results.csv
[Mon Jun 15 11:01:30 2026]
Error in rule run_pgls_by_motif:
    message: None
    jobid: 247
    input: ../../03_tf_research/05_aggregate/02_totalscore/totalscore_MA2243.1.tsv, abbreviative_name_rooted_Leptsp_tree.txt, ../../00_dataset/updated_dataset.tsv
    output: 00_pgls_results/MA2243.1_pgls_results.csv
[Mon Jun 15 11:01:30 2026]
Error in rule run_pgls_by_motif:
    message: None
    jobid: 187
    input: ../../03_tf_research/05_aggregate/02_totalscore/totalscore_MA2299.1.tsv, abbreviative_name_rooted_Leptsp_tree.txt, ../../00_dataset/updated_dataset.tsv
    output: 00_pgls_results/MA2299.1_pgls_results.csv
[Mon Jun 15 11:01:30 2026]
Error in rule run_pgls_by_motif:
    message: None
    jobid: 97
    input: ../../03_tf_research/05_aggregate/02_totalscore/totalscore_MA0205.3.tsv, abbreviative_name_rooted_Leptsp_tree.txt, ../../00_dataset/updated_dataset.tsv
    output: 00_pgls_results/MA0205.3_pgls_results.csv
[Mon Jun 15 11:01:30 2026]
Error in rule run_pgls_by_motif:
    message: None
    jobid: 217
    input: ../../03_tf_research/05_aggregate/02_totalscore/totalscore_MA2223.1.tsv, abbreviative_name_rooted_Leptsp_tree.txt, ../../00_dataset/updated_dataset.tsv
    output: 00_pgls_results/MA2223.1_pgls_results.csv
[Mon Jun 15 11:01:30 2026]
Error in rule run_pgls_by_motif:
    message: None
    jobid: 157
    input: ../../03_tf_research/05_aggregate/02_totalscore/totalscore_MA1461.2.tsv, abbreviative_name_rooted_Leptsp_tree.txt, ../../00_dataset/updated_dataset.tsv
    output: 00_pgls_results/MA1461.2_pgls_results.csv
[Mon Jun 15 11:01:30 2026]
Error in rule run_pgls_by_motif:
    message: None
    jobid: 67
    input: ../../03_tf_research/05_aggregate/02_totalscore/totalscore_MA0166.1.tsv, abbreviative_name_rooted_Leptsp_tree.txt, ../../00_dataset/updated_dataset.tsv
    output: 00_pgls_results/MA0166.1_pgls_results.csv
[Mon Jun 15 11:01:30 2026]
Error in rule run_pgls_by_motif:
    message: None
    jobid: 37
    input: ../../03_tf_research/05_aggregate/02_totalscore/totalscore_MA2201.1.tsv, abbreviative_name_rooted_Leptsp_tree.txt, ../../00_dataset/updated_dataset.tsv
    output: 00_pgls_results/MA2201.1_pgls_results.csv
[Mon Jun 15 11:01:30 2026]
Error in rule run_pgls_by_motif:
    message: None
    jobid: 7
    input: ../../03_tf_research/05_aggregate/02_totalscore/totalscore_MA2244.1.tsv, abbreviative_name_rooted_Leptsp_tree.txt, ../../00_dataset/updated_dataset.tsv
    output: 00_pgls_results/MA2244.1_pgls_results.csv
[Mon Jun 15 11:01:30 2026]
Error in rule run_pgls_by_motif:
    message: None
    jobid: 277
    input: ../../03_tf_research/05_aggregate/02_totalscore/totalscore_MA0219.1.tsv, abbreviative_name_rooted_Leptsp_tree.txt, ../../00_dataset/updated_dataset.tsv
    output: 00_pgls_results/MA0219.1_pgls_results.csv
[Mon Jun 15 11:01:30 2026]
Error in rule run_pgls_by_motif:
    message: None
    jobid: 127
    input: ../../03_tf_research/05_aggregate/02_totalscore/totalscore_MA2190.1.tsv, abbreviative_name_rooted_Leptsp_tree.txt, ../../00_dataset/updated_dataset.tsv
    output: 00_pgls_results/MA2190.1_pgls_results.csv
[Mon Jun 15 11:01:30 2026]
Error in rule run_pgls_by_motif:
    message: None
    jobid: 8
    input: ../../03_tf_research/05_aggregate/02_totalscore/totalscore_MA2252.1.tsv, abbreviative_name_rooted_Leptsp_tree.txt, ../../00_dataset/updated_dataset.tsv
    output: 00_pgls_results/MA2252.1_pgls_results.csv
[Mon Jun 15 11:01:30 2026]
Error in rule run_pgls_by_motif:
    message: None
    jobid: 68
    input: ../../03_tf_research/05_aggregate/02_totalscore/totalscore_MA0199.1.tsv, abbreviative_name_rooted_Leptsp_tree.txt, ../../00_dataset/updated_dataset.tsv
    output: 00_pgls_results/MA0199.1_pgls_results.csv
[Mon Jun 15 11:01:30 2026]
Error in rule run_pgls_by_motif:
    message: None
    jobid: 38
    input: ../../03_tf_research/05_aggregate/02_totalscore/totalscore_MA0172.1.tsv, abbreviative_name_rooted_Leptsp_tree.txt, ../../00_dataset/updated_dataset.tsv
    output: 00_pgls_results/MA0172.1_pgls_results.csv
[Mon Jun 15 11:01:30 2026]
Error in rule run_pgls_by_motif:
    message: None
    jobid: 158
    input: ../../03_tf_research/05_aggregate/02_totalscore/totalscore_MA2203.1.tsv, abbreviative_name_rooted_Leptsp_tree.txt, ../../00_dataset/updated_dataset.tsv
    output: 00_pgls_results/MA2203.1_pgls_results.csv
[Mon Jun 15 11:01:30 2026]
Error in rule run_pgls_by_motif:
    message: None
    jobid: 188
    input: ../../03_tf_research/05_aggregate/02_totalscore/totalscore_MA2320.1.tsv, abbreviative_name_rooted_Leptsp_tree.txt, ../../00_dataset/updated_dataset.tsv
    output: 00_pgls_results/MA2320.1_pgls_results.csv
[Mon Jun 15 11:01:30 2026]
Error in rule run_pgls_by_motif:
    message: None
    jobid: 128
    input: ../../03_tf_research/05_aggregate/02_totalscore/totalscore_MA2192.1.tsv, abbreviative_name_rooted_Leptsp_tree.txt, ../../00_dataset/updated_dataset.tsv
    output: 00_pgls_results/MA2192.1_pgls_results.csv
[Mon Jun 15 11:01:30 2026]
Error in rule run_pgls_by_motif:
    message: None
    jobid: 98
    input: ../../03_tf_research/05_aggregate/02_totalscore/totalscore_MA0189.2.tsv, abbreviative_name_rooted_Leptsp_tree.txt, ../../00_dataset/updated_dataset.tsv
    output: 00_pgls_results/MA0189.2_pgls_results.csv
[Mon Jun 15 11:01:30 2026]
Error in rule run_pgls_by_motif:
    message: None
    jobid: 129
    input: ../../03_tf_research/05_aggregate/02_totalscore/totalscore_MA2107.1.tsv, abbreviative_name_rooted_Leptsp_tree.txt, ../../00_dataset/updated_dataset.tsv
    output: 00_pgls_results/MA2107.1_pgls_results.csv
[Mon Jun 15 11:01:30 2026]
Error in rule run_pgls_by_motif:
    message: None
    jobid: 189
    input: ../../03_tf_research/05_aggregate/02_totalscore/totalscore_MA0192.1.tsv, abbreviative_name_rooted_Leptsp_tree.txt, ../../00_dataset/updated_dataset.tsv
    output: 00_pgls_results/MA0192.1_pgls_results.csv
[Mon Jun 15 11:01:30 2026]
Error in rule run_pgls_by_motif:
    message: None
    jobid: 219
    input: ../../03_tf_research/05_aggregate/02_totalscore/totalscore_MA0456.1.tsv, abbreviative_name_rooted_Leptsp_tree.txt, ../../00_dataset/updated_dataset.tsv
    output: 00_pgls_results/MA0456.1_pgls_results.csv
[Mon Jun 15 11:01:30 2026]
Error in rule run_pgls_by_motif:
    message: None
    jobid: 159
    input: ../../03_tf_research/05_aggregate/02_totalscore/totalscore_MA2630.1.tsv, abbreviative_name_rooted_Leptsp_tree.txt, ../../00_dataset/updated_dataset.tsv
    output: 00_pgls_results/MA2630.1_pgls_results.csv
[Mon Jun 15 11:01:30 2026]
Error in rule run_pgls_by_motif:
    message: None
    jobid: 279
    input: ../../03_tf_research/05_aggregate/02_totalscore/totalscore_MA2220.1.tsv, abbreviative_name_rooted_Leptsp_tree.txt, ../../00_dataset/updated_dataset.tsv
    output: 00_pgls_results/MA2220.1_pgls_results.csv
[Mon Jun 15 11:01:30 2026]
Error in rule run_pgls_by_motif:
    message: None
    jobid: 249
    input: ../../03_tf_research/05_aggregate/02_totalscore/totalscore_MA0224.1.tsv, abbreviative_name_rooted_Leptsp_tree.txt, ../../00_dataset/updated_dataset.tsv
    output: 00_pgls_results/MA0224.1_pgls_results.csv
Complete log(s): /DATASMALL/samuel.pederzini/TF-Formicidae/04_pgls_analysis/02_pgls_analysis/.snakemake/log/2026-06-15T110129.630468.snakemake.log
WorkflowError:
At least one job did not complete successfully.
