Assuming unrestricted shared filesystem usage.
host: SGBGA-D142237S
Building DAG of jobs...
Using shell: /usr/bin/bash
Provided cores: 1 (use --cores to define parallelism)
Rules claiming more threads will be scaled down.
Job stats:
job                count
---------------  -------
all                    1
pgls_phenotypes      296
total                297

Select jobs to execute...
Execute 1 jobs...
[Mon Jun 22 12:43:44 2026]
localrule pgls_phenotypes:
    input: tree_rooted.nwk, updated_dataset.tsv, ../../03_tf_research/05_aggregate/02_totalscore/totalscore_MA2200.1.tsv
    output: ../01_pgls_results/MA2200.1/pgls5_castes.csv, ../01_pgls_results/MA2200.1/pgls3_cocoon.csv
    log: ../01_pgls_results/MA2200.1/logs/pgls_phenotypes.log
    jobid: 179
    reason: Missing output files: ../01_pgls_results/MA2200.1/pgls3_cocoon.csv
    wildcards: motif=MA2200.1
    resources: tmpdir=/tmp
Select jobs to execute...
Waiting at most 5 seconds for missing files:
../01_pgls_results/MA2200.1/pgls5_castes.csv (missing locally)
MissingOutputException in rule pgls_phenotypes in file "/DATASMALL/samuel.pederzini/TF-Formicidae/04_pgls_analysis/00_instruction/snakefile_pgls_analysis.smk", line 8:
Job 179  completed successfully, but some output files are missing. Missing files after 5 seconds. This might be due to filesystem latency. If that is the case, consider to increase the wait time with --latency-wait:
../01_pgls_results/MA2200.1/pgls5_castes.csv (missing locally, parent dir contents: pgls3_cocoon.csv, logs)
Removing output files of failed job pgls_phenotypes since they might be corrupted:
../01_pgls_results/MA2200.1/pgls3_cocoon.csv
Shutting down, this might take some time.
Exiting because a job execution failed. Look below for error messages
[Mon Jun 22 12:51:48 2026]
Error in rule pgls_phenotypes:
    message: None
    jobid: 179
    input: tree_rooted.nwk, updated_dataset.tsv, ../../03_tf_research/05_aggregate/02_totalscore/totalscore_MA2200.1.tsv
    output: ../01_pgls_results/MA2200.1/pgls5_castes.csv, ../01_pgls_results/MA2200.1/pgls3_cocoon.csv
    log: ../01_pgls_results/MA2200.1/logs/pgls_phenotypes.log (check log file(s) for error details)
    shell:
        OMP_NUM_THREADS=1 OPENBLAS_NUM_THREADS=1 MKL_NUM_THREADS=1 Rscript pgls_phenothypes.R tree_rooted.nwk updated_dataset.tsv ../../03_tf_research/05_aggregate/02_totalscore/totalscore_MA2200.1.tsv 40 ../01_pgls_results/MA2200.1/pgls5_castes.csv ../01_pgls_results/MA2200.1/pgls3_cocoon.csv
        (command exited with non-zero exit code)
Complete log(s): /DATASMALL/samuel.pederzini/TF-Formicidae/04_pgls_analysis/00_instruction/.snakemake/log/2026-06-22T124343.808134.snakemake.log
WorkflowError:
At least one job did not complete successfully.
